<?xml version="1.0" encoding="UTF-8" ?>
<testsuite errors="0" failures="0" hostname="PJs-MacBook-Pro.local" name="com.flatironschool.javacs.WikiPhilosophyTest" skipped="0" tests="1" time="1.711" timestamp="2016-05-13T16:13:34">
  <properties>
    <property name="java.vendor" value="Oracle Corporation" />
    <property name="env.VISUAL" value="subl -w" />
    <property name="sun.java.launcher" value="SUN_STANDARD" />
    <property name="env.XPC_SERVICE_NAME" value="0" />
    <property name="sun.management.compiler" value="HotSpot 64-Bit Tiered Compilers" />
    <property name="env._system_arch" value="x86_64" />
    <property name="env.GEM_HOME" value="/Users/pj/.rvm/gems/ruby-2.2.3" />
    <property name="os.name" value="Mac OS X" />
    <property name="sun.boot.class.path" value="/Library/Java/JavaVirtualMachines/jdk1.8.0_74.jdk/Contents/Home/jre/lib/resources.jar:/Library/Java/JavaVirtualMachines/jdk1.8.0_74.jdk/Contents/Home/jre/lib/rt.jar:/Library/Java/JavaVirtualMachines/jdk1.8.0_74.jdk/Contents/Home/jre/lib/sunrsasign.jar:/Library/Java/JavaVirtualMachines/jdk1.8.0_74.jdk/Contents/Home/jre/lib/jsse.jar:/Library/Java/JavaVirtualMachines/jdk1.8.0_74.jdk/Contents/Home/jre/lib/jce.jar:/Library/Java/JavaVirtualMachines/jdk1.8.0_74.jdk/Contents/Home/jre/lib/charsets.jar:/Library/Java/JavaVirtualMachines/jdk1.8.0_74.jdk/Contents/Home/jre/lib/jfr.jar:/Library/Java/JavaVirtualMachines/jdk1.8.0_74.jdk/Contents/Home/jre/classes" />
    <property name="env.TMPDIR" value="/var/folders/h9/l5_y1f9d29jd_37c76nrzphm0000gn/T/" />
    <property name="env.PWD" value="/Users/pj/Development/code/cs-wikipedia-philosophy-lab-codeU" />
    <property name="env.LANG" value="en_US.UTF-8" />
    <property name="java.vm.specification.vendor" value="Oracle Corporation" />
    <property name="ant.home" value="/usr/local/Cellar/ant/1.9.6/libexec" />
    <property name="java.runtime.version" value="1.8.0_74-b02" />
    <property name="env.MY_RUBY_HOME" value="/Users/pj/.rvm/rubies/ruby-2.2.3" />
    <property name="env.Apple_PubSub_Socket_Render" value="/private/tmp/com.apple.launchd.Q1i4qD6nOw/Render" />
    <property name="env.rvm_version" value="1.27.0 (master)" />
    <property name="user.name" value="pj" />
    <property name="env.USER" value="pj" />
    <property name="env.SHELL" value="/bin/bash" />
    <property name="env.__CF_USER_TEXT_ENCODING" value="0x1F5:0x0:0x0" />
    <property name="env.NODE_PATH" value="/usr/local/lib/node_modules:/usr/local/lib/node_modules:" />
    <property name="env._system_type" value="Darwin" />
    <property name="env.PATH" value="/Users/pj/.rvm/gems/ruby-2.2.3/bin:/Users/pj/.rvm/gems/ruby-2.2.3@global/bin:/Users/pj/.rvm/rubies/ruby-2.2.3/bin:/Applications/Postgres.app/Contents/Versions/9.4/bin:/usr/local:/usr/local/bin:/usr/local/sbin:/usr/bin:/usr/local/bin:/usr/bin:/bin:/usr/sbin:/sbin:/usr/local/git/bin:/Users/pj/.rvm/gems/ruby-2.2.3/bin:/Users/pj/.rvm/gems/ruby-2.2.3@global/bin:/Users/pj/.rvm/rubies/ruby-2.2.3/bin:/Applications/Postgres.app/Contents/Versions/9.4/bin:/usr/local:/usr/local/sbin:/Users/pj/.rvm/bin" />
    <property name="user.language" value="en" />
    <property name="env.BUNDLE_ORIG_GEM_PATH" value="/Users/pj/.rvm/gems/ruby-2.2.3:/Users/pj/.rvm/gems/ruby-2.2.3@global" />
    <property name="env.rvm_prefix" value="/Users/pj" />
    <property name="sun.boot.library.path" value="/Library/Java/JavaVirtualMachines/jdk1.8.0_74.jdk/Contents/Home/jre/lib" />
    <property name="ant.project.default-target" value="build" />
    <property name="env.XPC_FLAGS" value="0x0" />
    <property name="ant.project.name" value="JavaCS" />
    <property name="env.rvm_path" value="/Users/pj/.rvm" />
    <property name="env.RUBY_VERSION" value="ruby-2.2.3" />
    <property name="java.version" value="1.8.0_74" />
    <property name="user.timezone" value="" />
    <property name="sun.arch.data.model" value="64" />
    <property name="env._system_name" value="OSX" />
    <property name="http.nonProxyHosts" value="local|*.local|169.254/16|*.169.254/16" />
    <property name="java.endorsed.dirs" value="/Library/Java/JavaVirtualMachines/jdk1.8.0_74.jdk/Contents/Home/jre/lib/endorsed" />
    <property name="sun.cpu.isalist" value="" />
    <property name="sun.jnu.encoding" value="UTF-8" />
    <property name="env.GIT_MERGE_AUTOEDIT" value="no" />
    <property name="env.rvm_bin_path" value="/Users/pj/.rvm/bin" />
    <property name="file.encoding.pkg" value="sun.io" />
    <property name="env.SHLVL" value="4" />
    <property name="file.separator" value="/" />
    <property name="env._system_version" value="10.11" />
    <property name="java.specification.name" value="Java Platform API Specification" />
    <property name="java.class.version" value="52.0" />
    <property name="env.BUNDLE_ORIG_PATH" value="/Users/pj/.rvm/gems/ruby-2.2.3/bin:/Users/pj/.rvm/gems/ruby-2.2.3@global/bin:/Users/pj/.rvm/rubies/ruby-2.2.3/bin:/Applications/Postgres.app/Contents/Versions/9.4/bin:/usr/local:/usr/local/bin:/usr/local/sbin:/usr/bin:/usr/local/bin:/usr/bin:/bin:/usr/sbin:/sbin:/usr/local/git/bin:/Users/pj/.rvm/bin" />
    <property name="user.country" value="US" />
    <property name="ant.file.JavaCS" value="/Users/pj/Development/code/cs-wikipedia-philosophy-lab-codeU/javacs-lab05/build.xml" />
    <property name="java.home" value="/Library/Java/JavaVirtualMachines/jdk1.8.0_74.jdk/Contents/Home/jre" />
    <property name="java.vm.info" value="mixed mode" />
    <property name="env.LOGNAME" value="pj" />
    <property name="ant.file" value="/Users/pj/Development/code/cs-wikipedia-philosophy-lab-codeU/javacs-lab05/build.xml" />
    <property name="os.version" value="10.11.4" />
    <property name="env.TERM_PROGRAM_VERSION" value="361.1" />
    <property name="path.separator" value=":" />
    <property name="java.vm.version" value="25.74-b02" />
    <property name="ant.library.dir" value="/usr/local/Cellar/ant/1.9.6/libexec/lib" />
    <property name="junit.output.dir" value="junit" />
    <property name="env.IRBRC" value="/Users/pj/.rvm/rubies/ruby-2.2.3/.irbrc" />
    <property name="java.awt.printerjob" value="sun.lwawt.macosx.CPrinterJob" />
    <property name="env.TERM" value="xterm-256color" />
    <property name="sun.io.unicode.encoding" value="UnicodeBig" />
    <property name="awt.toolkit" value="sun.lwawt.macosx.LWCToolkit" />
    <property name="socksNonProxyHosts" value="local|*.local|169.254/16|*.169.254/16" />
    <property name="env.JAVA_MAIN_CLASS_35558" value="org.apache.tools.ant.launch.Launcher" />
    <property name="ftp.nonProxyHosts" value="local|*.local|169.254/16|*.169.254/16" />
    <property name="env.GEM_PATH" value="/Users/pj/.rvm/gems/ruby-2.2.3:/Users/pj/.rvm/gems/ruby-2.2.3@global" />
    <property name="target" value="1.7" />
    <property name="user.home" value="/Users/pj" />
    <property name="java.specification.vendor" value="Oracle Corporation" />
    <property name="env.TERM_PROGRAM" value="Apple_Terminal" />
    <property name="java.vendor.url" value="http://java.oracle.com/" />
    <property name="java.library.path" value="/Users/pj/Library/Java/Extensions:/Library/Java/Extensions:/Network/Library/Java/Extensions:/System/Library/Java/Extensions:/usr/lib/java:." />
    <property name="env.SVN_EDITOR" value="subl -w" />
    <property name="java.vm.vendor" value="Oracle Corporation" />
    <property name="gopherProxySet" value="false" />
    <property name="java.runtime.name" value="Java(TM) SE Runtime Environment" />
    <property name="java.class.path" value="/Users/pj/Development/code/cs-wikipedia-philosophy-lab-codeU/javacs-lab05/bin:/Users/pj/Development/code/cs-wikipedia-philosophy-lab-codeU/javacs-lab05/lib/jsoup-1.8.3.jar:/Users/pj/Development/code/cs-wikipedia-philosophy-lab-codeU/javacs-lab05/lib/junit-4.12.jar:/Users/pj/Development/code/cs-wikipedia-philosophy-lab-codeU/javacs-lab05/lib/hamcrest-core-1.3.jar:/usr/local/Cellar/ant/1.9.6/libexec/lib/ant-launcher.jar:/usr/local/Cellar/ant/1.9.6/libexec/lib/ant.jar:/usr/local/Cellar/ant/1.9.6/libexec/lib/ant-junit.jar:/usr/local/Cellar/ant/1.9.6/libexec/lib/ant-junit4.jar" />
    <property name="ant.version" value="Apache Ant(TM) version 1.9.6 compiled on June 29 2015" />
    <property name="sun.java.command" value="org.apache.tools.ant.taskdefs.optional.junit.JUnitTestRunner com.flatironschool.javacs.WikiPhilosophyTest skipNonTests=false filtertrace=true haltOnError=false haltOnFailure=false formatter=org.apache.tools.ant.taskdefs.optional.junit.OutErrSummaryJUnitResultFormatter showoutput=false outputtoformatters=true logfailedtests=true threadid=0 logtestlistenerevents=false formatter=org.apache.tools.ant.taskdefs.optional.junit.XMLJUnitResultFormatter,/Users/pj/Development/code/cs-wikipedia-philosophy-lab-codeU/javacs-lab05/junit/TEST-com.flatironschool.javacs.WikiPhilosophyTest.xml formatter=org.apache.tools.ant.taskdefs.optional.junit.PlainJUnitResultFormatter crashfile=/Users/pj/Development/code/cs-wikipedia-philosophy-lab-codeU/javacs-lab05/junitvmwatcher761169137733646685.properties propsfile=/Users/pj/Development/code/cs-wikipedia-philosophy-lab-codeU/javacs-lab05/junit8953789442036725922.properties" />
    <property name="env.TERM_SESSION_ID" value="0F8FBFF2-A820-4A9D-987E-790EBAEA1EC4" />
    <property name="env.USR_PATHS" value="/usr/local:/usr/local/bin:/usr/local/sbin:/usr/bin" />
    <property name="ant.file.type.JavaCS" value="file" />
    <property name="java.vm.specification.name" value="Java Virtual Machine Specification" />
    <property name="ant.file.type" value="file" />
    <property name="java.vm.specification.version" value="1.8" />
    <property name="sun.cpu.endian" value="little" />
    <property name="sun.os.patch.level" value="unknown" />
    <property name="env.HOME" value="/Users/pj" />
    <property name="debuglevel" value="source,lines,vars" />
    <property name="java.io.tmpdir" value="/var/folders/h9/l5_y1f9d29jd_37c76nrzphm0000gn/T/" />
    <property name="java.vendor.url.bug" value="http://bugreport.sun.com/bugreport/" />
    <property name="env.SSH_AUTH_SOCK" value="/private/tmp/com.apple.launchd.gibcbSKuOy/Listeners" />
    <property name="java.awt.graphicsenv" value="sun.awt.CGraphicsEnvironment" />
    <property name="os.arch" value="x86_64" />
    <property name="java.ext.dirs" value="/Users/pj/Library/Java/Extensions:/Library/Java/JavaVirtualMachines/jdk1.8.0_74.jdk/Contents/Home/jre/lib/ext:/Library/Java/Extensions:/Network/Library/Java/Extensions:/System/Library/Java/Extensions:/usr/lib/java" />
    <property name="user.dir" value="/Users/pj/Development/code/cs-wikipedia-philosophy-lab-codeU" />
    <property name="line.separator" value="&#xa;" />
    <property name="java.vm.name" value="Java HotSpot(TM) 64-Bit Server VM" />
    <property name="env.EDITOR" value="subl -w" />
    <property name="basedir" value="/Users/pj/Development/code/cs-wikipedia-philosophy-lab-codeU/javacs-lab05" />
    <property name="ant.java.version" value="1.8" />
    <property name="ant.core.lib" value="/usr/local/Cellar/ant/1.9.6/libexec/lib/ant.jar" />
    <property name="source" value="1.7" />
    <property name="file.encoding" value="UTF-8" />
    <property name="env.GIT_EDITOR" value="subl -w" />
    <property name="java.specification.version" value="1.8" />
    <property name="ant.project.invoked-targets" value="test" />
    <property name="env.FLATIRON_VERSION" value="1.1.1" />
  </properties>
  <testcase classname="com.flatironschool.javacs.WikiPhilosophyTest" name="testMain" time="1.233" />
  <system-out><![CDATA[<p><b>Java</b> is a general-purpose <a href="/wiki/Programming_language" title="Programming language">computer programming language</a> that is <a href="/wiki/Concurrent_computing" title="Concurrent computing">concurrent</a>, <a href="/wiki/Class-based_programming" title="Class-based programming">class-based</a>, <a href="/wiki/Object-oriented_programming" title="Object-oriented programming">object-oriented</a>,<sup id="cite_ref-FOOTNOTEGoslingJoySteeleBracha20141_13-0" class="reference"><a href="#cite_note-FOOTNOTEGoslingJoySteeleBracha20141-13">[13]</a></sup> and specifically designed to have as few implementation dependencies as possible. It is intended to let application developers "<a href="/wiki/Write_once,_run_anywhere" title="Write once, run anywhere">write once, run anywhere</a>" (WORA),<sup id="cite_ref-14" class="reference"><a href="#cite_note-14">[14]</a></sup> meaning that <a href="/wiki/Compiler" title="Compiler">compiled</a> Java code can run on all platforms that support Java without the need for recompilation.<sup id="cite_ref-design_goals_15-0" class="reference"><a href="#cite_note-design_goals-15">[15]</a></sup> Java applications are typically compiled to <a href="/wiki/Java_bytecode" title="Java bytecode">bytecode</a> that can run on any <a href="/wiki/Java_virtual_machine" title="Java virtual machine">Java virtual machine</a> (JVM) regardless of <a href="/wiki/Computer_architecture" title="Computer architecture">computer architecture</a>. As of 2016, Java is one of the most <a href="/wiki/Measuring_programming_language_popularity" title="Measuring programming language popularity">popular programming languages in use</a>,<sup id="cite_ref-16" class="reference"><a href="#cite_note-16">[16]</a></sup><sup id="cite_ref-17" class="reference"><a href="#cite_note-17">[17]</a></sup><sup id="cite_ref-languagepopularity2013_18-0" class="reference"><a href="#cite_note-languagepopularity2013-18">[18]</a></sup><sup id="cite_ref-19" class="reference"><a href="#cite_note-19">[19]</a></sup> particularly for client-server web applications, with a reported 9 million developers.<sup class="noprint Inline-Template Template-Fact" style="white-space:nowrap;">[<i><a href="/wiki/Wikipedia:Citation_needed" title="Wikipedia:Citation needed"><span title="This claim needs references to reliable sources. (April 2015)">citation needed</span></a></i>]</sup> Java was originally developed by <a href="/wiki/James_Gosling" title="James Gosling">James Gosling</a> at <a href="/wiki/Sun_Microsystems" title="Sun Microsystems">Sun Microsystems</a> (which has since been <a href="/wiki/Sun_acquisition_by_Oracle" title="Sun acquisition by Oracle">acquired by Oracle Corporation</a>) and released in 1995 as a core component of Sun Microsystems' <a href="/wiki/Java_(software_platform)" title="Java (software platform)">Java platform</a>. The language derives much of its <a href="/wiki/Syntax_(programming_languages)" title="Syntax (programming languages)">syntax</a> from <a href="/wiki/C_(programming_language)" title="C (programming language)">C</a> and <a href="/wiki/C%2B%2B" title="C++">C++</a>, but it has fewer <a href="/wiki/Low-level_programming_language" title="Low-level programming language">low-level</a> facilities than either of them.</p>
<p><b>Java</b> is a general-purpose <a href="/wiki/Programming_language" title="Programming language">computer programming language</a> that is <a href="/wiki/Concurrent_computing" title="Concurrent computing">concurrent</a>, <a href="/wiki/Class-based_programming" title="Class-based programming">class-based</a>, <a href="/wiki/Object-oriented_programming" title="Object-oriented programming">object-oriented</a>,<sup id="cite_ref-FOOTNOTEGoslingJoySteeleBracha20141_13-0" class="reference"><a href="#cite_note-FOOTNOTEGoslingJoySteeleBracha20141-13">[13]</a></sup> and specifically designed to have as few implementation dependencies as possible. It is intended to let application developers "<a href="/wiki/Write_once,_run_anywhere" title="Write once, run anywhere">write once, run anywhere</a>" (WORA),<sup id="cite_ref-14" class="reference"><a href="#cite_note-14">[14]</a></sup> meaning that <a href="/wiki/Compiler" title="Compiler">compiled</a> Java code can run on all platforms that support Java without the need for recompilation.<sup id="cite_ref-design_goals_15-0" class="reference"><a href="#cite_note-design_goals-15">[15]</a></sup> Java applications are typically compiled to <a href="/wiki/Java_bytecode" title="Java bytecode">bytecode</a> that can run on any <a href="/wiki/Java_virtual_machine" title="Java virtual machine">Java virtual machine</a> (JVM) regardless of <a href="/wiki/Computer_architecture" title="Computer architecture">computer architecture</a>. As of 2016, Java is one of the most <a href="/wiki/Measuring_programming_language_popularity" title="Measuring programming language popularity">popular programming languages in use</a>,<sup id="cite_ref-16" class="reference"><a href="#cite_note-16">[16]</a></sup><sup id="cite_ref-17" class="reference"><a href="#cite_note-17">[17]</a></sup><sup id="cite_ref-languagepopularity2013_18-0" class="reference"><a href="#cite_note-languagepopularity2013-18">[18]</a></sup><sup id="cite_ref-19" class="reference"><a href="#cite_note-19">[19]</a></sup> particularly for client-server web applications, with a reported 9 million developers.<sup class="noprint Inline-Template Template-Fact" style="white-space:nowrap;">[<i><a href="/wiki/Wikipedia:Citation_needed" title="Wikipedia:Citation needed"><span title="This claim needs references to reliable sources. (April 2015)">citation needed</span></a></i>]</sup> Java was originally developed by <a href="/wiki/James_Gosling" title="James Gosling">James Gosling</a> at <a href="/wiki/Sun_Microsystems" title="Sun Microsystems">Sun Microsystems</a> (which has since been <a href="/wiki/Sun_acquisition_by_Oracle" title="Sun acquisition by Oracle">acquired by Oracle Corporation</a>) and released in 1995 as a core component of Sun Microsystems' <a href="/wiki/Java_(software_platform)" title="Java (software platform)">Java platform</a>. The language derives much of its <a href="/wiki/Syntax_(programming_languages)" title="Syntax (programming languages)">syntax</a> from <a href="/wiki/C_(programming_language)" title="C (programming language)">C</a> and <a href="/wiki/C%2B%2B" title="C++">C++</a>, but it has fewer <a href="/wiki/Low-level_programming_language" title="Low-level programming language">low-level</a> facilities than either of them.</p>
<p><b>Java</b> is a general-purpose <a href="/wiki/Programming_language" title="Programming language">computer programming language</a> that is <a href="/wiki/Concurrent_computing" title="Concurrent computing">concurrent</a>, <a href="/wiki/Class-based_programming" title="Class-based programming">class-based</a>, <a href="/wiki/Object-oriented_programming" title="Object-oriented programming">object-oriented</a>,<sup id="cite_ref-FOOTNOTEGoslingJoySteeleBracha20141_13-0" class="reference"><a href="#cite_note-FOOTNOTEGoslingJoySteeleBracha20141-13">[13]</a></sup> and specifically designed to have as few implementation dependencies as possible. It is intended to let application developers "<a href="/wiki/Write_once,_run_anywhere" title="Write once, run anywhere">write once, run anywhere</a>" (WORA),<sup id="cite_ref-14" class="reference"><a href="#cite_note-14">[14]</a></sup> meaning that <a href="/wiki/Compiler" title="Compiler">compiled</a> Java code can run on all platforms that support Java without the need for recompilation.<sup id="cite_ref-design_goals_15-0" class="reference"><a href="#cite_note-design_goals-15">[15]</a></sup> Java applications are typically compiled to <a href="/wiki/Java_bytecode" title="Java bytecode">bytecode</a> that can run on any <a href="/wiki/Java_virtual_machine" title="Java virtual machine">Java virtual machine</a> (JVM) regardless of <a href="/wiki/Computer_architecture" title="Computer architecture">computer architecture</a>. As of 2016, Java is one of the most <a href="/wiki/Measuring_programming_language_popularity" title="Measuring programming language popularity">popular programming languages in use</a>,<sup id="cite_ref-16" class="reference"><a href="#cite_note-16">[16]</a></sup><sup id="cite_ref-17" class="reference"><a href="#cite_note-17">[17]</a></sup><sup id="cite_ref-languagepopularity2013_18-0" class="reference"><a href="#cite_note-languagepopularity2013-18">[18]</a></sup><sup id="cite_ref-19" class="reference"><a href="#cite_note-19">[19]</a></sup> particularly for client-server web applications, with a reported 9 million developers.<sup class="noprint Inline-Template Template-Fact" style="white-space:nowrap;">[<i><a href="/wiki/Wikipedia:Citation_needed" title="Wikipedia:Citation needed"><span title="This claim needs references to reliable sources. (April 2015)">citation needed</span></a></i>]</sup> Java was originally developed by <a href="/wiki/James_Gosling" title="James Gosling">James Gosling</a> at <a href="/wiki/Sun_Microsystems" title="Sun Microsystems">Sun Microsystems</a> (which has since been <a href="/wiki/Sun_acquisition_by_Oracle" title="Sun acquisition by Oracle">acquired by Oracle Corporation</a>) and released in 1995 as a core component of Sun Microsystems' <a href="/wiki/Java_(software_platform)" title="Java (software platform)">Java platform</a>. The language derives much of its <a href="/wiki/Syntax_(programming_languages)" title="Syntax (programming languages)">syntax</a> from <a href="/wiki/C_(programming_language)" title="C (programming language)">C</a> and <a href="/wiki/C%2B%2B" title="C++">C++</a>, but it has fewer <a href="/wiki/Low-level_programming_language" title="Low-level programming language">low-level</a> facilities than either of them.</p>
<p><b>Java</b> is a general-purpose <a href="/wiki/Programming_language" title="Programming language">computer programming language</a> that is <a href="/wiki/Concurrent_computing" title="Concurrent computing">concurrent</a>, <a href="/wiki/Class-based_programming" title="Class-based programming">class-based</a>, <a href="/wiki/Object-oriented_programming" title="Object-oriented programming">object-oriented</a>,<sup id="cite_ref-FOOTNOTEGoslingJoySteeleBracha20141_13-0" class="reference"><a href="#cite_note-FOOTNOTEGoslingJoySteeleBracha20141-13">[13]</a></sup> and specifically designed to have as few implementation dependencies as possible. It is intended to let application developers "<a href="/wiki/Write_once,_run_anywhere" title="Write once, run anywhere">write once, run anywhere</a>" (WORA),<sup id="cite_ref-14" class="reference"><a href="#cite_note-14">[14]</a></sup> meaning that <a href="/wiki/Compiler" title="Compiler">compiled</a> Java code can run on all platforms that support Java without the need for recompilation.<sup id="cite_ref-design_goals_15-0" class="reference"><a href="#cite_note-design_goals-15">[15]</a></sup> Java applications are typically compiled to <a href="/wiki/Java_bytecode" title="Java bytecode">bytecode</a> that can run on any <a href="/wiki/Java_virtual_machine" title="Java virtual machine">Java virtual machine</a> (JVM) regardless of <a href="/wiki/Computer_architecture" title="Computer architecture">computer architecture</a>. As of 2016, Java is one of the most <a href="/wiki/Measuring_programming_language_popularity" title="Measuring programming language popularity">popular programming languages in use</a>,<sup id="cite_ref-16" class="reference"><a href="#cite_note-16">[16]</a></sup><sup id="cite_ref-17" class="reference"><a href="#cite_note-17">[17]</a></sup><sup id="cite_ref-languagepopularity2013_18-0" class="reference"><a href="#cite_note-languagepopularity2013-18">[18]</a></sup><sup id="cite_ref-19" class="reference"><a href="#cite_note-19">[19]</a></sup> particularly for client-server web applications, with a reported 9 million developers.<sup class="noprint Inline-Template Template-Fact" style="white-space:nowrap;">[<i><a href="/wiki/Wikipedia:Citation_needed" title="Wikipedia:Citation needed"><span title="This claim needs references to reliable sources. (April 2015)">citation needed</span></a></i>]</sup> Java was originally developed by <a href="/wiki/James_Gosling" title="James Gosling">James Gosling</a> at <a href="/wiki/Sun_Microsystems" title="Sun Microsystems">Sun Microsystems</a> (which has since been <a href="/wiki/Sun_acquisition_by_Oracle" title="Sun acquisition by Oracle">acquired by Oracle Corporation</a>) and released in 1995 as a core component of Sun Microsystems' <a href="/wiki/Java_(software_platform)" title="Java (software platform)">Java platform</a>. The language derives much of its <a href="/wiki/Syntax_(programming_languages)" title="Syntax (programming languages)">syntax</a> from <a href="/wiki/C_(programming_language)" title="C (programming language)">C</a> and <a href="/wiki/C%2B%2B" title="C++">C++</a>, but it has fewer <a href="/wiki/Low-level_programming_language" title="Low-level programming language">low-level</a> facilities than either of them.</p>
<sup id="cite_ref-FOOTNOTEGoslingJoySteeleBracha20141_13-0" class="reference"><a href="#cite_note-FOOTNOTEGoslingJoySteeleBracha20141-13">[13]</a></sup>
<p><b>Java</b> is a general-purpose <a href="/wiki/Programming_language" title="Programming language">computer programming language</a> that is <a href="/wiki/Concurrent_computing" title="Concurrent computing">concurrent</a>, <a href="/wiki/Class-based_programming" title="Class-based programming">class-based</a>, <a href="/wiki/Object-oriented_programming" title="Object-oriented programming">object-oriented</a>,<sup id="cite_ref-FOOTNOTEGoslingJoySteeleBracha20141_13-0" class="reference"><a href="#cite_note-FOOTNOTEGoslingJoySteeleBracha20141-13">[13]</a></sup> and specifically designed to have as few implementation dependencies as possible. It is intended to let application developers "<a href="/wiki/Write_once,_run_anywhere" title="Write once, run anywhere">write once, run anywhere</a>" (WORA),<sup id="cite_ref-14" class="reference"><a href="#cite_note-14">[14]</a></sup> meaning that <a href="/wiki/Compiler" title="Compiler">compiled</a> Java code can run on all platforms that support Java without the need for recompilation.<sup id="cite_ref-design_goals_15-0" class="reference"><a href="#cite_note-design_goals-15">[15]</a></sup> Java applications are typically compiled to <a href="/wiki/Java_bytecode" title="Java bytecode">bytecode</a> that can run on any <a href="/wiki/Java_virtual_machine" title="Java virtual machine">Java virtual machine</a> (JVM) regardless of <a href="/wiki/Computer_architecture" title="Computer architecture">computer architecture</a>. As of 2016, Java is one of the most <a href="/wiki/Measuring_programming_language_popularity" title="Measuring programming language popularity">popular programming languages in use</a>,<sup id="cite_ref-16" class="reference"><a href="#cite_note-16">[16]</a></sup><sup id="cite_ref-17" class="reference"><a href="#cite_note-17">[17]</a></sup><sup id="cite_ref-languagepopularity2013_18-0" class="reference"><a href="#cite_note-languagepopularity2013-18">[18]</a></sup><sup id="cite_ref-19" class="reference"><a href="#cite_note-19">[19]</a></sup> particularly for client-server web applications, with a reported 9 million developers.<sup class="noprint Inline-Template Template-Fact" style="white-space:nowrap;">[<i><a href="/wiki/Wikipedia:Citation_needed" title="Wikipedia:Citation needed"><span title="This claim needs references to reliable sources. (April 2015)">citation needed</span></a></i>]</sup> Java was originally developed by <a href="/wiki/James_Gosling" title="James Gosling">James Gosling</a> at <a href="/wiki/Sun_Microsystems" title="Sun Microsystems">Sun Microsystems</a> (which has since been <a href="/wiki/Sun_acquisition_by_Oracle" title="Sun acquisition by Oracle">acquired by Oracle Corporation</a>) and released in 1995 as a core component of Sun Microsystems' <a href="/wiki/Java_(software_platform)" title="Java (software platform)">Java platform</a>. The language derives much of its <a href="/wiki/Syntax_(programming_languages)" title="Syntax (programming languages)">syntax</a> from <a href="/wiki/C_(programming_language)" title="C (programming language)">C</a> and <a href="/wiki/C%2B%2B" title="C++">C++</a>, but it has fewer <a href="/wiki/Low-level_programming_language" title="Low-level programming language">low-level</a> facilities than either of them.</p>
<sup id="cite_ref-14" class="reference"><a href="#cite_note-14">[14]</a></sup>
<p><b>Java</b> is a general-purpose <a href="/wiki/Programming_language" title="Programming language">computer programming language</a> that is <a href="/wiki/Concurrent_computing" title="Concurrent computing">concurrent</a>, <a href="/wiki/Class-based_programming" title="Class-based programming">class-based</a>, <a href="/wiki/Object-oriented_programming" title="Object-oriented programming">object-oriented</a>,<sup id="cite_ref-FOOTNOTEGoslingJoySteeleBracha20141_13-0" class="reference"><a href="#cite_note-FOOTNOTEGoslingJoySteeleBracha20141-13">[13]</a></sup> and specifically designed to have as few implementation dependencies as possible. It is intended to let application developers "<a href="/wiki/Write_once,_run_anywhere" title="Write once, run anywhere">write once, run anywhere</a>" (WORA),<sup id="cite_ref-14" class="reference"><a href="#cite_note-14">[14]</a></sup> meaning that <a href="/wiki/Compiler" title="Compiler">compiled</a> Java code can run on all platforms that support Java without the need for recompilation.<sup id="cite_ref-design_goals_15-0" class="reference"><a href="#cite_note-design_goals-15">[15]</a></sup> Java applications are typically compiled to <a href="/wiki/Java_bytecode" title="Java bytecode">bytecode</a> that can run on any <a href="/wiki/Java_virtual_machine" title="Java virtual machine">Java virtual machine</a> (JVM) regardless of <a href="/wiki/Computer_architecture" title="Computer architecture">computer architecture</a>. As of 2016, Java is one of the most <a href="/wiki/Measuring_programming_language_popularity" title="Measuring programming language popularity">popular programming languages in use</a>,<sup id="cite_ref-16" class="reference"><a href="#cite_note-16">[16]</a></sup><sup id="cite_ref-17" class="reference"><a href="#cite_note-17">[17]</a></sup><sup id="cite_ref-languagepopularity2013_18-0" class="reference"><a href="#cite_note-languagepopularity2013-18">[18]</a></sup><sup id="cite_ref-19" class="reference"><a href="#cite_note-19">[19]</a></sup> particularly for client-server web applications, with a reported 9 million developers.<sup class="noprint Inline-Template Template-Fact" style="white-space:nowrap;">[<i><a href="/wiki/Wikipedia:Citation_needed" title="Wikipedia:Citation needed"><span title="This claim needs references to reliable sources. (April 2015)">citation needed</span></a></i>]</sup> Java was originally developed by <a href="/wiki/James_Gosling" title="James Gosling">James Gosling</a> at <a href="/wiki/Sun_Microsystems" title="Sun Microsystems">Sun Microsystems</a> (which has since been <a href="/wiki/Sun_acquisition_by_Oracle" title="Sun acquisition by Oracle">acquired by Oracle Corporation</a>) and released in 1995 as a core component of Sun Microsystems' <a href="/wiki/Java_(software_platform)" title="Java (software platform)">Java platform</a>. The language derives much of its <a href="/wiki/Syntax_(programming_languages)" title="Syntax (programming languages)">syntax</a> from <a href="/wiki/C_(programming_language)" title="C (programming language)">C</a> and <a href="/wiki/C%2B%2B" title="C++">C++</a>, but it has fewer <a href="/wiki/Low-level_programming_language" title="Low-level programming language">low-level</a> facilities than either of them.</p>
<sup id="cite_ref-design_goals_15-0" class="reference"><a href="#cite_note-design_goals-15">[15]</a></sup>
<p><b>Java</b> is a general-purpose <a href="/wiki/Programming_language" title="Programming language">computer programming language</a> that is <a href="/wiki/Concurrent_computing" title="Concurrent computing">concurrent</a>, <a href="/wiki/Class-based_programming" title="Class-based programming">class-based</a>, <a href="/wiki/Object-oriented_programming" title="Object-oriented programming">object-oriented</a>,<sup id="cite_ref-FOOTNOTEGoslingJoySteeleBracha20141_13-0" class="reference"><a href="#cite_note-FOOTNOTEGoslingJoySteeleBracha20141-13">[13]</a></sup> and specifically designed to have as few implementation dependencies as possible. It is intended to let application developers "<a href="/wiki/Write_once,_run_anywhere" title="Write once, run anywhere">write once, run anywhere</a>" (WORA),<sup id="cite_ref-14" class="reference"><a href="#cite_note-14">[14]</a></sup> meaning that <a href="/wiki/Compiler" title="Compiler">compiled</a> Java code can run on all platforms that support Java without the need for recompilation.<sup id="cite_ref-design_goals_15-0" class="reference"><a href="#cite_note-design_goals-15">[15]</a></sup> Java applications are typically compiled to <a href="/wiki/Java_bytecode" title="Java bytecode">bytecode</a> that can run on any <a href="/wiki/Java_virtual_machine" title="Java virtual machine">Java virtual machine</a> (JVM) regardless of <a href="/wiki/Computer_architecture" title="Computer architecture">computer architecture</a>. As of 2016, Java is one of the most <a href="/wiki/Measuring_programming_language_popularity" title="Measuring programming language popularity">popular programming languages in use</a>,<sup id="cite_ref-16" class="reference"><a href="#cite_note-16">[16]</a></sup><sup id="cite_ref-17" class="reference"><a href="#cite_note-17">[17]</a></sup><sup id="cite_ref-languagepopularity2013_18-0" class="reference"><a href="#cite_note-languagepopularity2013-18">[18]</a></sup><sup id="cite_ref-19" class="reference"><a href="#cite_note-19">[19]</a></sup> particularly for client-server web applications, with a reported 9 million developers.<sup class="noprint Inline-Template Template-Fact" style="white-space:nowrap;">[<i><a href="/wiki/Wikipedia:Citation_needed" title="Wikipedia:Citation needed"><span title="This claim needs references to reliable sources. (April 2015)">citation needed</span></a></i>]</sup> Java was originally developed by <a href="/wiki/James_Gosling" title="James Gosling">James Gosling</a> at <a href="/wiki/Sun_Microsystems" title="Sun Microsystems">Sun Microsystems</a> (which has since been <a href="/wiki/Sun_acquisition_by_Oracle" title="Sun acquisition by Oracle">acquired by Oracle Corporation</a>) and released in 1995 as a core component of Sun Microsystems' <a href="/wiki/Java_(software_platform)" title="Java (software platform)">Java platform</a>. The language derives much of its <a href="/wiki/Syntax_(programming_languages)" title="Syntax (programming languages)">syntax</a> from <a href="/wiki/C_(programming_language)" title="C (programming language)">C</a> and <a href="/wiki/C%2B%2B" title="C++">C++</a>, but it has fewer <a href="/wiki/Low-level_programming_language" title="Low-level programming language">low-level</a> facilities than either of them.</p>
<p><b>Java</b> is a general-purpose <a href="/wiki/Programming_language" title="Programming language">computer programming language</a> that is <a href="/wiki/Concurrent_computing" title="Concurrent computing">concurrent</a>, <a href="/wiki/Class-based_programming" title="Class-based programming">class-based</a>, <a href="/wiki/Object-oriented_programming" title="Object-oriented programming">object-oriented</a>,<sup id="cite_ref-FOOTNOTEGoslingJoySteeleBracha20141_13-0" class="reference"><a href="#cite_note-FOOTNOTEGoslingJoySteeleBracha20141-13">[13]</a></sup> and specifically designed to have as few implementation dependencies as possible. It is intended to let application developers "<a href="/wiki/Write_once,_run_anywhere" title="Write once, run anywhere">write once, run anywhere</a>" (WORA),<sup id="cite_ref-14" class="reference"><a href="#cite_note-14">[14]</a></sup> meaning that <a href="/wiki/Compiler" title="Compiler">compiled</a> Java code can run on all platforms that support Java without the need for recompilation.<sup id="cite_ref-design_goals_15-0" class="reference"><a href="#cite_note-design_goals-15">[15]</a></sup> Java applications are typically compiled to <a href="/wiki/Java_bytecode" title="Java bytecode">bytecode</a> that can run on any <a href="/wiki/Java_virtual_machine" title="Java virtual machine">Java virtual machine</a> (JVM) regardless of <a href="/wiki/Computer_architecture" title="Computer architecture">computer architecture</a>. As of 2016, Java is one of the most <a href="/wiki/Measuring_programming_language_popularity" title="Measuring programming language popularity">popular programming languages in use</a>,<sup id="cite_ref-16" class="reference"><a href="#cite_note-16">[16]</a></sup><sup id="cite_ref-17" class="reference"><a href="#cite_note-17">[17]</a></sup><sup id="cite_ref-languagepopularity2013_18-0" class="reference"><a href="#cite_note-languagepopularity2013-18">[18]</a></sup><sup id="cite_ref-19" class="reference"><a href="#cite_note-19">[19]</a></sup> particularly for client-server web applications, with a reported 9 million developers.<sup class="noprint Inline-Template Template-Fact" style="white-space:nowrap;">[<i><a href="/wiki/Wikipedia:Citation_needed" title="Wikipedia:Citation needed"><span title="This claim needs references to reliable sources. (April 2015)">citation needed</span></a></i>]</sup> Java was originally developed by <a href="/wiki/James_Gosling" title="James Gosling">James Gosling</a> at <a href="/wiki/Sun_Microsystems" title="Sun Microsystems">Sun Microsystems</a> (which has since been <a href="/wiki/Sun_acquisition_by_Oracle" title="Sun acquisition by Oracle">acquired by Oracle Corporation</a>) and released in 1995 as a core component of Sun Microsystems' <a href="/wiki/Java_(software_platform)" title="Java (software platform)">Java platform</a>. The language derives much of its <a href="/wiki/Syntax_(programming_languages)" title="Syntax (programming languages)">syntax</a> from <a href="/wiki/C_(programming_language)" title="C (programming language)">C</a> and <a href="/wiki/C%2B%2B" title="C++">C++</a>, but it has fewer <a href="/wiki/Low-level_programming_language" title="Low-level programming language">low-level</a> facilities than either of them.</p>
<p><b>Java</b> is a general-purpose <a href="/wiki/Programming_language" title="Programming language">computer programming language</a> that is <a href="/wiki/Concurrent_computing" title="Concurrent computing">concurrent</a>, <a href="/wiki/Class-based_programming" title="Class-based programming">class-based</a>, <a href="/wiki/Object-oriented_programming" title="Object-oriented programming">object-oriented</a>,<sup id="cite_ref-FOOTNOTEGoslingJoySteeleBracha20141_13-0" class="reference"><a href="#cite_note-FOOTNOTEGoslingJoySteeleBracha20141-13">[13]</a></sup> and specifically designed to have as few implementation dependencies as possible. It is intended to let application developers "<a href="/wiki/Write_once,_run_anywhere" title="Write once, run anywhere">write once, run anywhere</a>" (WORA),<sup id="cite_ref-14" class="reference"><a href="#cite_note-14">[14]</a></sup> meaning that <a href="/wiki/Compiler" title="Compiler">compiled</a> Java code can run on all platforms that support Java without the need for recompilation.<sup id="cite_ref-design_goals_15-0" class="reference"><a href="#cite_note-design_goals-15">[15]</a></sup> Java applications are typically compiled to <a href="/wiki/Java_bytecode" title="Java bytecode">bytecode</a> that can run on any <a href="/wiki/Java_virtual_machine" title="Java virtual machine">Java virtual machine</a> (JVM) regardless of <a href="/wiki/Computer_architecture" title="Computer architecture">computer architecture</a>. As of 2016, Java is one of the most <a href="/wiki/Measuring_programming_language_popularity" title="Measuring programming language popularity">popular programming languages in use</a>,<sup id="cite_ref-16" class="reference"><a href="#cite_note-16">[16]</a></sup><sup id="cite_ref-17" class="reference"><a href="#cite_note-17">[17]</a></sup><sup id="cite_ref-languagepopularity2013_18-0" class="reference"><a href="#cite_note-languagepopularity2013-18">[18]</a></sup><sup id="cite_ref-19" class="reference"><a href="#cite_note-19">[19]</a></sup> particularly for client-server web applications, with a reported 9 million developers.<sup class="noprint Inline-Template Template-Fact" style="white-space:nowrap;">[<i><a href="/wiki/Wikipedia:Citation_needed" title="Wikipedia:Citation needed"><span title="This claim needs references to reliable sources. (April 2015)">citation needed</span></a></i>]</sup> Java was originally developed by <a href="/wiki/James_Gosling" title="James Gosling">James Gosling</a> at <a href="/wiki/Sun_Microsystems" title="Sun Microsystems">Sun Microsystems</a> (which has since been <a href="/wiki/Sun_acquisition_by_Oracle" title="Sun acquisition by Oracle">acquired by Oracle Corporation</a>) and released in 1995 as a core component of Sun Microsystems' <a href="/wiki/Java_(software_platform)" title="Java (software platform)">Java platform</a>. The language derives much of its <a href="/wiki/Syntax_(programming_languages)" title="Syntax (programming languages)">syntax</a> from <a href="/wiki/C_(programming_language)" title="C (programming language)">C</a> and <a href="/wiki/C%2B%2B" title="C++">C++</a>, but it has fewer <a href="/wiki/Low-level_programming_language" title="Low-level programming language">low-level</a> facilities than either of them.</p>
<p><b>Java</b> is a general-purpose <a href="/wiki/Programming_language" title="Programming language">computer programming language</a> that is <a href="/wiki/Concurrent_computing" title="Concurrent computing">concurrent</a>, <a href="/wiki/Class-based_programming" title="Class-based programming">class-based</a>, <a href="/wiki/Object-oriented_programming" title="Object-oriented programming">object-oriented</a>,<sup id="cite_ref-FOOTNOTEGoslingJoySteeleBracha20141_13-0" class="reference"><a href="#cite_note-FOOTNOTEGoslingJoySteeleBracha20141-13">[13]</a></sup> and specifically designed to have as few implementation dependencies as possible. It is intended to let application developers "<a href="/wiki/Write_once,_run_anywhere" title="Write once, run anywhere">write once, run anywhere</a>" (WORA),<sup id="cite_ref-14" class="reference"><a href="#cite_note-14">[14]</a></sup> meaning that <a href="/wiki/Compiler" title="Compiler">compiled</a> Java code can run on all platforms that support Java without the need for recompilation.<sup id="cite_ref-design_goals_15-0" class="reference"><a href="#cite_note-design_goals-15">[15]</a></sup> Java applications are typically compiled to <a href="/wiki/Java_bytecode" title="Java bytecode">bytecode</a> that can run on any <a href="/wiki/Java_virtual_machine" title="Java virtual machine">Java virtual machine</a> (JVM) regardless of <a href="/wiki/Computer_architecture" title="Computer architecture">computer architecture</a>. As of 2016, Java is one of the most <a href="/wiki/Measuring_programming_language_popularity" title="Measuring programming language popularity">popular programming languages in use</a>,<sup id="cite_ref-16" class="reference"><a href="#cite_note-16">[16]</a></sup><sup id="cite_ref-17" class="reference"><a href="#cite_note-17">[17]</a></sup><sup id="cite_ref-languagepopularity2013_18-0" class="reference"><a href="#cite_note-languagepopularity2013-18">[18]</a></sup><sup id="cite_ref-19" class="reference"><a href="#cite_note-19">[19]</a></sup> particularly for client-server web applications, with a reported 9 million developers.<sup class="noprint Inline-Template Template-Fact" style="white-space:nowrap;">[<i><a href="/wiki/Wikipedia:Citation_needed" title="Wikipedia:Citation needed"><span title="This claim needs references to reliable sources. (April 2015)">citation needed</span></a></i>]</sup> Java was originally developed by <a href="/wiki/James_Gosling" title="James Gosling">James Gosling</a> at <a href="/wiki/Sun_Microsystems" title="Sun Microsystems">Sun Microsystems</a> (which has since been <a href="/wiki/Sun_acquisition_by_Oracle" title="Sun acquisition by Oracle">acquired by Oracle Corporation</a>) and released in 1995 as a core component of Sun Microsystems' <a href="/wiki/Java_(software_platform)" title="Java (software platform)">Java platform</a>. The language derives much of its <a href="/wiki/Syntax_(programming_languages)" title="Syntax (programming languages)">syntax</a> from <a href="/wiki/C_(programming_language)" title="C (programming language)">C</a> and <a href="/wiki/C%2B%2B" title="C++">C++</a>, but it has fewer <a href="/wiki/Low-level_programming_language" title="Low-level programming language">low-level</a> facilities than either of them.</p>
<sup id="cite_ref-16" class="reference"><a href="#cite_note-16">[16]</a></sup>
<sup id="cite_ref-17" class="reference"><a href="#cite_note-17">[17]</a></sup>
<sup id="cite_ref-languagepopularity2013_18-0" class="reference"><a href="#cite_note-languagepopularity2013-18">[18]</a></sup>
<sup id="cite_ref-19" class="reference"><a href="#cite_note-19">[19]</a></sup>
<i><a href="/wiki/Wikipedia:Citation_needed" title="Wikipedia:Citation needed"><span title="This claim needs references to reliable sources. (April 2015)">citation needed</span></a></i>
<p><b>Java</b> is a general-purpose <a href="/wiki/Programming_language" title="Programming language">computer programming language</a> that is <a href="/wiki/Concurrent_computing" title="Concurrent computing">concurrent</a>, <a href="/wiki/Class-based_programming" title="Class-based programming">class-based</a>, <a href="/wiki/Object-oriented_programming" title="Object-oriented programming">object-oriented</a>,<sup id="cite_ref-FOOTNOTEGoslingJoySteeleBracha20141_13-0" class="reference"><a href="#cite_note-FOOTNOTEGoslingJoySteeleBracha20141-13">[13]</a></sup> and specifically designed to have as few implementation dependencies as possible. It is intended to let application developers "<a href="/wiki/Write_once,_run_anywhere" title="Write once, run anywhere">write once, run anywhere</a>" (WORA),<sup id="cite_ref-14" class="reference"><a href="#cite_note-14">[14]</a></sup> meaning that <a href="/wiki/Compiler" title="Compiler">compiled</a> Java code can run on all platforms that support Java without the need for recompilation.<sup id="cite_ref-design_goals_15-0" class="reference"><a href="#cite_note-design_goals-15">[15]</a></sup> Java applications are typically compiled to <a href="/wiki/Java_bytecode" title="Java bytecode">bytecode</a> that can run on any <a href="/wiki/Java_virtual_machine" title="Java virtual machine">Java virtual machine</a> (JVM) regardless of <a href="/wiki/Computer_architecture" title="Computer architecture">computer architecture</a>. As of 2016, Java is one of the most <a href="/wiki/Measuring_programming_language_popularity" title="Measuring programming language popularity">popular programming languages in use</a>,<sup id="cite_ref-16" class="reference"><a href="#cite_note-16">[16]</a></sup><sup id="cite_ref-17" class="reference"><a href="#cite_note-17">[17]</a></sup><sup id="cite_ref-languagepopularity2013_18-0" class="reference"><a href="#cite_note-languagepopularity2013-18">[18]</a></sup><sup id="cite_ref-19" class="reference"><a href="#cite_note-19">[19]</a></sup> particularly for client-server web applications, with a reported 9 million developers.<sup class="noprint Inline-Template Template-Fact" style="white-space:nowrap;">[<i><a href="/wiki/Wikipedia:Citation_needed" title="Wikipedia:Citation needed"><span title="This claim needs references to reliable sources. (April 2015)">citation needed</span></a></i>]</sup> Java was originally developed by <a href="/wiki/James_Gosling" title="James Gosling">James Gosling</a> at <a href="/wiki/Sun_Microsystems" title="Sun Microsystems">Sun Microsystems</a> (which has since been <a href="/wiki/Sun_acquisition_by_Oracle" title="Sun acquisition by Oracle">acquired by Oracle Corporation</a>) and released in 1995 as a core component of Sun Microsystems' <a href="/wiki/Java_(software_platform)" title="Java (software platform)">Java platform</a>. The language derives much of its <a href="/wiki/Syntax_(programming_languages)" title="Syntax (programming languages)">syntax</a> from <a href="/wiki/C_(programming_language)" title="C (programming language)">C</a> and <a href="/wiki/C%2B%2B" title="C++">C++</a>, but it has fewer <a href="/wiki/Low-level_programming_language" title="Low-level programming language">low-level</a> facilities than either of them.</p>
<p><b>Java</b> is a general-purpose <a href="/wiki/Programming_language" title="Programming language">computer programming language</a> that is <a href="/wiki/Concurrent_computing" title="Concurrent computing">concurrent</a>, <a href="/wiki/Class-based_programming" title="Class-based programming">class-based</a>, <a href="/wiki/Object-oriented_programming" title="Object-oriented programming">object-oriented</a>,<sup id="cite_ref-FOOTNOTEGoslingJoySteeleBracha20141_13-0" class="reference"><a href="#cite_note-FOOTNOTEGoslingJoySteeleBracha20141-13">[13]</a></sup> and specifically designed to have as few implementation dependencies as possible. It is intended to let application developers "<a href="/wiki/Write_once,_run_anywhere" title="Write once, run anywhere">write once, run anywhere</a>" (WORA),<sup id="cite_ref-14" class="reference"><a href="#cite_note-14">[14]</a></sup> meaning that <a href="/wiki/Compiler" title="Compiler">compiled</a> Java code can run on all platforms that support Java without the need for recompilation.<sup id="cite_ref-design_goals_15-0" class="reference"><a href="#cite_note-design_goals-15">[15]</a></sup> Java applications are typically compiled to <a href="/wiki/Java_bytecode" title="Java bytecode">bytecode</a> that can run on any <a href="/wiki/Java_virtual_machine" title="Java virtual machine">Java virtual machine</a> (JVM) regardless of <a href="/wiki/Computer_architecture" title="Computer architecture">computer architecture</a>. As of 2016, Java is one of the most <a href="/wiki/Measuring_programming_language_popularity" title="Measuring programming language popularity">popular programming languages in use</a>,<sup id="cite_ref-16" class="reference"><a href="#cite_note-16">[16]</a></sup><sup id="cite_ref-17" class="reference"><a href="#cite_note-17">[17]</a></sup><sup id="cite_ref-languagepopularity2013_18-0" class="reference"><a href="#cite_note-languagepopularity2013-18">[18]</a></sup><sup id="cite_ref-19" class="reference"><a href="#cite_note-19">[19]</a></sup> particularly for client-server web applications, with a reported 9 million developers.<sup class="noprint Inline-Template Template-Fact" style="white-space:nowrap;">[<i><a href="/wiki/Wikipedia:Citation_needed" title="Wikipedia:Citation needed"><span title="This claim needs references to reliable sources. (April 2015)">citation needed</span></a></i>]</sup> Java was originally developed by <a href="/wiki/James_Gosling" title="James Gosling">James Gosling</a> at <a href="/wiki/Sun_Microsystems" title="Sun Microsystems">Sun Microsystems</a> (which has since been <a href="/wiki/Sun_acquisition_by_Oracle" title="Sun acquisition by Oracle">acquired by Oracle Corporation</a>) and released in 1995 as a core component of Sun Microsystems' <a href="/wiki/Java_(software_platform)" title="Java (software platform)">Java platform</a>. The language derives much of its <a href="/wiki/Syntax_(programming_languages)" title="Syntax (programming languages)">syntax</a> from <a href="/wiki/C_(programming_language)" title="C (programming language)">C</a> and <a href="/wiki/C%2B%2B" title="C++">C++</a>, but it has fewer <a href="/wiki/Low-level_programming_language" title="Low-level programming language">low-level</a> facilities than either of them.</p>
<p><b>Java</b> is a general-purpose <a href="/wiki/Programming_language" title="Programming language">computer programming language</a> that is <a href="/wiki/Concurrent_computing" title="Concurrent computing">concurrent</a>, <a href="/wiki/Class-based_programming" title="Class-based programming">class-based</a>, <a href="/wiki/Object-oriented_programming" title="Object-oriented programming">object-oriented</a>,<sup id="cite_ref-FOOTNOTEGoslingJoySteeleBracha20141_13-0" class="reference"><a href="#cite_note-FOOTNOTEGoslingJoySteeleBracha20141-13">[13]</a></sup> and specifically designed to have as few implementation dependencies as possible. It is intended to let application developers "<a href="/wiki/Write_once,_run_anywhere" title="Write once, run anywhere">write once, run anywhere</a>" (WORA),<sup id="cite_ref-14" class="reference"><a href="#cite_note-14">[14]</a></sup> meaning that <a href="/wiki/Compiler" title="Compiler">compiled</a> Java code can run on all platforms that support Java without the need for recompilation.<sup id="cite_ref-design_goals_15-0" class="reference"><a href="#cite_note-design_goals-15">[15]</a></sup> Java applications are typically compiled to <a href="/wiki/Java_bytecode" title="Java bytecode">bytecode</a> that can run on any <a href="/wiki/Java_virtual_machine" title="Java virtual machine">Java virtual machine</a> (JVM) regardless of <a href="/wiki/Computer_architecture" title="Computer architecture">computer architecture</a>. As of 2016, Java is one of the most <a href="/wiki/Measuring_programming_language_popularity" title="Measuring programming language popularity">popular programming languages in use</a>,<sup id="cite_ref-16" class="reference"><a href="#cite_note-16">[16]</a></sup><sup id="cite_ref-17" class="reference"><a href="#cite_note-17">[17]</a></sup><sup id="cite_ref-languagepopularity2013_18-0" class="reference"><a href="#cite_note-languagepopularity2013-18">[18]</a></sup><sup id="cite_ref-19" class="reference"><a href="#cite_note-19">[19]</a></sup> particularly for client-server web applications, with a reported 9 million developers.<sup class="noprint Inline-Template Template-Fact" style="white-space:nowrap;">[<i><a href="/wiki/Wikipedia:Citation_needed" title="Wikipedia:Citation needed"><span title="This claim needs references to reliable sources. (April 2015)">citation needed</span></a></i>]</sup> Java was originally developed by <a href="/wiki/James_Gosling" title="James Gosling">James Gosling</a> at <a href="/wiki/Sun_Microsystems" title="Sun Microsystems">Sun Microsystems</a> (which has since been <a href="/wiki/Sun_acquisition_by_Oracle" title="Sun acquisition by Oracle">acquired by Oracle Corporation</a>) and released in 1995 as a core component of Sun Microsystems' <a href="/wiki/Java_(software_platform)" title="Java (software platform)">Java platform</a>. The language derives much of its <a href="/wiki/Syntax_(programming_languages)" title="Syntax (programming languages)">syntax</a> from <a href="/wiki/C_(programming_language)" title="C (programming language)">C</a> and <a href="/wiki/C%2B%2B" title="C++">C++</a>, but it has fewer <a href="/wiki/Low-level_programming_language" title="Low-level programming language">low-level</a> facilities than either of them.</p>
<p><b>Java</b> is a general-purpose <a href="/wiki/Programming_language" title="Programming language">computer programming language</a> that is <a href="/wiki/Concurrent_computing" title="Concurrent computing">concurrent</a>, <a href="/wiki/Class-based_programming" title="Class-based programming">class-based</a>, <a href="/wiki/Object-oriented_programming" title="Object-oriented programming">object-oriented</a>,<sup id="cite_ref-FOOTNOTEGoslingJoySteeleBracha20141_13-0" class="reference"><a href="#cite_note-FOOTNOTEGoslingJoySteeleBracha20141-13">[13]</a></sup> and specifically designed to have as few implementation dependencies as possible. It is intended to let application developers "<a href="/wiki/Write_once,_run_anywhere" title="Write once, run anywhere">write once, run anywhere</a>" (WORA),<sup id="cite_ref-14" class="reference"><a href="#cite_note-14">[14]</a></sup> meaning that <a href="/wiki/Compiler" title="Compiler">compiled</a> Java code can run on all platforms that support Java without the need for recompilation.<sup id="cite_ref-design_goals_15-0" class="reference"><a href="#cite_note-design_goals-15">[15]</a></sup> Java applications are typically compiled to <a href="/wiki/Java_bytecode" title="Java bytecode">bytecode</a> that can run on any <a href="/wiki/Java_virtual_machine" title="Java virtual machine">Java virtual machine</a> (JVM) regardless of <a href="/wiki/Computer_architecture" title="Computer architecture">computer architecture</a>. As of 2016, Java is one of the most <a href="/wiki/Measuring_programming_language_popularity" title="Measuring programming language popularity">popular programming languages in use</a>,<sup id="cite_ref-16" class="reference"><a href="#cite_note-16">[16]</a></sup><sup id="cite_ref-17" class="reference"><a href="#cite_note-17">[17]</a></sup><sup id="cite_ref-languagepopularity2013_18-0" class="reference"><a href="#cite_note-languagepopularity2013-18">[18]</a></sup><sup id="cite_ref-19" class="reference"><a href="#cite_note-19">[19]</a></sup> particularly for client-server web applications, with a reported 9 million developers.<sup class="noprint Inline-Template Template-Fact" style="white-space:nowrap;">[<i><a href="/wiki/Wikipedia:Citation_needed" title="Wikipedia:Citation needed"><span title="This claim needs references to reliable sources. (April 2015)">citation needed</span></a></i>]</sup> Java was originally developed by <a href="/wiki/James_Gosling" title="James Gosling">James Gosling</a> at <a href="/wiki/Sun_Microsystems" title="Sun Microsystems">Sun Microsystems</a> (which has since been <a href="/wiki/Sun_acquisition_by_Oracle" title="Sun acquisition by Oracle">acquired by Oracle Corporation</a>) and released in 1995 as a core component of Sun Microsystems' <a href="/wiki/Java_(software_platform)" title="Java (software platform)">Java platform</a>. The language derives much of its <a href="/wiki/Syntax_(programming_languages)" title="Syntax (programming languages)">syntax</a> from <a href="/wiki/C_(programming_language)" title="C (programming language)">C</a> and <a href="/wiki/C%2B%2B" title="C++">C++</a>, but it has fewer <a href="/wiki/Low-level_programming_language" title="Low-level programming language">low-level</a> facilities than either of them.</p>
<p><b>Java</b> is a general-purpose <a href="/wiki/Programming_language" title="Programming language">computer programming language</a> that is <a href="/wiki/Concurrent_computing" title="Concurrent computing">concurrent</a>, <a href="/wiki/Class-based_programming" title="Class-based programming">class-based</a>, <a href="/wiki/Object-oriented_programming" title="Object-oriented programming">object-oriented</a>,<sup id="cite_ref-FOOTNOTEGoslingJoySteeleBracha20141_13-0" class="reference"><a href="#cite_note-FOOTNOTEGoslingJoySteeleBracha20141-13">[13]</a></sup> and specifically designed to have as few implementation dependencies as possible. It is intended to let application developers "<a href="/wiki/Write_once,_run_anywhere" title="Write once, run anywhere">write once, run anywhere</a>" (WORA),<sup id="cite_ref-14" class="reference"><a href="#cite_note-14">[14]</a></sup> meaning that <a href="/wiki/Compiler" title="Compiler">compiled</a> Java code can run on all platforms that support Java without the need for recompilation.<sup id="cite_ref-design_goals_15-0" class="reference"><a href="#cite_note-design_goals-15">[15]</a></sup> Java applications are typically compiled to <a href="/wiki/Java_bytecode" title="Java bytecode">bytecode</a> that can run on any <a href="/wiki/Java_virtual_machine" title="Java virtual machine">Java virtual machine</a> (JVM) regardless of <a href="/wiki/Computer_architecture" title="Computer architecture">computer architecture</a>. As of 2016, Java is one of the most <a href="/wiki/Measuring_programming_language_popularity" title="Measuring programming language popularity">popular programming languages in use</a>,<sup id="cite_ref-16" class="reference"><a href="#cite_note-16">[16]</a></sup><sup id="cite_ref-17" class="reference"><a href="#cite_note-17">[17]</a></sup><sup id="cite_ref-languagepopularity2013_18-0" class="reference"><a href="#cite_note-languagepopularity2013-18">[18]</a></sup><sup id="cite_ref-19" class="reference"><a href="#cite_note-19">[19]</a></sup> particularly for client-server web applications, with a reported 9 million developers.<sup class="noprint Inline-Template Template-Fact" style="white-space:nowrap;">[<i><a href="/wiki/Wikipedia:Citation_needed" title="Wikipedia:Citation needed"><span title="This claim needs references to reliable sources. (April 2015)">citation needed</span></a></i>]</sup> Java was originally developed by <a href="/wiki/James_Gosling" title="James Gosling">James Gosling</a> at <a href="/wiki/Sun_Microsystems" title="Sun Microsystems">Sun Microsystems</a> (which has since been <a href="/wiki/Sun_acquisition_by_Oracle" title="Sun acquisition by Oracle">acquired by Oracle Corporation</a>) and released in 1995 as a core component of Sun Microsystems' <a href="/wiki/Java_(software_platform)" title="Java (software platform)">Java platform</a>. The language derives much of its <a href="/wiki/Syntax_(programming_languages)" title="Syntax (programming languages)">syntax</a> from <a href="/wiki/C_(programming_language)" title="C (programming language)">C</a> and <a href="/wiki/C%2B%2B" title="C++">C++</a>, but it has fewer <a href="/wiki/Low-level_programming_language" title="Low-level programming language">low-level</a> facilities than either of them.</p>
<p><b>Java</b> is a general-purpose <a href="/wiki/Programming_language" title="Programming language">computer programming language</a> that is <a href="/wiki/Concurrent_computing" title="Concurrent computing">concurrent</a>, <a href="/wiki/Class-based_programming" title="Class-based programming">class-based</a>, <a href="/wiki/Object-oriented_programming" title="Object-oriented programming">object-oriented</a>,<sup id="cite_ref-FOOTNOTEGoslingJoySteeleBracha20141_13-0" class="reference"><a href="#cite_note-FOOTNOTEGoslingJoySteeleBracha20141-13">[13]</a></sup> and specifically designed to have as few implementation dependencies as possible. It is intended to let application developers "<a href="/wiki/Write_once,_run_anywhere" title="Write once, run anywhere">write once, run anywhere</a>" (WORA),<sup id="cite_ref-14" class="reference"><a href="#cite_note-14">[14]</a></sup> meaning that <a href="/wiki/Compiler" title="Compiler">compiled</a> Java code can run on all platforms that support Java without the need for recompilation.<sup id="cite_ref-design_goals_15-0" class="reference"><a href="#cite_note-design_goals-15">[15]</a></sup> Java applications are typically compiled to <a href="/wiki/Java_bytecode" title="Java bytecode">bytecode</a> that can run on any <a href="/wiki/Java_virtual_machine" title="Java virtual machine">Java virtual machine</a> (JVM) regardless of <a href="/wiki/Computer_architecture" title="Computer architecture">computer architecture</a>. As of 2016, Java is one of the most <a href="/wiki/Measuring_programming_language_popularity" title="Measuring programming language popularity">popular programming languages in use</a>,<sup id="cite_ref-16" class="reference"><a href="#cite_note-16">[16]</a></sup><sup id="cite_ref-17" class="reference"><a href="#cite_note-17">[17]</a></sup><sup id="cite_ref-languagepopularity2013_18-0" class="reference"><a href="#cite_note-languagepopularity2013-18">[18]</a></sup><sup id="cite_ref-19" class="reference"><a href="#cite_note-19">[19]</a></sup> particularly for client-server web applications, with a reported 9 million developers.<sup class="noprint Inline-Template Template-Fact" style="white-space:nowrap;">[<i><a href="/wiki/Wikipedia:Citation_needed" title="Wikipedia:Citation needed"><span title="This claim needs references to reliable sources. (April 2015)">citation needed</span></a></i>]</sup> Java was originally developed by <a href="/wiki/James_Gosling" title="James Gosling">James Gosling</a> at <a href="/wiki/Sun_Microsystems" title="Sun Microsystems">Sun Microsystems</a> (which has since been <a href="/wiki/Sun_acquisition_by_Oracle" title="Sun acquisition by Oracle">acquired by Oracle Corporation</a>) and released in 1995 as a core component of Sun Microsystems' <a href="/wiki/Java_(software_platform)" title="Java (software platform)">Java platform</a>. The language derives much of its <a href="/wiki/Syntax_(programming_languages)" title="Syntax (programming languages)">syntax</a> from <a href="/wiki/C_(programming_language)" title="C (programming language)">C</a> and <a href="/wiki/C%2B%2B" title="C++">C++</a>, but it has fewer <a href="/wiki/Low-level_programming_language" title="Low-level programming language">low-level</a> facilities than either of them.</p>
<p><b>Java</b> is a general-purpose <a href="/wiki/Programming_language" title="Programming language">computer programming language</a> that is <a href="/wiki/Concurrent_computing" title="Concurrent computing">concurrent</a>, <a href="/wiki/Class-based_programming" title="Class-based programming">class-based</a>, <a href="/wiki/Object-oriented_programming" title="Object-oriented programming">object-oriented</a>,<sup id="cite_ref-FOOTNOTEGoslingJoySteeleBracha20141_13-0" class="reference"><a href="#cite_note-FOOTNOTEGoslingJoySteeleBracha20141-13">[13]</a></sup> and specifically designed to have as few implementation dependencies as possible. It is intended to let application developers "<a href="/wiki/Write_once,_run_anywhere" title="Write once, run anywhere">write once, run anywhere</a>" (WORA),<sup id="cite_ref-14" class="reference"><a href="#cite_note-14">[14]</a></sup> meaning that <a href="/wiki/Compiler" title="Compiler">compiled</a> Java code can run on all platforms that support Java without the need for recompilation.<sup id="cite_ref-design_goals_15-0" class="reference"><a href="#cite_note-design_goals-15">[15]</a></sup> Java applications are typically compiled to <a href="/wiki/Java_bytecode" title="Java bytecode">bytecode</a> that can run on any <a href="/wiki/Java_virtual_machine" title="Java virtual machine">Java virtual machine</a> (JVM) regardless of <a href="/wiki/Computer_architecture" title="Computer architecture">computer architecture</a>. As of 2016, Java is one of the most <a href="/wiki/Measuring_programming_language_popularity" title="Measuring programming language popularity">popular programming languages in use</a>,<sup id="cite_ref-16" class="reference"><a href="#cite_note-16">[16]</a></sup><sup id="cite_ref-17" class="reference"><a href="#cite_note-17">[17]</a></sup><sup id="cite_ref-languagepopularity2013_18-0" class="reference"><a href="#cite_note-languagepopularity2013-18">[18]</a></sup><sup id="cite_ref-19" class="reference"><a href="#cite_note-19">[19]</a></sup> particularly for client-server web applications, with a reported 9 million developers.<sup class="noprint Inline-Template Template-Fact" style="white-space:nowrap;">[<i><a href="/wiki/Wikipedia:Citation_needed" title="Wikipedia:Citation needed"><span title="This claim needs references to reliable sources. (April 2015)">citation needed</span></a></i>]</sup> Java was originally developed by <a href="/wiki/James_Gosling" title="James Gosling">James Gosling</a> at <a href="/wiki/Sun_Microsystems" title="Sun Microsystems">Sun Microsystems</a> (which has since been <a href="/wiki/Sun_acquisition_by_Oracle" title="Sun acquisition by Oracle">acquired by Oracle Corporation</a>) and released in 1995 as a core component of Sun Microsystems' <a href="/wiki/Java_(software_platform)" title="Java (software platform)">Java platform</a>. The language derives much of its <a href="/wiki/Syntax_(programming_languages)" title="Syntax (programming languages)">syntax</a> from <a href="/wiki/C_(programming_language)" title="C (programming language)">C</a> and <a href="/wiki/C%2B%2B" title="C++">C++</a>, but it has fewer <a href="/wiki/Low-level_programming_language" title="Low-level programming language">low-level</a> facilities than either of them.</p>
<p><b>Java</b> is a general-purpose <a href="/wiki/Programming_language" title="Programming language">computer programming language</a> that is <a href="/wiki/Concurrent_computing" title="Concurrent computing">concurrent</a>, <a href="/wiki/Class-based_programming" title="Class-based programming">class-based</a>, <a href="/wiki/Object-oriented_programming" title="Object-oriented programming">object-oriented</a>,<sup id="cite_ref-FOOTNOTEGoslingJoySteeleBracha20141_13-0" class="reference"><a href="#cite_note-FOOTNOTEGoslingJoySteeleBracha20141-13">[13]</a></sup> and specifically designed to have as few implementation dependencies as possible. It is intended to let application developers "<a href="/wiki/Write_once,_run_anywhere" title="Write once, run anywhere">write once, run anywhere</a>" (WORA),<sup id="cite_ref-14" class="reference"><a href="#cite_note-14">[14]</a></sup> meaning that <a href="/wiki/Compiler" title="Compiler">compiled</a> Java code can run on all platforms that support Java without the need for recompilation.<sup id="cite_ref-design_goals_15-0" class="reference"><a href="#cite_note-design_goals-15">[15]</a></sup> Java applications are typically compiled to <a href="/wiki/Java_bytecode" title="Java bytecode">bytecode</a> that can run on any <a href="/wiki/Java_virtual_machine" title="Java virtual machine">Java virtual machine</a> (JVM) regardless of <a href="/wiki/Computer_architecture" title="Computer architecture">computer architecture</a>. As of 2016, Java is one of the most <a href="/wiki/Measuring_programming_language_popularity" title="Measuring programming language popularity">popular programming languages in use</a>,<sup id="cite_ref-16" class="reference"><a href="#cite_note-16">[16]</a></sup><sup id="cite_ref-17" class="reference"><a href="#cite_note-17">[17]</a></sup><sup id="cite_ref-languagepopularity2013_18-0" class="reference"><a href="#cite_note-languagepopularity2013-18">[18]</a></sup><sup id="cite_ref-19" class="reference"><a href="#cite_note-19">[19]</a></sup> particularly for client-server web applications, with a reported 9 million developers.<sup class="noprint Inline-Template Template-Fact" style="white-space:nowrap;">[<i><a href="/wiki/Wikipedia:Citation_needed" title="Wikipedia:Citation needed"><span title="This claim needs references to reliable sources. (April 2015)">citation needed</span></a></i>]</sup> Java was originally developed by <a href="/wiki/James_Gosling" title="James Gosling">James Gosling</a> at <a href="/wiki/Sun_Microsystems" title="Sun Microsystems">Sun Microsystems</a> (which has since been <a href="/wiki/Sun_acquisition_by_Oracle" title="Sun acquisition by Oracle">acquired by Oracle Corporation</a>) and released in 1995 as a core component of Sun Microsystems' <a href="/wiki/Java_(software_platform)" title="Java (software platform)">Java platform</a>. The language derives much of its <a href="/wiki/Syntax_(programming_languages)" title="Syntax (programming languages)">syntax</a> from <a href="/wiki/C_(programming_language)" title="C (programming language)">C</a> and <a href="/wiki/C%2B%2B" title="C++">C++</a>, but it has fewer <a href="/wiki/Low-level_programming_language" title="Low-level programming language">low-level</a> facilities than either of them.</p>
<p>The original and <a href="/wiki/Reference_implementation" title="Reference implementation">reference implementation</a> Java <a href="/wiki/Compiler" title="Compiler">compilers</a>, virtual machines, and <a href="/wiki/Library_(computing)" title="Library (computing)">class libraries</a> were originally released by Sun under proprietary licences. As of May 2007, in compliance with the specifications of the <a href="/wiki/Java_Community_Process" title="Java Community Process">Java Community Process</a>, Sun relicensed most of its Java technologies under the <a href="/wiki/GNU_General_Public_License" title="GNU General Public License">GNU General Public License</a>. Others have also developed alternative implementations of these Sun technologies, such as the <a href="/wiki/GNU_Compiler_for_Java" title="GNU Compiler for Java">GNU Compiler for Java</a> (bytecode compiler), <a href="/wiki/GNU_Classpath" title="GNU Classpath">GNU Classpath</a> (standard libraries), and <a href="/wiki/IcedTea" title="IcedTea">IcedTea</a>-Web (browser plugin for applets).</p>
<p>The original and <a href="/wiki/Reference_implementation" title="Reference implementation">reference implementation</a> Java <a href="/wiki/Compiler" title="Compiler">compilers</a>, virtual machines, and <a href="/wiki/Library_(computing)" title="Library (computing)">class libraries</a> were originally released by Sun under proprietary licences. As of May 2007, in compliance with the specifications of the <a href="/wiki/Java_Community_Process" title="Java Community Process">Java Community Process</a>, Sun relicensed most of its Java technologies under the <a href="/wiki/GNU_General_Public_License" title="GNU General Public License">GNU General Public License</a>. Others have also developed alternative implementations of these Sun technologies, such as the <a href="/wiki/GNU_Compiler_for_Java" title="GNU Compiler for Java">GNU Compiler for Java</a> (bytecode compiler), <a href="/wiki/GNU_Classpath" title="GNU Classpath">GNU Classpath</a> (standard libraries), and <a href="/wiki/IcedTea" title="IcedTea">IcedTea</a>-Web (browser plugin for applets).</p>
<p>The original and <a href="/wiki/Reference_implementation" title="Reference implementation">reference implementation</a> Java <a href="/wiki/Compiler" title="Compiler">compilers</a>, virtual machines, and <a href="/wiki/Library_(computing)" title="Library (computing)">class libraries</a> were originally released by Sun under proprietary licences. As of May 2007, in compliance with the specifications of the <a href="/wiki/Java_Community_Process" title="Java Community Process">Java Community Process</a>, Sun relicensed most of its Java technologies under the <a href="/wiki/GNU_General_Public_License" title="GNU General Public License">GNU General Public License</a>. Others have also developed alternative implementations of these Sun technologies, such as the <a href="/wiki/GNU_Compiler_for_Java" title="GNU Compiler for Java">GNU Compiler for Java</a> (bytecode compiler), <a href="/wiki/GNU_Classpath" title="GNU Classpath">GNU Classpath</a> (standard libraries), and <a href="/wiki/IcedTea" title="IcedTea">IcedTea</a>-Web (browser plugin for applets).</p>
<p>The original and <a href="/wiki/Reference_implementation" title="Reference implementation">reference implementation</a> Java <a href="/wiki/Compiler" title="Compiler">compilers</a>, virtual machines, and <a href="/wiki/Library_(computing)" title="Library (computing)">class libraries</a> were originally released by Sun under proprietary licences. As of May 2007, in compliance with the specifications of the <a href="/wiki/Java_Community_Process" title="Java Community Process">Java Community Process</a>, Sun relicensed most of its Java technologies under the <a href="/wiki/GNU_General_Public_License" title="GNU General Public License">GNU General Public License</a>. Others have also developed alternative implementations of these Sun technologies, such as the <a href="/wiki/GNU_Compiler_for_Java" title="GNU Compiler for Java">GNU Compiler for Java</a> (bytecode compiler), <a href="/wiki/GNU_Classpath" title="GNU Classpath">GNU Classpath</a> (standard libraries), and <a href="/wiki/IcedTea" title="IcedTea">IcedTea</a>-Web (browser plugin for applets).</p>
<p>The original and <a href="/wiki/Reference_implementation" title="Reference implementation">reference implementation</a> Java <a href="/wiki/Compiler" title="Compiler">compilers</a>, virtual machines, and <a href="/wiki/Library_(computing)" title="Library (computing)">class libraries</a> were originally released by Sun under proprietary licences. As of May 2007, in compliance with the specifications of the <a href="/wiki/Java_Community_Process" title="Java Community Process">Java Community Process</a>, Sun relicensed most of its Java technologies under the <a href="/wiki/GNU_General_Public_License" title="GNU General Public License">GNU General Public License</a>. Others have also developed alternative implementations of these Sun technologies, such as the <a href="/wiki/GNU_Compiler_for_Java" title="GNU Compiler for Java">GNU Compiler for Java</a> (bytecode compiler), <a href="/wiki/GNU_Classpath" title="GNU Classpath">GNU Classpath</a> (standard libraries), and <a href="/wiki/IcedTea" title="IcedTea">IcedTea</a>-Web (browser plugin for applets).</p>
<p>The original and <a href="/wiki/Reference_implementation" title="Reference implementation">reference implementation</a> Java <a href="/wiki/Compiler" title="Compiler">compilers</a>, virtual machines, and <a href="/wiki/Library_(computing)" title="Library (computing)">class libraries</a> were originally released by Sun under proprietary licences. As of May 2007, in compliance with the specifications of the <a href="/wiki/Java_Community_Process" title="Java Community Process">Java Community Process</a>, Sun relicensed most of its Java technologies under the <a href="/wiki/GNU_General_Public_License" title="GNU General Public License">GNU General Public License</a>. Others have also developed alternative implementations of these Sun technologies, such as the <a href="/wiki/GNU_Compiler_for_Java" title="GNU Compiler for Java">GNU Compiler for Java</a> (bytecode compiler), <a href="/wiki/GNU_Classpath" title="GNU Classpath">GNU Classpath</a> (standard libraries), and <a href="/wiki/IcedTea" title="IcedTea">IcedTea</a>-Web (browser plugin for applets).</p>
<p>The original and <a href="/wiki/Reference_implementation" title="Reference implementation">reference implementation</a> Java <a href="/wiki/Compiler" title="Compiler">compilers</a>, virtual machines, and <a href="/wiki/Library_(computing)" title="Library (computing)">class libraries</a> were originally released by Sun under proprietary licences. As of May 2007, in compliance with the specifications of the <a href="/wiki/Java_Community_Process" title="Java Community Process">Java Community Process</a>, Sun relicensed most of its Java technologies under the <a href="/wiki/GNU_General_Public_License" title="GNU General Public License">GNU General Public License</a>. Others have also developed alternative implementations of these Sun technologies, such as the <a href="/wiki/GNU_Compiler_for_Java" title="GNU Compiler for Java">GNU Compiler for Java</a> (bytecode compiler), <a href="/wiki/GNU_Classpath" title="GNU Classpath">GNU Classpath</a> (standard libraries), and <a href="/wiki/IcedTea" title="IcedTea">IcedTea</a>-Web (browser plugin for applets).</p>
<p>The original and <a href="/wiki/Reference_implementation" title="Reference implementation">reference implementation</a> Java <a href="/wiki/Compiler" title="Compiler">compilers</a>, virtual machines, and <a href="/wiki/Library_(computing)" title="Library (computing)">class libraries</a> were originally released by Sun under proprietary licences. As of May 2007, in compliance with the specifications of the <a href="/wiki/Java_Community_Process" title="Java Community Process">Java Community Process</a>, Sun relicensed most of its Java technologies under the <a href="/wiki/GNU_General_Public_License" title="GNU General Public License">GNU General Public License</a>. Others have also developed alternative implementations of these Sun technologies, such as the <a href="/wiki/GNU_Compiler_for_Java" title="GNU Compiler for Java">GNU Compiler for Java</a> (bytecode compiler), <a href="/wiki/GNU_Classpath" title="GNU Classpath">GNU Classpath</a> (standard libraries), and <a href="/wiki/IcedTea" title="IcedTea">IcedTea</a>-Web (browser plugin for applets).</p>
<p><a href="/wiki/James_Gosling" title="James Gosling">James Gosling</a>, Mike Sheridan, and <a href="/wiki/Patrick_Naughton" title="Patrick Naughton">Patrick Naughton</a> initiated the Java language project in June 1991.<sup id="cite_ref-20" class="reference"><a href="#cite_note-20">[20]</a></sup> Java was originally designed for interactive television, but it was too advanced for the digital cable television industry at the time.<sup id="cite_ref-21" class="reference"><a href="#cite_note-21">[21]</a></sup> The language was initially called <i><a href="/wiki/Oak_(programming_language)" title="Oak (programming language)">Oak</a></i> after an <a href="/wiki/Oak" title="Oak">oak</a> tree that stood outside Gosling's office. Later the project went by the name <i>Green</i> and was finally renamed <i>Java</i>, from <a href="/wiki/Java_coffee" title="Java coffee">Java coffee</a>.<sup id="cite_ref-22" class="reference"><a href="#cite_note-22">[22]</a></sup> Gosling designed Java with a C/C++-style syntax that system and application programmers would find familiar.<sup id="cite_ref-23" class="reference"><a href="#cite_note-23">[23]</a></sup></p>
<p><a href="/wiki/James_Gosling" title="James Gosling">James Gosling</a>, Mike Sheridan, and <a href="/wiki/Patrick_Naughton" title="Patrick Naughton">Patrick Naughton</a> initiated the Java language project in June 1991.<sup id="cite_ref-20" class="reference"><a href="#cite_note-20">[20]</a></sup> Java was originally designed for interactive television, but it was too advanced for the digital cable television industry at the time.<sup id="cite_ref-21" class="reference"><a href="#cite_note-21">[21]</a></sup> The language was initially called <i><a href="/wiki/Oak_(programming_language)" title="Oak (programming language)">Oak</a></i> after an <a href="/wiki/Oak" title="Oak">oak</a> tree that stood outside Gosling's office. Later the project went by the name <i>Green</i> and was finally renamed <i>Java</i>, from <a href="/wiki/Java_coffee" title="Java coffee">Java coffee</a>.<sup id="cite_ref-22" class="reference"><a href="#cite_note-22">[22]</a></sup> Gosling designed Java with a C/C++-style syntax that system and application programmers would find familiar.<sup id="cite_ref-23" class="reference"><a href="#cite_note-23">[23]</a></sup></p>
<sup id="cite_ref-20" class="reference"><a href="#cite_note-20">[20]</a></sup>
<sup id="cite_ref-21" class="reference"><a href="#cite_note-21">[21]</a></sup>
<i><a href="/wiki/Oak_(programming_language)" title="Oak (programming language)">Oak</a></i>
<p><a href="/wiki/James_Gosling" title="James Gosling">James Gosling</a>, Mike Sheridan, and <a href="/wiki/Patrick_Naughton" title="Patrick Naughton">Patrick Naughton</a> initiated the Java language project in June 1991.<sup id="cite_ref-20" class="reference"><a href="#cite_note-20">[20]</a></sup> Java was originally designed for interactive television, but it was too advanced for the digital cable television industry at the time.<sup id="cite_ref-21" class="reference"><a href="#cite_note-21">[21]</a></sup> The language was initially called <i><a href="/wiki/Oak_(programming_language)" title="Oak (programming language)">Oak</a></i> after an <a href="/wiki/Oak" title="Oak">oak</a> tree that stood outside Gosling's office. Later the project went by the name <i>Green</i> and was finally renamed <i>Java</i>, from <a href="/wiki/Java_coffee" title="Java coffee">Java coffee</a>.<sup id="cite_ref-22" class="reference"><a href="#cite_note-22">[22]</a></sup> Gosling designed Java with a C/C++-style syntax that system and application programmers would find familiar.<sup id="cite_ref-23" class="reference"><a href="#cite_note-23">[23]</a></sup></p>
<p><a href="/wiki/James_Gosling" title="James Gosling">James Gosling</a>, Mike Sheridan, and <a href="/wiki/Patrick_Naughton" title="Patrick Naughton">Patrick Naughton</a> initiated the Java language project in June 1991.<sup id="cite_ref-20" class="reference"><a href="#cite_note-20">[20]</a></sup> Java was originally designed for interactive television, but it was too advanced for the digital cable television industry at the time.<sup id="cite_ref-21" class="reference"><a href="#cite_note-21">[21]</a></sup> The language was initially called <i><a href="/wiki/Oak_(programming_language)" title="Oak (programming language)">Oak</a></i> after an <a href="/wiki/Oak" title="Oak">oak</a> tree that stood outside Gosling's office. Later the project went by the name <i>Green</i> and was finally renamed <i>Java</i>, from <a href="/wiki/Java_coffee" title="Java coffee">Java coffee</a>.<sup id="cite_ref-22" class="reference"><a href="#cite_note-22">[22]</a></sup> Gosling designed Java with a C/C++-style syntax that system and application programmers would find familiar.<sup id="cite_ref-23" class="reference"><a href="#cite_note-23">[23]</a></sup></p>
<sup id="cite_ref-22" class="reference"><a href="#cite_note-22">[22]</a></sup>
<sup id="cite_ref-23" class="reference"><a href="#cite_note-23">[23]</a></sup>
<p><a href="/wiki/Sun_Microsystems" title="Sun Microsystems">Sun Microsystems</a> released the first public implementation as Java 1.0 in 1995.<sup id="cite_ref-oraclejavahistory_24-0" class="reference"><a href="#cite_note-oraclejavahistory-24">[24]</a></sup> It promised "Write Once, Run Anywhere" (WORA), providing no-cost run-times on popular <a href="/wiki/Computing_platform" title="Computing platform">platforms</a>. Fairly secure and featuring configurable security, it allowed network- and file-access restrictions. Major <a href="/wiki/Web_browser" title="Web browser">web browsers</a> soon incorporated the ability to run <i><a href="/wiki/Java_applet" title="Java applet">Java applets</a></i> within web pages, and Java quickly became popular, while mostly outside of browsers, that wasn't the original plan. In January 2016, Oracle announced that Java runtime environments based on JDK 9 will discontinue the browser plugin.<sup id="cite_ref-25" class="reference"><a href="#cite_note-25">[25]</a></sup> The Java 1.0 compiler was re-written <a href="/wiki/Bootstrapping_(compilers)" title="Bootstrapping (compilers)">in Java</a> by <a href="/wiki/Arthur_van_Hoff" title="Arthur van Hoff">Arthur van Hoff</a> to comply strictly with the Java 1.0 language specification.<sup id="cite_ref-26" class="reference"><a href="#cite_note-26">[26]</a></sup> With the advent of <i>Java 2</i> (released initially as J2SE 1.2 in December 1998 – 1999), new versions had multiple configurations built for different types of platforms. <i>J2EE</i> included technologies and APIs for enterprise applications typically run in server environments, while <i>J2ME</i> featured APIs optimized for mobile applications. The desktop version was renamed <i>J2SE</i>. In 2006, for marketing purposes, Sun renamed new <i>J2</i> versions as <i><a href="/wiki/Java_Platform,_Enterprise_Edition" title="Java Platform, Enterprise Edition">Java EE</a></i>, <i><a href="/wiki/Java_Platform,_Micro_Edition" title="Java Platform, Micro Edition">Java ME</a></i>, and <i><a href="/wiki/Java_Platform,_Standard_Edition" title="Java Platform, Standard Edition">Java SE</a></i>, respectively.</p>
<sup id="cite_ref-oraclejavahistory_24-0" class="reference"><a href="#cite_note-oraclejavahistory-24">[24]</a></sup>
<p><a href="/wiki/Sun_Microsystems" title="Sun Microsystems">Sun Microsystems</a> released the first public implementation as Java 1.0 in 1995.<sup id="cite_ref-oraclejavahistory_24-0" class="reference"><a href="#cite_note-oraclejavahistory-24">[24]</a></sup> It promised "Write Once, Run Anywhere" (WORA), providing no-cost run-times on popular <a href="/wiki/Computing_platform" title="Computing platform">platforms</a>. Fairly secure and featuring configurable security, it allowed network- and file-access restrictions. Major <a href="/wiki/Web_browser" title="Web browser">web browsers</a> soon incorporated the ability to run <i><a href="/wiki/Java_applet" title="Java applet">Java applets</a></i> within web pages, and Java quickly became popular, while mostly outside of browsers, that wasn't the original plan. In January 2016, Oracle announced that Java runtime environments based on JDK 9 will discontinue the browser plugin.<sup id="cite_ref-25" class="reference"><a href="#cite_note-25">[25]</a></sup> The Java 1.0 compiler was re-written <a href="/wiki/Bootstrapping_(compilers)" title="Bootstrapping (compilers)">in Java</a> by <a href="/wiki/Arthur_van_Hoff" title="Arthur van Hoff">Arthur van Hoff</a> to comply strictly with the Java 1.0 language specification.<sup id="cite_ref-26" class="reference"><a href="#cite_note-26">[26]</a></sup> With the advent of <i>Java 2</i> (released initially as J2SE 1.2 in December 1998 – 1999), new versions had multiple configurations built for different types of platforms. <i>J2EE</i> included technologies and APIs for enterprise applications typically run in server environments, while <i>J2ME</i> featured APIs optimized for mobile applications. The desktop version was renamed <i>J2SE</i>. In 2006, for marketing purposes, Sun renamed new <i>J2</i> versions as <i><a href="/wiki/Java_Platform,_Enterprise_Edition" title="Java Platform, Enterprise Edition">Java EE</a></i>, <i><a href="/wiki/Java_Platform,_Micro_Edition" title="Java Platform, Micro Edition">Java ME</a></i>, and <i><a href="/wiki/Java_Platform,_Standard_Edition" title="Java Platform, Standard Edition">Java SE</a></i>, respectively.</p>
<p><a href="/wiki/Sun_Microsystems" title="Sun Microsystems">Sun Microsystems</a> released the first public implementation as Java 1.0 in 1995.<sup id="cite_ref-oraclejavahistory_24-0" class="reference"><a href="#cite_note-oraclejavahistory-24">[24]</a></sup> It promised "Write Once, Run Anywhere" (WORA), providing no-cost run-times on popular <a href="/wiki/Computing_platform" title="Computing platform">platforms</a>. Fairly secure and featuring configurable security, it allowed network- and file-access restrictions. Major <a href="/wiki/Web_browser" title="Web browser">web browsers</a> soon incorporated the ability to run <i><a href="/wiki/Java_applet" title="Java applet">Java applets</a></i> within web pages, and Java quickly became popular, while mostly outside of browsers, that wasn't the original plan. In January 2016, Oracle announced that Java runtime environments based on JDK 9 will discontinue the browser plugin.<sup id="cite_ref-25" class="reference"><a href="#cite_note-25">[25]</a></sup> The Java 1.0 compiler was re-written <a href="/wiki/Bootstrapping_(compilers)" title="Bootstrapping (compilers)">in Java</a> by <a href="/wiki/Arthur_van_Hoff" title="Arthur van Hoff">Arthur van Hoff</a> to comply strictly with the Java 1.0 language specification.<sup id="cite_ref-26" class="reference"><a href="#cite_note-26">[26]</a></sup> With the advent of <i>Java 2</i> (released initially as J2SE 1.2 in December 1998 – 1999), new versions had multiple configurations built for different types of platforms. <i>J2EE</i> included technologies and APIs for enterprise applications typically run in server environments, while <i>J2ME</i> featured APIs optimized for mobile applications. The desktop version was renamed <i>J2SE</i>. In 2006, for marketing purposes, Sun renamed new <i>J2</i> versions as <i><a href="/wiki/Java_Platform,_Enterprise_Edition" title="Java Platform, Enterprise Edition">Java EE</a></i>, <i><a href="/wiki/Java_Platform,_Micro_Edition" title="Java Platform, Micro Edition">Java ME</a></i>, and <i><a href="/wiki/Java_Platform,_Standard_Edition" title="Java Platform, Standard Edition">Java SE</a></i>, respectively.</p>
<i><a href="/wiki/Java_applet" title="Java applet">Java applets</a></i>
<sup id="cite_ref-25" class="reference"><a href="#cite_note-25">[25]</a></sup>
<p><a href="/wiki/Sun_Microsystems" title="Sun Microsystems">Sun Microsystems</a> released the first public implementation as Java 1.0 in 1995.<sup id="cite_ref-oraclejavahistory_24-0" class="reference"><a href="#cite_note-oraclejavahistory-24">[24]</a></sup> It promised "Write Once, Run Anywhere" (WORA), providing no-cost run-times on popular <a href="/wiki/Computing_platform" title="Computing platform">platforms</a>. Fairly secure and featuring configurable security, it allowed network- and file-access restrictions. Major <a href="/wiki/Web_browser" title="Web browser">web browsers</a> soon incorporated the ability to run <i><a href="/wiki/Java_applet" title="Java applet">Java applets</a></i> within web pages, and Java quickly became popular, while mostly outside of browsers, that wasn't the original plan. In January 2016, Oracle announced that Java runtime environments based on JDK 9 will discontinue the browser plugin.<sup id="cite_ref-25" class="reference"><a href="#cite_note-25">[25]</a></sup> The Java 1.0 compiler was re-written <a href="/wiki/Bootstrapping_(compilers)" title="Bootstrapping (compilers)">in Java</a> by <a href="/wiki/Arthur_van_Hoff" title="Arthur van Hoff">Arthur van Hoff</a> to comply strictly with the Java 1.0 language specification.<sup id="cite_ref-26" class="reference"><a href="#cite_note-26">[26]</a></sup> With the advent of <i>Java 2</i> (released initially as J2SE 1.2 in December 1998 – 1999), new versions had multiple configurations built for different types of platforms. <i>J2EE</i> included technologies and APIs for enterprise applications typically run in server environments, while <i>J2ME</i> featured APIs optimized for mobile applications. The desktop version was renamed <i>J2SE</i>. In 2006, for marketing purposes, Sun renamed new <i>J2</i> versions as <i><a href="/wiki/Java_Platform,_Enterprise_Edition" title="Java Platform, Enterprise Edition">Java EE</a></i>, <i><a href="/wiki/Java_Platform,_Micro_Edition" title="Java Platform, Micro Edition">Java ME</a></i>, and <i><a href="/wiki/Java_Platform,_Standard_Edition" title="Java Platform, Standard Edition">Java SE</a></i>, respectively.</p>
<p><a href="/wiki/Sun_Microsystems" title="Sun Microsystems">Sun Microsystems</a> released the first public implementation as Java 1.0 in 1995.<sup id="cite_ref-oraclejavahistory_24-0" class="reference"><a href="#cite_note-oraclejavahistory-24">[24]</a></sup> It promised "Write Once, Run Anywhere" (WORA), providing no-cost run-times on popular <a href="/wiki/Computing_platform" title="Computing platform">platforms</a>. Fairly secure and featuring configurable security, it allowed network- and file-access restrictions. Major <a href="/wiki/Web_browser" title="Web browser">web browsers</a> soon incorporated the ability to run <i><a href="/wiki/Java_applet" title="Java applet">Java applets</a></i> within web pages, and Java quickly became popular, while mostly outside of browsers, that wasn't the original plan. In January 2016, Oracle announced that Java runtime environments based on JDK 9 will discontinue the browser plugin.<sup id="cite_ref-25" class="reference"><a href="#cite_note-25">[25]</a></sup> The Java 1.0 compiler was re-written <a href="/wiki/Bootstrapping_(compilers)" title="Bootstrapping (compilers)">in Java</a> by <a href="/wiki/Arthur_van_Hoff" title="Arthur van Hoff">Arthur van Hoff</a> to comply strictly with the Java 1.0 language specification.<sup id="cite_ref-26" class="reference"><a href="#cite_note-26">[26]</a></sup> With the advent of <i>Java 2</i> (released initially as J2SE 1.2 in December 1998 – 1999), new versions had multiple configurations built for different types of platforms. <i>J2EE</i> included technologies and APIs for enterprise applications typically run in server environments, while <i>J2ME</i> featured APIs optimized for mobile applications. The desktop version was renamed <i>J2SE</i>. In 2006, for marketing purposes, Sun renamed new <i>J2</i> versions as <i><a href="/wiki/Java_Platform,_Enterprise_Edition" title="Java Platform, Enterprise Edition">Java EE</a></i>, <i><a href="/wiki/Java_Platform,_Micro_Edition" title="Java Platform, Micro Edition">Java ME</a></i>, and <i><a href="/wiki/Java_Platform,_Standard_Edition" title="Java Platform, Standard Edition">Java SE</a></i>, respectively.</p>
<sup id="cite_ref-26" class="reference"><a href="#cite_note-26">[26]</a></sup>
<i><a href="/wiki/Java_Platform,_Enterprise_Edition" title="Java Platform, Enterprise Edition">Java EE</a></i>
<i><a href="/wiki/Java_Platform,_Micro_Edition" title="Java Platform, Micro Edition">Java ME</a></i>
<i><a href="/wiki/Java_Platform,_Standard_Edition" title="Java Platform, Standard Edition">Java SE</a></i>
<p>In 1997, Sun Microsystems approached the <a href="/wiki/ISO/IEC_JTC_1" title="ISO/IEC JTC 1">ISO/IEC JTC 1</a> standards body and later the <a href="/wiki/Ecma_International" title="Ecma International">Ecma International</a> to formalize Java, but it soon withdrew from the process.<sup id="cite_ref-27" class="reference"><a href="#cite_note-27">[27]</a></sup><sup id="cite_ref-28" class="reference"><a href="#cite_note-28">[28]</a></sup><sup id="cite_ref-29" class="reference"><a href="#cite_note-29">[29]</a></sup> Java remains a <a href="/wiki/De_facto_standard" title="De facto standard"><i>de facto</i> standard</a>, controlled through the <a href="/wiki/Java_Community_Process" title="Java Community Process">Java Community Process</a>.<sup id="cite_ref-30" class="reference"><a href="#cite_note-30">[30]</a></sup> At one time, Sun made most of its Java implementations available without charge, despite their <a href="/wiki/Proprietary_software" title="Proprietary software">proprietary software</a> status. Sun generated revenue from Java through the selling of licenses for specialized products such as the Java Enterprise System.</p>
<p>In 1997, Sun Microsystems approached the <a href="/wiki/ISO/IEC_JTC_1" title="ISO/IEC JTC 1">ISO/IEC JTC 1</a> standards body and later the <a href="/wiki/Ecma_International" title="Ecma International">Ecma International</a> to formalize Java, but it soon withdrew from the process.<sup id="cite_ref-27" class="reference"><a href="#cite_note-27">[27]</a></sup><sup id="cite_ref-28" class="reference"><a href="#cite_note-28">[28]</a></sup><sup id="cite_ref-29" class="reference"><a href="#cite_note-29">[29]</a></sup> Java remains a <a href="/wiki/De_facto_standard" title="De facto standard"><i>de facto</i> standard</a>, controlled through the <a href="/wiki/Java_Community_Process" title="Java Community Process">Java Community Process</a>.<sup id="cite_ref-30" class="reference"><a href="#cite_note-30">[30]</a></sup> At one time, Sun made most of its Java implementations available without charge, despite their <a href="/wiki/Proprietary_software" title="Proprietary software">proprietary software</a> status. Sun generated revenue from Java through the selling of licenses for specialized products such as the Java Enterprise System.</p>
<sup id="cite_ref-27" class="reference"><a href="#cite_note-27">[27]</a></sup>
<sup id="cite_ref-28" class="reference"><a href="#cite_note-28">[28]</a></sup>
<sup id="cite_ref-29" class="reference"><a href="#cite_note-29">[29]</a></sup>
<p>In 1997, Sun Microsystems approached the <a href="/wiki/ISO/IEC_JTC_1" title="ISO/IEC JTC 1">ISO/IEC JTC 1</a> standards body and later the <a href="/wiki/Ecma_International" title="Ecma International">Ecma International</a> to formalize Java, but it soon withdrew from the process.<sup id="cite_ref-27" class="reference"><a href="#cite_note-27">[27]</a></sup><sup id="cite_ref-28" class="reference"><a href="#cite_note-28">[28]</a></sup><sup id="cite_ref-29" class="reference"><a href="#cite_note-29">[29]</a></sup> Java remains a <a href="/wiki/De_facto_standard" title="De facto standard"><i>de facto</i> standard</a>, controlled through the <a href="/wiki/Java_Community_Process" title="Java Community Process">Java Community Process</a>.<sup id="cite_ref-30" class="reference"><a href="#cite_note-30">[30]</a></sup> At one time, Sun made most of its Java implementations available without charge, despite their <a href="/wiki/Proprietary_software" title="Proprietary software">proprietary software</a> status. Sun generated revenue from Java through the selling of licenses for specialized products such as the Java Enterprise System.</p>
<p>In 1997, Sun Microsystems approached the <a href="/wiki/ISO/IEC_JTC_1" title="ISO/IEC JTC 1">ISO/IEC JTC 1</a> standards body and later the <a href="/wiki/Ecma_International" title="Ecma International">Ecma International</a> to formalize Java, but it soon withdrew from the process.<sup id="cite_ref-27" class="reference"><a href="#cite_note-27">[27]</a></sup><sup id="cite_ref-28" class="reference"><a href="#cite_note-28">[28]</a></sup><sup id="cite_ref-29" class="reference"><a href="#cite_note-29">[29]</a></sup> Java remains a <a href="/wiki/De_facto_standard" title="De facto standard"><i>de facto</i> standard</a>, controlled through the <a href="/wiki/Java_Community_Process" title="Java Community Process">Java Community Process</a>.<sup id="cite_ref-30" class="reference"><a href="#cite_note-30">[30]</a></sup> At one time, Sun made most of its Java implementations available without charge, despite their <a href="/wiki/Proprietary_software" title="Proprietary software">proprietary software</a> status. Sun generated revenue from Java through the selling of licenses for specialized products such as the Java Enterprise System.</p>
<sup id="cite_ref-30" class="reference"><a href="#cite_note-30">[30]</a></sup>
<p>In 1997, Sun Microsystems approached the <a href="/wiki/ISO/IEC_JTC_1" title="ISO/IEC JTC 1">ISO/IEC JTC 1</a> standards body and later the <a href="/wiki/Ecma_International" title="Ecma International">Ecma International</a> to formalize Java, but it soon withdrew from the process.<sup id="cite_ref-27" class="reference"><a href="#cite_note-27">[27]</a></sup><sup id="cite_ref-28" class="reference"><a href="#cite_note-28">[28]</a></sup><sup id="cite_ref-29" class="reference"><a href="#cite_note-29">[29]</a></sup> Java remains a <a href="/wiki/De_facto_standard" title="De facto standard"><i>de facto</i> standard</a>, controlled through the <a href="/wiki/Java_Community_Process" title="Java Community Process">Java Community Process</a>.<sup id="cite_ref-30" class="reference"><a href="#cite_note-30">[30]</a></sup> At one time, Sun made most of its Java implementations available without charge, despite their <a href="/wiki/Proprietary_software" title="Proprietary software">proprietary software</a> status. Sun generated revenue from Java through the selling of licenses for specialized products such as the Java Enterprise System.</p>
<p>On November 13, 2006, Sun released much of its Java virtual machine (JVM) as <a href="/wiki/Free_and_open-source_software" title="Free and open-source software">free and open-source software</a>, (FOSS), under the terms of the <a href="/wiki/GNU_General_Public_License" title="GNU General Public License">GNU General Public License</a> (GPL). On May 8, 2007, Sun finished the process, making all of its JVM's core code available under <a href="/wiki/Free_software" title="Free software">free software</a>/open-source distribution terms, aside from a small portion of code to which Sun did not hold the copyright.<sup id="cite_ref-31" class="reference"><a href="#cite_note-31">[31]</a></sup></p>
<p>On November 13, 2006, Sun released much of its Java virtual machine (JVM) as <a href="/wiki/Free_and_open-source_software" title="Free and open-source software">free and open-source software</a>, (FOSS), under the terms of the <a href="/wiki/GNU_General_Public_License" title="GNU General Public License">GNU General Public License</a> (GPL). On May 8, 2007, Sun finished the process, making all of its JVM's core code available under <a href="/wiki/Free_software" title="Free software">free software</a>/open-source distribution terms, aside from a small portion of code to which Sun did not hold the copyright.<sup id="cite_ref-31" class="reference"><a href="#cite_note-31">[31]</a></sup></p>
<p>On November 13, 2006, Sun released much of its Java virtual machine (JVM) as <a href="/wiki/Free_and_open-source_software" title="Free and open-source software">free and open-source software</a>, (FOSS), under the terms of the <a href="/wiki/GNU_General_Public_License" title="GNU General Public License">GNU General Public License</a> (GPL). On May 8, 2007, Sun finished the process, making all of its JVM's core code available under <a href="/wiki/Free_software" title="Free software">free software</a>/open-source distribution terms, aside from a small portion of code to which Sun did not hold the copyright.<sup id="cite_ref-31" class="reference"><a href="#cite_note-31">[31]</a></sup></p>
<sup id="cite_ref-31" class="reference"><a href="#cite_note-31">[31]</a></sup>
<sup id="cite_ref-32" class="reference"><a href="#cite_note-32">[32]</a></sup>
<p>Sun's vice-president Rich Green said that Sun's ideal role with regard to Java was as an "evangelist".<sup id="cite_ref-32" class="reference"><a href="#cite_note-32">[32]</a></sup> Following <a href="/wiki/Oracle_Corporation" title="Oracle Corporation">Oracle Corporation</a>'s acquisition of Sun Microsystems in 2009–10, Oracle has described itself as the "steward of Java technology with a relentless commitment to fostering a community of participation and transparency".<sup id="cite_ref-33" class="reference"><a href="#cite_note-33">[33]</a></sup> This did not prevent Oracle from filing a lawsuit against Google shortly after that for using Java inside the Android SDK (see Google section below). Java software runs on everything from <a href="/wiki/Laptop" title="Laptop">laptops</a> to <a href="/wiki/Data_center" title="Data center">data centers</a>, <a href="/wiki/Video_game_console" title="Video game console">game consoles</a> to scientific <a href="/wiki/Supercomputer" title="Supercomputer">supercomputers</a>.<sup id="cite_ref-34" class="reference"><a href="#cite_note-34">[34]</a></sup> On April 2, 2010, James Gosling resigned from Oracle.<sup id="cite_ref-35" class="reference"><a href="#cite_note-35">[35]</a></sup></p>
<sup id="cite_ref-33" class="reference"><a href="#cite_note-33">[33]</a></sup>
<p>Sun's vice-president Rich Green said that Sun's ideal role with regard to Java was as an "evangelist".<sup id="cite_ref-32" class="reference"><a href="#cite_note-32">[32]</a></sup> Following <a href="/wiki/Oracle_Corporation" title="Oracle Corporation">Oracle Corporation</a>'s acquisition of Sun Microsystems in 2009–10, Oracle has described itself as the "steward of Java technology with a relentless commitment to fostering a community of participation and transparency".<sup id="cite_ref-33" class="reference"><a href="#cite_note-33">[33]</a></sup> This did not prevent Oracle from filing a lawsuit against Google shortly after that for using Java inside the Android SDK (see Google section below). Java software runs on everything from <a href="/wiki/Laptop" title="Laptop">laptops</a> to <a href="/wiki/Data_center" title="Data center">data centers</a>, <a href="/wiki/Video_game_console" title="Video game console">game consoles</a> to scientific <a href="/wiki/Supercomputer" title="Supercomputer">supercomputers</a>.<sup id="cite_ref-34" class="reference"><a href="#cite_note-34">[34]</a></sup> On April 2, 2010, James Gosling resigned from Oracle.<sup id="cite_ref-35" class="reference"><a href="#cite_note-35">[35]</a></sup></p>
<p>Sun's vice-president Rich Green said that Sun's ideal role with regard to Java was as an "evangelist".<sup id="cite_ref-32" class="reference"><a href="#cite_note-32">[32]</a></sup> Following <a href="/wiki/Oracle_Corporation" title="Oracle Corporation">Oracle Corporation</a>'s acquisition of Sun Microsystems in 2009–10, Oracle has described itself as the "steward of Java technology with a relentless commitment to fostering a community of participation and transparency".<sup id="cite_ref-33" class="reference"><a href="#cite_note-33">[33]</a></sup> This did not prevent Oracle from filing a lawsuit against Google shortly after that for using Java inside the Android SDK (see Google section below). Java software runs on everything from <a href="/wiki/Laptop" title="Laptop">laptops</a> to <a href="/wiki/Data_center" title="Data center">data centers</a>, <a href="/wiki/Video_game_console" title="Video game console">game consoles</a> to scientific <a href="/wiki/Supercomputer" title="Supercomputer">supercomputers</a>.<sup id="cite_ref-34" class="reference"><a href="#cite_note-34">[34]</a></sup> On April 2, 2010, James Gosling resigned from Oracle.<sup id="cite_ref-35" class="reference"><a href="#cite_note-35">[35]</a></sup></p>
<p>Sun's vice-president Rich Green said that Sun's ideal role with regard to Java was as an "evangelist".<sup id="cite_ref-32" class="reference"><a href="#cite_note-32">[32]</a></sup> Following <a href="/wiki/Oracle_Corporation" title="Oracle Corporation">Oracle Corporation</a>'s acquisition of Sun Microsystems in 2009–10, Oracle has described itself as the "steward of Java technology with a relentless commitment to fostering a community of participation and transparency".<sup id="cite_ref-33" class="reference"><a href="#cite_note-33">[33]</a></sup> This did not prevent Oracle from filing a lawsuit against Google shortly after that for using Java inside the Android SDK (see Google section below). Java software runs on everything from <a href="/wiki/Laptop" title="Laptop">laptops</a> to <a href="/wiki/Data_center" title="Data center">data centers</a>, <a href="/wiki/Video_game_console" title="Video game console">game consoles</a> to scientific <a href="/wiki/Supercomputer" title="Supercomputer">supercomputers</a>.<sup id="cite_ref-34" class="reference"><a href="#cite_note-34">[34]</a></sup> On April 2, 2010, James Gosling resigned from Oracle.<sup id="cite_ref-35" class="reference"><a href="#cite_note-35">[35]</a></sup></p>
<p>Sun's vice-president Rich Green said that Sun's ideal role with regard to Java was as an "evangelist".<sup id="cite_ref-32" class="reference"><a href="#cite_note-32">[32]</a></sup> Following <a href="/wiki/Oracle_Corporation" title="Oracle Corporation">Oracle Corporation</a>'s acquisition of Sun Microsystems in 2009–10, Oracle has described itself as the "steward of Java technology with a relentless commitment to fostering a community of participation and transparency".<sup id="cite_ref-33" class="reference"><a href="#cite_note-33">[33]</a></sup> This did not prevent Oracle from filing a lawsuit against Google shortly after that for using Java inside the Android SDK (see Google section below). Java software runs on everything from <a href="/wiki/Laptop" title="Laptop">laptops</a> to <a href="/wiki/Data_center" title="Data center">data centers</a>, <a href="/wiki/Video_game_console" title="Video game console">game consoles</a> to scientific <a href="/wiki/Supercomputer" title="Supercomputer">supercomputers</a>.<sup id="cite_ref-34" class="reference"><a href="#cite_note-34">[34]</a></sup> On April 2, 2010, James Gosling resigned from Oracle.<sup id="cite_ref-35" class="reference"><a href="#cite_note-35">[35]</a></sup></p>
<sup id="cite_ref-34" class="reference"><a href="#cite_note-34">[34]</a></sup>
<sup id="cite_ref-35" class="reference"><a href="#cite_note-35">[35]</a></sup>
<sup id="cite_ref-design_goals_15-1" class="reference"><a href="#cite_note-design_goals-15">[15]</a></sup>
<sup class="plainlinks noprint asof-tag update" style="display:none;"><a class="external text" href="//en.wikipedia.org/w/index.php?title=Java_(programming_language)&amp;action=edit">[update]</a></sup>
<p>One design goal of Java is portability, which means that programs written for the Java platform must run similarly on any combination of hardware and operating system with adequate runtime support. This is achieved by compiling the Java language code to an intermediate representation called <a href="/wiki/Java_bytecode" title="Java bytecode">Java bytecode</a>, instead of directly to architecture-specific <a href="/wiki/Machine_code" title="Machine code">machine code</a>. Java bytecode instructions are analogous to machine code, but they are intended to be executed by a <a href="/wiki/Virtual_machine" title="Virtual machine">virtual machine</a> (VM) written specifically for the host hardware. <a href="/wiki/End_user" title="End user">End users</a> commonly use a <a href="/wiki/Java_virtual_machine" title="Java virtual machine">Java Runtime Environment</a> (JRE) installed on their own machine for standalone Java applications, or in a web browser for Java <a href="/wiki/Applet" title="Applet">applets</a>.</p>
<p>One design goal of Java is portability, which means that programs written for the Java platform must run similarly on any combination of hardware and operating system with adequate runtime support. This is achieved by compiling the Java language code to an intermediate representation called <a href="/wiki/Java_bytecode" title="Java bytecode">Java bytecode</a>, instead of directly to architecture-specific <a href="/wiki/Machine_code" title="Machine code">machine code</a>. Java bytecode instructions are analogous to machine code, but they are intended to be executed by a <a href="/wiki/Virtual_machine" title="Virtual machine">virtual machine</a> (VM) written specifically for the host hardware. <a href="/wiki/End_user" title="End user">End users</a> commonly use a <a href="/wiki/Java_virtual_machine" title="Java virtual machine">Java Runtime Environment</a> (JRE) installed on their own machine for standalone Java applications, or in a web browser for Java <a href="/wiki/Applet" title="Applet">applets</a>.</p>
<p>One design goal of Java is portability, which means that programs written for the Java platform must run similarly on any combination of hardware and operating system with adequate runtime support. This is achieved by compiling the Java language code to an intermediate representation called <a href="/wiki/Java_bytecode" title="Java bytecode">Java bytecode</a>, instead of directly to architecture-specific <a href="/wiki/Machine_code" title="Machine code">machine code</a>. Java bytecode instructions are analogous to machine code, but they are intended to be executed by a <a href="/wiki/Virtual_machine" title="Virtual machine">virtual machine</a> (VM) written specifically for the host hardware. <a href="/wiki/End_user" title="End user">End users</a> commonly use a <a href="/wiki/Java_virtual_machine" title="Java virtual machine">Java Runtime Environment</a> (JRE) installed on their own machine for standalone Java applications, or in a web browser for Java <a href="/wiki/Applet" title="Applet">applets</a>.</p>
<p>One design goal of Java is portability, which means that programs written for the Java platform must run similarly on any combination of hardware and operating system with adequate runtime support. This is achieved by compiling the Java language code to an intermediate representation called <a href="/wiki/Java_bytecode" title="Java bytecode">Java bytecode</a>, instead of directly to architecture-specific <a href="/wiki/Machine_code" title="Machine code">machine code</a>. Java bytecode instructions are analogous to machine code, but they are intended to be executed by a <a href="/wiki/Virtual_machine" title="Virtual machine">virtual machine</a> (VM) written specifically for the host hardware. <a href="/wiki/End_user" title="End user">End users</a> commonly use a <a href="/wiki/Java_virtual_machine" title="Java virtual machine">Java Runtime Environment</a> (JRE) installed on their own machine for standalone Java applications, or in a web browser for Java <a href="/wiki/Applet" title="Applet">applets</a>.</p>
<p>One design goal of Java is portability, which means that programs written for the Java platform must run similarly on any combination of hardware and operating system with adequate runtime support. This is achieved by compiling the Java language code to an intermediate representation called <a href="/wiki/Java_bytecode" title="Java bytecode">Java bytecode</a>, instead of directly to architecture-specific <a href="/wiki/Machine_code" title="Machine code">machine code</a>. Java bytecode instructions are analogous to machine code, but they are intended to be executed by a <a href="/wiki/Virtual_machine" title="Virtual machine">virtual machine</a> (VM) written specifically for the host hardware. <a href="/wiki/End_user" title="End user">End users</a> commonly use a <a href="/wiki/Java_virtual_machine" title="Java virtual machine">Java Runtime Environment</a> (JRE) installed on their own machine for standalone Java applications, or in a web browser for Java <a href="/wiki/Applet" title="Applet">applets</a>.</p>
<p>One design goal of Java is portability, which means that programs written for the Java platform must run similarly on any combination of hardware and operating system with adequate runtime support. This is achieved by compiling the Java language code to an intermediate representation called <a href="/wiki/Java_bytecode" title="Java bytecode">Java bytecode</a>, instead of directly to architecture-specific <a href="/wiki/Machine_code" title="Machine code">machine code</a>. Java bytecode instructions are analogous to machine code, but they are intended to be executed by a <a href="/wiki/Virtual_machine" title="Virtual machine">virtual machine</a> (VM) written specifically for the host hardware. <a href="/wiki/End_user" title="End user">End users</a> commonly use a <a href="/wiki/Java_virtual_machine" title="Java virtual machine">Java Runtime Environment</a> (JRE) installed on their own machine for standalone Java applications, or in a web browser for Java <a href="/wiki/Applet" title="Applet">applets</a>.</p>
<p>Standard libraries provide a generic way to access host-specific features such as graphics, <a href="/wiki/Thread_(computing)" title="Thread (computing)">threading</a>, and <a href="/wiki/Computer_network" title="Computer network">networking</a>.</p>
<p>Standard libraries provide a generic way to access host-specific features such as graphics, <a href="/wiki/Thread_(computing)" title="Thread (computing)">threading</a>, and <a href="/wiki/Computer_network" title="Computer network">networking</a>.</p>
<p>The use of universal bytecode makes porting simple. However, the overhead of interpreting bytecode into machine instructions makes interpreted programs almost always run more slowly than native <a href="/wiki/Executable" title="Executable">executables</a>. However, <a href="/wiki/Just-in-time_compilation" title="Just-in-time compilation">just-in-time</a> (JIT) compilers that compile bytecodes to machine code during runtime were introduced from an early stage. Java itself is platform-independent, and is adapted to the particular platform it is to run on by a <a href="/wiki/Java_virtual_machine" title="Java virtual machine">Java virtual machine</a> for it, which translates the <a href="/wiki/Java_bytecode" title="Java bytecode">Java bytecode</a> into the platform's machine language.<sup id="cite_ref-36" class="reference"><a href="#cite_note-36">[36]</a></sup></p>
<p>The use of universal bytecode makes porting simple. However, the overhead of interpreting bytecode into machine instructions makes interpreted programs almost always run more slowly than native <a href="/wiki/Executable" title="Executable">executables</a>. However, <a href="/wiki/Just-in-time_compilation" title="Just-in-time compilation">just-in-time</a> (JIT) compilers that compile bytecodes to machine code during runtime were introduced from an early stage. Java itself is platform-independent, and is adapted to the particular platform it is to run on by a <a href="/wiki/Java_virtual_machine" title="Java virtual machine">Java virtual machine</a> for it, which translates the <a href="/wiki/Java_bytecode" title="Java bytecode">Java bytecode</a> into the platform's machine language.<sup id="cite_ref-36" class="reference"><a href="#cite_note-36">[36]</a></sup></p>
<p>The use of universal bytecode makes porting simple. However, the overhead of interpreting bytecode into machine instructions makes interpreted programs almost always run more slowly than native <a href="/wiki/Executable" title="Executable">executables</a>. However, <a href="/wiki/Just-in-time_compilation" title="Just-in-time compilation">just-in-time</a> (JIT) compilers that compile bytecodes to machine code during runtime were introduced from an early stage. Java itself is platform-independent, and is adapted to the particular platform it is to run on by a <a href="/wiki/Java_virtual_machine" title="Java virtual machine">Java virtual machine</a> for it, which translates the <a href="/wiki/Java_bytecode" title="Java bytecode">Java bytecode</a> into the platform's machine language.<sup id="cite_ref-36" class="reference"><a href="#cite_note-36">[36]</a></sup></p>
<p>The use of universal bytecode makes porting simple. However, the overhead of interpreting bytecode into machine instructions makes interpreted programs almost always run more slowly than native <a href="/wiki/Executable" title="Executable">executables</a>. However, <a href="/wiki/Just-in-time_compilation" title="Just-in-time compilation">just-in-time</a> (JIT) compilers that compile bytecodes to machine code during runtime were introduced from an early stage. Java itself is platform-independent, and is adapted to the particular platform it is to run on by a <a href="/wiki/Java_virtual_machine" title="Java virtual machine">Java virtual machine</a> for it, which translates the <a href="/wiki/Java_bytecode" title="Java bytecode">Java bytecode</a> into the platform's machine language.<sup id="cite_ref-36" class="reference"><a href="#cite_note-36">[36]</a></sup></p>
<sup id="cite_ref-36" class="reference"><a href="#cite_note-36">[36]</a></sup>
<p><a href="/wiki/Oracle_Corporation" title="Oracle Corporation">Oracle Corporation</a> is the current owner of the official implementation of the Java SE platform, following their acquisition of <a href="/wiki/Sun_Microsystems" title="Sun Microsystems">Sun Microsystems</a> on January 27, 2010. This implementation is based on the original implementation of Java by Sun. The Oracle implementation is available for <a href="/wiki/Microsoft_Windows" title="Microsoft Windows">Microsoft Windows</a> (still works for XP, while only later versions currently "publicly" supported), <a href="/wiki/OS_X" title="OS X">Mac OS X</a>, <a href="/wiki/Linux" title="Linux">Linux</a> and <a href="/wiki/Solaris_(operating_system)" title="Solaris (operating system)">Solaris</a>. Because Java lacks any formal standardization recognized by <a href="/wiki/Ecma_International" title="Ecma International">Ecma International</a>, ISO/IEC, ANSI, or other third-party standards organization, the Oracle implementation is the <a href="/wiki/De_facto_standard" title="De facto standard">de facto standard</a>.</p>
<p><a href="/wiki/Oracle_Corporation" title="Oracle Corporation">Oracle Corporation</a> is the current owner of the official implementation of the Java SE platform, following their acquisition of <a href="/wiki/Sun_Microsystems" title="Sun Microsystems">Sun Microsystems</a> on January 27, 2010. This implementation is based on the original implementation of Java by Sun. The Oracle implementation is available for <a href="/wiki/Microsoft_Windows" title="Microsoft Windows">Microsoft Windows</a> (still works for XP, while only later versions currently "publicly" supported), <a href="/wiki/OS_X" title="OS X">Mac OS X</a>, <a href="/wiki/Linux" title="Linux">Linux</a> and <a href="/wiki/Solaris_(operating_system)" title="Solaris (operating system)">Solaris</a>. Because Java lacks any formal standardization recognized by <a href="/wiki/Ecma_International" title="Ecma International">Ecma International</a>, ISO/IEC, ANSI, or other third-party standards organization, the Oracle implementation is the <a href="/wiki/De_facto_standard" title="De facto standard">de facto standard</a>.</p>
<p><a href="/wiki/Oracle_Corporation" title="Oracle Corporation">Oracle Corporation</a> is the current owner of the official implementation of the Java SE platform, following their acquisition of <a href="/wiki/Sun_Microsystems" title="Sun Microsystems">Sun Microsystems</a> on January 27, 2010. This implementation is based on the original implementation of Java by Sun. The Oracle implementation is available for <a href="/wiki/Microsoft_Windows" title="Microsoft Windows">Microsoft Windows</a> (still works for XP, while only later versions currently "publicly" supported), <a href="/wiki/OS_X" title="OS X">Mac OS X</a>, <a href="/wiki/Linux" title="Linux">Linux</a> and <a href="/wiki/Solaris_(operating_system)" title="Solaris (operating system)">Solaris</a>. Because Java lacks any formal standardization recognized by <a href="/wiki/Ecma_International" title="Ecma International">Ecma International</a>, ISO/IEC, ANSI, or other third-party standards organization, the Oracle implementation is the <a href="/wiki/De_facto_standard" title="De facto standard">de facto standard</a>.</p>
<p><a href="/wiki/Oracle_Corporation" title="Oracle Corporation">Oracle Corporation</a> is the current owner of the official implementation of the Java SE platform, following their acquisition of <a href="/wiki/Sun_Microsystems" title="Sun Microsystems">Sun Microsystems</a> on January 27, 2010. This implementation is based on the original implementation of Java by Sun. The Oracle implementation is available for <a href="/wiki/Microsoft_Windows" title="Microsoft Windows">Microsoft Windows</a> (still works for XP, while only later versions currently "publicly" supported), <a href="/wiki/OS_X" title="OS X">Mac OS X</a>, <a href="/wiki/Linux" title="Linux">Linux</a> and <a href="/wiki/Solaris_(operating_system)" title="Solaris (operating system)">Solaris</a>. Because Java lacks any formal standardization recognized by <a href="/wiki/Ecma_International" title="Ecma International">Ecma International</a>, ISO/IEC, ANSI, or other third-party standards organization, the Oracle implementation is the <a href="/wiki/De_facto_standard" title="De facto standard">de facto standard</a>.</p>
<p><a href="/wiki/Oracle_Corporation" title="Oracle Corporation">Oracle Corporation</a> is the current owner of the official implementation of the Java SE platform, following their acquisition of <a href="/wiki/Sun_Microsystems" title="Sun Microsystems">Sun Microsystems</a> on January 27, 2010. This implementation is based on the original implementation of Java by Sun. The Oracle implementation is available for <a href="/wiki/Microsoft_Windows" title="Microsoft Windows">Microsoft Windows</a> (still works for XP, while only later versions currently "publicly" supported), <a href="/wiki/OS_X" title="OS X">Mac OS X</a>, <a href="/wiki/Linux" title="Linux">Linux</a> and <a href="/wiki/Solaris_(operating_system)" title="Solaris (operating system)">Solaris</a>. Because Java lacks any formal standardization recognized by <a href="/wiki/Ecma_International" title="Ecma International">Ecma International</a>, ISO/IEC, ANSI, or other third-party standards organization, the Oracle implementation is the <a href="/wiki/De_facto_standard" title="De facto standard">de facto standard</a>.</p>
<p><a href="/wiki/Oracle_Corporation" title="Oracle Corporation">Oracle Corporation</a> is the current owner of the official implementation of the Java SE platform, following their acquisition of <a href="/wiki/Sun_Microsystems" title="Sun Microsystems">Sun Microsystems</a> on January 27, 2010. This implementation is based on the original implementation of Java by Sun. The Oracle implementation is available for <a href="/wiki/Microsoft_Windows" title="Microsoft Windows">Microsoft Windows</a> (still works for XP, while only later versions currently "publicly" supported), <a href="/wiki/OS_X" title="OS X">Mac OS X</a>, <a href="/wiki/Linux" title="Linux">Linux</a> and <a href="/wiki/Solaris_(operating_system)" title="Solaris (operating system)">Solaris</a>. Because Java lacks any formal standardization recognized by <a href="/wiki/Ecma_International" title="Ecma International">Ecma International</a>, ISO/IEC, ANSI, or other third-party standards organization, the Oracle implementation is the <a href="/wiki/De_facto_standard" title="De facto standard">de facto standard</a>.</p>
<p><a href="/wiki/Oracle_Corporation" title="Oracle Corporation">Oracle Corporation</a> is the current owner of the official implementation of the Java SE platform, following their acquisition of <a href="/wiki/Sun_Microsystems" title="Sun Microsystems">Sun Microsystems</a> on January 27, 2010. This implementation is based on the original implementation of Java by Sun. The Oracle implementation is available for <a href="/wiki/Microsoft_Windows" title="Microsoft Windows">Microsoft Windows</a> (still works for XP, while only later versions currently "publicly" supported), <a href="/wiki/OS_X" title="OS X">Mac OS X</a>, <a href="/wiki/Linux" title="Linux">Linux</a> and <a href="/wiki/Solaris_(operating_system)" title="Solaris (operating system)">Solaris</a>. Because Java lacks any formal standardization recognized by <a href="/wiki/Ecma_International" title="Ecma International">Ecma International</a>, ISO/IEC, ANSI, or other third-party standards organization, the Oracle implementation is the <a href="/wiki/De_facto_standard" title="De facto standard">de facto standard</a>.</p>
<p><a href="/wiki/Oracle_Corporation" title="Oracle Corporation">Oracle Corporation</a> is the current owner of the official implementation of the Java SE platform, following their acquisition of <a href="/wiki/Sun_Microsystems" title="Sun Microsystems">Sun Microsystems</a> on January 27, 2010. This implementation is based on the original implementation of Java by Sun. The Oracle implementation is available for <a href="/wiki/Microsoft_Windows" title="Microsoft Windows">Microsoft Windows</a> (still works for XP, while only later versions currently "publicly" supported), <a href="/wiki/OS_X" title="OS X">Mac OS X</a>, <a href="/wiki/Linux" title="Linux">Linux</a> and <a href="/wiki/Solaris_(operating_system)" title="Solaris (operating system)">Solaris</a>. Because Java lacks any formal standardization recognized by <a href="/wiki/Ecma_International" title="Ecma International">Ecma International</a>, ISO/IEC, ANSI, or other third-party standards organization, the Oracle implementation is the <a href="/wiki/De_facto_standard" title="De facto standard">de facto standard</a>.</p>
<p>The Oracle implementation is packaged into two different distributions: The Java Runtime Environment (JRE) which contains the parts of the Java SE platform required to run Java programs and is intended for end users, and the <a href="/wiki/Java_Development_Kit" title="Java Development Kit">Java Development Kit</a> (JDK), which is intended for software developers and includes development tools such as the <a href="/wiki/Java_compiler" title="Java compiler">Java compiler</a>, <a href="/wiki/Javadoc" title="Javadoc">Javadoc</a>, <a href="/wiki/JAR_(file_format)" title="JAR (file format)">Jar</a>, and a <a href="/wiki/Debugger" title="Debugger">debugger</a>.</p>
<p>The Oracle implementation is packaged into two different distributions: The Java Runtime Environment (JRE) which contains the parts of the Java SE platform required to run Java programs and is intended for end users, and the <a href="/wiki/Java_Development_Kit" title="Java Development Kit">Java Development Kit</a> (JDK), which is intended for software developers and includes development tools such as the <a href="/wiki/Java_compiler" title="Java compiler">Java compiler</a>, <a href="/wiki/Javadoc" title="Javadoc">Javadoc</a>, <a href="/wiki/JAR_(file_format)" title="JAR (file format)">Jar</a>, and a <a href="/wiki/Debugger" title="Debugger">debugger</a>.</p>
<p>The Oracle implementation is packaged into two different distributions: The Java Runtime Environment (JRE) which contains the parts of the Java SE platform required to run Java programs and is intended for end users, and the <a href="/wiki/Java_Development_Kit" title="Java Development Kit">Java Development Kit</a> (JDK), which is intended for software developers and includes development tools such as the <a href="/wiki/Java_compiler" title="Java compiler">Java compiler</a>, <a href="/wiki/Javadoc" title="Javadoc">Javadoc</a>, <a href="/wiki/JAR_(file_format)" title="JAR (file format)">Jar</a>, and a <a href="/wiki/Debugger" title="Debugger">debugger</a>.</p>
<p>The Oracle implementation is packaged into two different distributions: The Java Runtime Environment (JRE) which contains the parts of the Java SE platform required to run Java programs and is intended for end users, and the <a href="/wiki/Java_Development_Kit" title="Java Development Kit">Java Development Kit</a> (JDK), which is intended for software developers and includes development tools such as the <a href="/wiki/Java_compiler" title="Java compiler">Java compiler</a>, <a href="/wiki/Javadoc" title="Javadoc">Javadoc</a>, <a href="/wiki/JAR_(file_format)" title="JAR (file format)">Jar</a>, and a <a href="/wiki/Debugger" title="Debugger">debugger</a>.</p>
<p>The Oracle implementation is packaged into two different distributions: The Java Runtime Environment (JRE) which contains the parts of the Java SE platform required to run Java programs and is intended for end users, and the <a href="/wiki/Java_Development_Kit" title="Java Development Kit">Java Development Kit</a> (JDK), which is intended for software developers and includes development tools such as the <a href="/wiki/Java_compiler" title="Java compiler">Java compiler</a>, <a href="/wiki/Javadoc" title="Javadoc">Javadoc</a>, <a href="/wiki/JAR_(file_format)" title="JAR (file format)">Jar</a>, and a <a href="/wiki/Debugger" title="Debugger">debugger</a>.</p>
<p><a href="/wiki/OpenJDK" title="OpenJDK">OpenJDK</a> is another notable Java SE implementation that is licensed under the GNU GPL. The implementation started when Sun began releasing the Java source code under the GPL. As of Java SE 7, OpenJDK is the official Java reference implementation.</p>
<p>The goal of Java is to make all implementations of Java compatible. Historically, Sun's trademark license for usage of the Java brand insists that all implementations be "compatible". This resulted in a legal dispute with <a href="/wiki/Microsoft" title="Microsoft">Microsoft</a> after Sun claimed that the Microsoft implementation did not support <a href="/wiki/Java_remote_method_invocation" title="Java remote method invocation">RMI</a> or <a href="/wiki/Java_Native_Interface" title="Java Native Interface">JNI</a> and had added platform-specific features of their own. Sun sued in 1997, and in 2001 won a settlement of US$20 million, as well as a court order enforcing the terms of the license from Sun.<sup id="cite_ref-37" class="reference"><a href="#cite_note-37">[37]</a></sup> As a result, Microsoft no longer ships Java with <a href="/wiki/Microsoft_Windows" title="Microsoft Windows">Windows</a>.</p>
<p>The goal of Java is to make all implementations of Java compatible. Historically, Sun's trademark license for usage of the Java brand insists that all implementations be "compatible". This resulted in a legal dispute with <a href="/wiki/Microsoft" title="Microsoft">Microsoft</a> after Sun claimed that the Microsoft implementation did not support <a href="/wiki/Java_remote_method_invocation" title="Java remote method invocation">RMI</a> or <a href="/wiki/Java_Native_Interface" title="Java Native Interface">JNI</a> and had added platform-specific features of their own. Sun sued in 1997, and in 2001 won a settlement of US$20 million, as well as a court order enforcing the terms of the license from Sun.<sup id="cite_ref-37" class="reference"><a href="#cite_note-37">[37]</a></sup> As a result, Microsoft no longer ships Java with <a href="/wiki/Microsoft_Windows" title="Microsoft Windows">Windows</a>.</p>
<p>The goal of Java is to make all implementations of Java compatible. Historically, Sun's trademark license for usage of the Java brand insists that all implementations be "compatible". This resulted in a legal dispute with <a href="/wiki/Microsoft" title="Microsoft">Microsoft</a> after Sun claimed that the Microsoft implementation did not support <a href="/wiki/Java_remote_method_invocation" title="Java remote method invocation">RMI</a> or <a href="/wiki/Java_Native_Interface" title="Java Native Interface">JNI</a> and had added platform-specific features of their own. Sun sued in 1997, and in 2001 won a settlement of US$20 million, as well as a court order enforcing the terms of the license from Sun.<sup id="cite_ref-37" class="reference"><a href="#cite_note-37">[37]</a></sup> As a result, Microsoft no longer ships Java with <a href="/wiki/Microsoft_Windows" title="Microsoft Windows">Windows</a>.</p>
<sup id="cite_ref-37" class="reference"><a href="#cite_note-37">[37]</a></sup>
<p>The goal of Java is to make all implementations of Java compatible. Historically, Sun's trademark license for usage of the Java brand insists that all implementations be "compatible". This resulted in a legal dispute with <a href="/wiki/Microsoft" title="Microsoft">Microsoft</a> after Sun claimed that the Microsoft implementation did not support <a href="/wiki/Java_remote_method_invocation" title="Java remote method invocation">RMI</a> or <a href="/wiki/Java_Native_Interface" title="Java Native Interface">JNI</a> and had added platform-specific features of their own. Sun sued in 1997, and in 2001 won a settlement of US$20 million, as well as a court order enforcing the terms of the license from Sun.<sup id="cite_ref-37" class="reference"><a href="#cite_note-37">[37]</a></sup> As a result, Microsoft no longer ships Java with <a href="/wiki/Microsoft_Windows" title="Microsoft Windows">Windows</a>.</p>
<p>Platform-independent Java is essential to <a href="/wiki/Java_Platform,_Enterprise_Edition" title="Java Platform, Enterprise Edition">Java EE</a>, and an even more rigorous validation is required to certify an implementation. This environment enables portable server-side applications.</p>
<sup id="cite_ref-38" class="reference"><a href="#cite_note-38">[38]</a></sup>
<sup id="cite_ref-39" class="reference"><a href="#cite_note-39">[39]</a></sup>
<p>Programs written in Java have a reputation for being slower and requiring more memory than those written in C++.<sup id="cite_ref-38" class="reference"><a href="#cite_note-38">[38]</a></sup><sup id="cite_ref-39" class="reference"><a href="#cite_note-39">[39]</a></sup> However, Java programs' execution speed improved significantly with the introduction of <a href="/wiki/Just-in-time_compilation" title="Just-in-time compilation">just-in-time compilation</a> in 1997/1998 for <a href="/wiki/Java_version_history" title="Java version history">Java 1.1</a>,<sup id="cite_ref-40" class="reference"><a href="#cite_note-40">[40]</a></sup> the addition of language features supporting better code analysis (such as inner classes, the StringBuilder class, optional assertions, etc.), and optimizations in the Java virtual machine, such as <a href="/wiki/HotSpot" title="HotSpot">HotSpot</a> becoming the default for Sun's JVM in 2000. With Java 1.5, the performance was improved with the addition of the java.util.concurrent package, including <a href="/wiki/Lock_free" title="Lock free" class="mw-redirect">Lock free</a> implementations of the <a href="/wiki/Java_ConcurrentMap" title="Java ConcurrentMap">ConcurrentMaps</a> and other multi-core collections, and it was improved further Java 1.6.</p>
<p>Programs written in Java have a reputation for being slower and requiring more memory than those written in C++.<sup id="cite_ref-38" class="reference"><a href="#cite_note-38">[38]</a></sup><sup id="cite_ref-39" class="reference"><a href="#cite_note-39">[39]</a></sup> However, Java programs' execution speed improved significantly with the introduction of <a href="/wiki/Just-in-time_compilation" title="Just-in-time compilation">just-in-time compilation</a> in 1997/1998 for <a href="/wiki/Java_version_history" title="Java version history">Java 1.1</a>,<sup id="cite_ref-40" class="reference"><a href="#cite_note-40">[40]</a></sup> the addition of language features supporting better code analysis (such as inner classes, the StringBuilder class, optional assertions, etc.), and optimizations in the Java virtual machine, such as <a href="/wiki/HotSpot" title="HotSpot">HotSpot</a> becoming the default for Sun's JVM in 2000. With Java 1.5, the performance was improved with the addition of the java.util.concurrent package, including <a href="/wiki/Lock_free" title="Lock free" class="mw-redirect">Lock free</a> implementations of the <a href="/wiki/Java_ConcurrentMap" title="Java ConcurrentMap">ConcurrentMaps</a> and other multi-core collections, and it was improved further Java 1.6.</p>
<sup id="cite_ref-40" class="reference"><a href="#cite_note-40">[40]</a></sup>
<p>Programs written in Java have a reputation for being slower and requiring more memory than those written in C++.<sup id="cite_ref-38" class="reference"><a href="#cite_note-38">[38]</a></sup><sup id="cite_ref-39" class="reference"><a href="#cite_note-39">[39]</a></sup> However, Java programs' execution speed improved significantly with the introduction of <a href="/wiki/Just-in-time_compilation" title="Just-in-time compilation">just-in-time compilation</a> in 1997/1998 for <a href="/wiki/Java_version_history" title="Java version history">Java 1.1</a>,<sup id="cite_ref-40" class="reference"><a href="#cite_note-40">[40]</a></sup> the addition of language features supporting better code analysis (such as inner classes, the StringBuilder class, optional assertions, etc.), and optimizations in the Java virtual machine, such as <a href="/wiki/HotSpot" title="HotSpot">HotSpot</a> becoming the default for Sun's JVM in 2000. With Java 1.5, the performance was improved with the addition of the java.util.concurrent package, including <a href="/wiki/Lock_free" title="Lock free" class="mw-redirect">Lock free</a> implementations of the <a href="/wiki/Java_ConcurrentMap" title="Java ConcurrentMap">ConcurrentMaps</a> and other multi-core collections, and it was improved further Java 1.6.</p>
<p>Programs written in Java have a reputation for being slower and requiring more memory than those written in C++.<sup id="cite_ref-38" class="reference"><a href="#cite_note-38">[38]</a></sup><sup id="cite_ref-39" class="reference"><a href="#cite_note-39">[39]</a></sup> However, Java programs' execution speed improved significantly with the introduction of <a href="/wiki/Just-in-time_compilation" title="Just-in-time compilation">just-in-time compilation</a> in 1997/1998 for <a href="/wiki/Java_version_history" title="Java version history">Java 1.1</a>,<sup id="cite_ref-40" class="reference"><a href="#cite_note-40">[40]</a></sup> the addition of language features supporting better code analysis (such as inner classes, the StringBuilder class, optional assertions, etc.), and optimizations in the Java virtual machine, such as <a href="/wiki/HotSpot" title="HotSpot">HotSpot</a> becoming the default for Sun's JVM in 2000. With Java 1.5, the performance was improved with the addition of the java.util.concurrent package, including <a href="/wiki/Lock_free" title="Lock free" class="mw-redirect">Lock free</a> implementations of the <a href="/wiki/Java_ConcurrentMap" title="Java ConcurrentMap">ConcurrentMaps</a> and other multi-core collections, and it was improved further Java 1.6.</p>
<p>Programs written in Java have a reputation for being slower and requiring more memory than those written in C++.<sup id="cite_ref-38" class="reference"><a href="#cite_note-38">[38]</a></sup><sup id="cite_ref-39" class="reference"><a href="#cite_note-39">[39]</a></sup> However, Java programs' execution speed improved significantly with the introduction of <a href="/wiki/Just-in-time_compilation" title="Just-in-time compilation">just-in-time compilation</a> in 1997/1998 for <a href="/wiki/Java_version_history" title="Java version history">Java 1.1</a>,<sup id="cite_ref-40" class="reference"><a href="#cite_note-40">[40]</a></sup> the addition of language features supporting better code analysis (such as inner classes, the StringBuilder class, optional assertions, etc.), and optimizations in the Java virtual machine, such as <a href="/wiki/HotSpot" title="HotSpot">HotSpot</a> becoming the default for Sun's JVM in 2000. With Java 1.5, the performance was improved with the addition of the java.util.concurrent package, including <a href="/wiki/Lock_free" title="Lock free" class="mw-redirect">Lock free</a> implementations of the <a href="/wiki/Java_ConcurrentMap" title="Java ConcurrentMap">ConcurrentMaps</a> and other multi-core collections, and it was improved further Java 1.6.</p>
<p>Some platforms offer direct hardware support for Java; there are microcontrollers that can run Java in hardware instead of a software Java virtual machine, and <a href="/wiki/ARM_architecture" title="ARM architecture">ARM</a> based processors can have hardware support for executing Java bytecode through their <a href="/wiki/Jazelle" title="Jazelle">Jazelle</a> option (while its support is mostly dropped in current implementations of ARM).</p>
<p>Some platforms offer direct hardware support for Java; there are microcontrollers that can run Java in hardware instead of a software Java virtual machine, and <a href="/wiki/ARM_architecture" title="ARM architecture">ARM</a> based processors can have hardware support for executing Java bytecode through their <a href="/wiki/Jazelle" title="Jazelle">Jazelle</a> option (while its support is mostly dropped in current implementations of ARM).</p>
<p>Java uses an <a href="/wiki/Garbage_collection_(computer_science)" title="Garbage collection (computer science)">automatic garbage collector</a> to manage memory in the <a href="/wiki/Object_lifetime" title="Object lifetime">object lifecycle</a>. The programmer determines when objects are created, and the Java runtime is responsible for recovering the memory once objects are no longer in use. Once no references to an object remain, the <a href="/wiki/Unreachable_memory" title="Unreachable memory">unreachable memory</a> becomes eligible to be freed automatically by the garbage collector. Something similar to a <a href="/wiki/Memory_leak" title="Memory leak">memory leak</a> may still occur if a programmer's code holds a reference to an object that is no longer needed, typically when objects that are no longer needed are stored in containers that are still in use. If methods for a nonexistent object are called, a "null pointer exception" is thrown.<sup id="cite_ref-41" class="reference"><a href="#cite_note-41">[41]</a></sup><sup id="cite_ref-42" class="reference"><a href="#cite_note-42">[42]</a></sup></p>
<p>Java uses an <a href="/wiki/Garbage_collection_(computer_science)" title="Garbage collection (computer science)">automatic garbage collector</a> to manage memory in the <a href="/wiki/Object_lifetime" title="Object lifetime">object lifecycle</a>. The programmer determines when objects are created, and the Java runtime is responsible for recovering the memory once objects are no longer in use. Once no references to an object remain, the <a href="/wiki/Unreachable_memory" title="Unreachable memory">unreachable memory</a> becomes eligible to be freed automatically by the garbage collector. Something similar to a <a href="/wiki/Memory_leak" title="Memory leak">memory leak</a> may still occur if a programmer's code holds a reference to an object that is no longer needed, typically when objects that are no longer needed are stored in containers that are still in use. If methods for a nonexistent object are called, a "null pointer exception" is thrown.<sup id="cite_ref-41" class="reference"><a href="#cite_note-41">[41]</a></sup><sup id="cite_ref-42" class="reference"><a href="#cite_note-42">[42]</a></sup></p>
<p>Java uses an <a href="/wiki/Garbage_collection_(computer_science)" title="Garbage collection (computer science)">automatic garbage collector</a> to manage memory in the <a href="/wiki/Object_lifetime" title="Object lifetime">object lifecycle</a>. The programmer determines when objects are created, and the Java runtime is responsible for recovering the memory once objects are no longer in use. Once no references to an object remain, the <a href="/wiki/Unreachable_memory" title="Unreachable memory">unreachable memory</a> becomes eligible to be freed automatically by the garbage collector. Something similar to a <a href="/wiki/Memory_leak" title="Memory leak">memory leak</a> may still occur if a programmer's code holds a reference to an object that is no longer needed, typically when objects that are no longer needed are stored in containers that are still in use. If methods for a nonexistent object are called, a "null pointer exception" is thrown.<sup id="cite_ref-41" class="reference"><a href="#cite_note-41">[41]</a></sup><sup id="cite_ref-42" class="reference"><a href="#cite_note-42">[42]</a></sup></p>
<p>Java uses an <a href="/wiki/Garbage_collection_(computer_science)" title="Garbage collection (computer science)">automatic garbage collector</a> to manage memory in the <a href="/wiki/Object_lifetime" title="Object lifetime">object lifecycle</a>. The programmer determines when objects are created, and the Java runtime is responsible for recovering the memory once objects are no longer in use. Once no references to an object remain, the <a href="/wiki/Unreachable_memory" title="Unreachable memory">unreachable memory</a> becomes eligible to be freed automatically by the garbage collector. Something similar to a <a href="/wiki/Memory_leak" title="Memory leak">memory leak</a> may still occur if a programmer's code holds a reference to an object that is no longer needed, typically when objects that are no longer needed are stored in containers that are still in use. If methods for a nonexistent object are called, a "null pointer exception" is thrown.<sup id="cite_ref-41" class="reference"><a href="#cite_note-41">[41]</a></sup><sup id="cite_ref-42" class="reference"><a href="#cite_note-42">[42]</a></sup></p>
<sup id="cite_ref-41" class="reference"><a href="#cite_note-41">[41]</a></sup>
<sup id="cite_ref-42" class="reference"><a href="#cite_note-42">[42]</a></sup>
<p>One of the ideas behind Java's automatic memory management model is that programmers can be spared the burden of having to perform manual memory management. In some languages, memory for the creation of objects is implicitly allocated on the <a href="/wiki/Stack_(abstract_data_type)" title="Stack (abstract data type)">stack</a>, or explicitly allocated and deallocated from the <a href="/wiki/Memory_management#DYNAMIC" title="Memory management">heap</a>. In the latter case the responsibility of managing memory resides with the programmer. If the program does not deallocate an object, a <a href="/wiki/Memory_leak" title="Memory leak">memory leak</a> occurs. If the program attempts to access or deallocate memory that has already been deallocated, the result is undefined and difficult to predict, and the program is likely to become unstable and/or crash. This can be partially remedied by the use of <a href="/wiki/Smart_pointer" title="Smart pointer">smart pointers</a>, but these add overhead and complexity. Note that garbage collection does not prevent "logical" memory leaks, <i>i.e.</i>, those where the memory is still referenced but never used.</p>
<p>One of the ideas behind Java's automatic memory management model is that programmers can be spared the burden of having to perform manual memory management. In some languages, memory for the creation of objects is implicitly allocated on the <a href="/wiki/Stack_(abstract_data_type)" title="Stack (abstract data type)">stack</a>, or explicitly allocated and deallocated from the <a href="/wiki/Memory_management#DYNAMIC" title="Memory management">heap</a>. In the latter case the responsibility of managing memory resides with the programmer. If the program does not deallocate an object, a <a href="/wiki/Memory_leak" title="Memory leak">memory leak</a> occurs. If the program attempts to access or deallocate memory that has already been deallocated, the result is undefined and difficult to predict, and the program is likely to become unstable and/or crash. This can be partially remedied by the use of <a href="/wiki/Smart_pointer" title="Smart pointer">smart pointers</a>, but these add overhead and complexity. Note that garbage collection does not prevent "logical" memory leaks, <i>i.e.</i>, those where the memory is still referenced but never used.</p>
<p>One of the ideas behind Java's automatic memory management model is that programmers can be spared the burden of having to perform manual memory management. In some languages, memory for the creation of objects is implicitly allocated on the <a href="/wiki/Stack_(abstract_data_type)" title="Stack (abstract data type)">stack</a>, or explicitly allocated and deallocated from the <a href="/wiki/Memory_management#DYNAMIC" title="Memory management">heap</a>. In the latter case the responsibility of managing memory resides with the programmer. If the program does not deallocate an object, a <a href="/wiki/Memory_leak" title="Memory leak">memory leak</a> occurs. If the program attempts to access or deallocate memory that has already been deallocated, the result is undefined and difficult to predict, and the program is likely to become unstable and/or crash. This can be partially remedied by the use of <a href="/wiki/Smart_pointer" title="Smart pointer">smart pointers</a>, but these add overhead and complexity. Note that garbage collection does not prevent "logical" memory leaks, <i>i.e.</i>, those where the memory is still referenced but never used.</p>
<p>One of the ideas behind Java's automatic memory management model is that programmers can be spared the burden of having to perform manual memory management. In some languages, memory for the creation of objects is implicitly allocated on the <a href="/wiki/Stack_(abstract_data_type)" title="Stack (abstract data type)">stack</a>, or explicitly allocated and deallocated from the <a href="/wiki/Memory_management#DYNAMIC" title="Memory management">heap</a>. In the latter case the responsibility of managing memory resides with the programmer. If the program does not deallocate an object, a <a href="/wiki/Memory_leak" title="Memory leak">memory leak</a> occurs. If the program attempts to access or deallocate memory that has already been deallocated, the result is undefined and difficult to predict, and the program is likely to become unstable and/or crash. This can be partially remedied by the use of <a href="/wiki/Smart_pointer" title="Smart pointer">smart pointers</a>, but these add overhead and complexity. Note that garbage collection does not prevent "logical" memory leaks, <i>i.e.</i>, those where the memory is still referenced but never used.</p>
<p>Java does not support C/C++ style <a href="/wiki/Pointer_(computer_programming)" title="Pointer (computer programming)">pointer arithmetic</a>, where object addresses and unsigned integers (usually long integers) can be used interchangeably. This allows the garbage collector to relocate referenced objects and ensures type safety and security.</p>
<p>As in C++ and some other object-oriented languages, variables of Java's <a href="/wiki/Primitive_data_type" title="Primitive data type">primitive data types</a> are either stored directly in fields (for objects) or on the <a href="/wiki/Stack-based_memory_allocation" title="Stack-based memory allocation">stack</a> (for methods) rather than on the heap, as is commonly true for non-primitive data types (but see <a href="/wiki/Escape_analysis" title="Escape analysis">escape analysis</a>). This was a conscious decision by Java's designers for performance reasons.</p>
<p>As in C++ and some other object-oriented languages, variables of Java's <a href="/wiki/Primitive_data_type" title="Primitive data type">primitive data types</a> are either stored directly in fields (for objects) or on the <a href="/wiki/Stack-based_memory_allocation" title="Stack-based memory allocation">stack</a> (for methods) rather than on the heap, as is commonly true for non-primitive data types (but see <a href="/wiki/Escape_analysis" title="Escape analysis">escape analysis</a>). This was a conscious decision by Java's designers for performance reasons.</p>
<p>As in C++ and some other object-oriented languages, variables of Java's <a href="/wiki/Primitive_data_type" title="Primitive data type">primitive data types</a> are either stored directly in fields (for objects) or on the <a href="/wiki/Stack-based_memory_allocation" title="Stack-based memory allocation">stack</a> (for methods) rather than on the heap, as is commonly true for non-primitive data types (but see <a href="/wiki/Escape_analysis" title="Escape analysis">escape analysis</a>). This was a conscious decision by Java's designers for performance reasons.</p>
<i><a href="/wiki/Wikipedia:Citation_needed" title="Wikipedia:Citation needed"><span title="This claim needs references to reliable sources. (June 2013)">citation needed</span></a></i>
<p>Java contains multiple types of garbage collectors. By default,<sup class="noprint Inline-Template Template-Fact" style="white-space:nowrap;">[<i><a href="/wiki/Wikipedia:Citation_needed" title="Wikipedia:Citation needed"><span title="This claim needs references to reliable sources. (June 2013)">citation needed</span></a></i>]</sup> HotSpot uses the <a href="/w/index.php?title=Parallel_scavenge_garbage_collector&amp;action=edit&amp;redlink=1" class="new" title="Parallel scavenge garbage collector (page does not exist)">parallel scavenge garbage collector</a>. However, there are also several other garbage collectors that can be used to manage the heap. For 90% of applications in Java, the <a href="/wiki/Concurrent_mark_sweep_collector" title="Concurrent mark sweep collector">Concurrent Mark-Sweep</a> (CMS) garbage collector is sufficient.<sup id="cite_ref-43" class="reference"><a href="#cite_note-43">[43]</a></sup> Oracle aims to replace CMS with the <a href="/w/index.php?title=Garbage-First_collector&amp;action=edit&amp;redlink=1" class="new" title="Garbage-First collector (page does not exist)">Garbage-First collector</a> (G1).<sup id="cite_ref-44" class="reference"><a href="#cite_note-44">[44]</a></sup></p>
<p>Java contains multiple types of garbage collectors. By default,<sup class="noprint Inline-Template Template-Fact" style="white-space:nowrap;">[<i><a href="/wiki/Wikipedia:Citation_needed" title="Wikipedia:Citation needed"><span title="This claim needs references to reliable sources. (June 2013)">citation needed</span></a></i>]</sup> HotSpot uses the <a href="/w/index.php?title=Parallel_scavenge_garbage_collector&amp;action=edit&amp;redlink=1" class="new" title="Parallel scavenge garbage collector (page does not exist)">parallel scavenge garbage collector</a>. However, there are also several other garbage collectors that can be used to manage the heap. For 90% of applications in Java, the <a href="/wiki/Concurrent_mark_sweep_collector" title="Concurrent mark sweep collector">Concurrent Mark-Sweep</a> (CMS) garbage collector is sufficient.<sup id="cite_ref-43" class="reference"><a href="#cite_note-43">[43]</a></sup> Oracle aims to replace CMS with the <a href="/w/index.php?title=Garbage-First_collector&amp;action=edit&amp;redlink=1" class="new" title="Garbage-First collector (page does not exist)">Garbage-First collector</a> (G1).<sup id="cite_ref-44" class="reference"><a href="#cite_note-44">[44]</a></sup></p>
<sup id="cite_ref-43" class="reference"><a href="#cite_note-43">[43]</a></sup>
<p>Java contains multiple types of garbage collectors. By default,<sup class="noprint Inline-Template Template-Fact" style="white-space:nowrap;">[<i><a href="/wiki/Wikipedia:Citation_needed" title="Wikipedia:Citation needed"><span title="This claim needs references to reliable sources. (June 2013)">citation needed</span></a></i>]</sup> HotSpot uses the <a href="/w/index.php?title=Parallel_scavenge_garbage_collector&amp;action=edit&amp;redlink=1" class="new" title="Parallel scavenge garbage collector (page does not exist)">parallel scavenge garbage collector</a>. However, there are also several other garbage collectors that can be used to manage the heap. For 90% of applications in Java, the <a href="/wiki/Concurrent_mark_sweep_collector" title="Concurrent mark sweep collector">Concurrent Mark-Sweep</a> (CMS) garbage collector is sufficient.<sup id="cite_ref-43" class="reference"><a href="#cite_note-43">[43]</a></sup> Oracle aims to replace CMS with the <a href="/w/index.php?title=Garbage-First_collector&amp;action=edit&amp;redlink=1" class="new" title="Garbage-First collector (page does not exist)">Garbage-First collector</a> (G1).<sup id="cite_ref-44" class="reference"><a href="#cite_note-44">[44]</a></sup></p>
<sup id="cite_ref-44" class="reference"><a href="#cite_note-44">[44]</a></sup>
<p>The syntax of Java is largely influenced by <a href="/wiki/C%2B%2B" title="C++">C++</a>. Unlike C++, which combines the syntax for structured, generic, and object-oriented programming, Java was built almost exclusively as an object-oriented language.<sup id="cite_ref-design_goals_15-2" class="reference"><a href="#cite_note-design_goals-15">[15]</a></sup> All code is written inside classes, and every data item is an object, with the exception of the primitive data types, <i>i.e.</i> integers, floating-point numbers, <a href="/wiki/Boolean_data_type" title="Boolean data type">boolean values</a>, and characters, which are not objects for performance reasons. Java reuses some popular aspects of C++ (such as printf() method).</p>
<sup id="cite_ref-design_goals_15-2" class="reference"><a href="#cite_note-design_goals-15">[15]</a></sup>
<p>The syntax of Java is largely influenced by <a href="/wiki/C%2B%2B" title="C++">C++</a>. Unlike C++, which combines the syntax for structured, generic, and object-oriented programming, Java was built almost exclusively as an object-oriented language.<sup id="cite_ref-design_goals_15-2" class="reference"><a href="#cite_note-design_goals-15">[15]</a></sup> All code is written inside classes, and every data item is an object, with the exception of the primitive data types, <i>i.e.</i> integers, floating-point numbers, <a href="/wiki/Boolean_data_type" title="Boolean data type">boolean values</a>, and characters, which are not objects for performance reasons. Java reuses some popular aspects of C++ (such as printf() method).</p>
<p>Unlike C++, Java does not support <a href="/wiki/Operator_overloading" title="Operator overloading">operator overloading</a><sup id="cite_ref-msdn_operator_overloading_45-0" class="reference"><a href="#cite_note-msdn_operator_overloading-45">[45]</a></sup> or <a href="/wiki/Multiple_inheritance" title="Multiple inheritance">multiple inheritance</a> for <i>classes</i>, though multiple inheritance is supported for <a href="/wiki/Interface_(Java)" title="Interface (Java)">interfaces</a>.<sup id="cite_ref-oracle_multiple_inheritance_46-0" class="reference"><a href="#cite_note-oracle_multiple_inheritance-46">[46]</a></sup> This simplifies the language and aids in preventing potential errors and <a href="/wiki/Anti-pattern" title="Anti-pattern">anti-pattern</a> design.</p>
<sup id="cite_ref-msdn_operator_overloading_45-0" class="reference"><a href="#cite_note-msdn_operator_overloading-45">[45]</a></sup>
<p>Unlike C++, Java does not support <a href="/wiki/Operator_overloading" title="Operator overloading">operator overloading</a><sup id="cite_ref-msdn_operator_overloading_45-0" class="reference"><a href="#cite_note-msdn_operator_overloading-45">[45]</a></sup> or <a href="/wiki/Multiple_inheritance" title="Multiple inheritance">multiple inheritance</a> for <i>classes</i>, though multiple inheritance is supported for <a href="/wiki/Interface_(Java)" title="Interface (Java)">interfaces</a>.<sup id="cite_ref-oracle_multiple_inheritance_46-0" class="reference"><a href="#cite_note-oracle_multiple_inheritance-46">[46]</a></sup> This simplifies the language and aids in preventing potential errors and <a href="/wiki/Anti-pattern" title="Anti-pattern">anti-pattern</a> design.</p>
<p>Unlike C++, Java does not support <a href="/wiki/Operator_overloading" title="Operator overloading">operator overloading</a><sup id="cite_ref-msdn_operator_overloading_45-0" class="reference"><a href="#cite_note-msdn_operator_overloading-45">[45]</a></sup> or <a href="/wiki/Multiple_inheritance" title="Multiple inheritance">multiple inheritance</a> for <i>classes</i>, though multiple inheritance is supported for <a href="/wiki/Interface_(Java)" title="Interface (Java)">interfaces</a>.<sup id="cite_ref-oracle_multiple_inheritance_46-0" class="reference"><a href="#cite_note-oracle_multiple_inheritance-46">[46]</a></sup> This simplifies the language and aids in preventing potential errors and <a href="/wiki/Anti-pattern" title="Anti-pattern">anti-pattern</a> design.</p>
<sup id="cite_ref-oracle_multiple_inheritance_46-0" class="reference"><a href="#cite_note-oracle_multiple_inheritance-46">[46]</a></sup>
<p>Unlike C++, Java does not support <a href="/wiki/Operator_overloading" title="Operator overloading">operator overloading</a><sup id="cite_ref-msdn_operator_overloading_45-0" class="reference"><a href="#cite_note-msdn_operator_overloading-45">[45]</a></sup> or <a href="/wiki/Multiple_inheritance" title="Multiple inheritance">multiple inheritance</a> for <i>classes</i>, though multiple inheritance is supported for <a href="/wiki/Interface_(Java)" title="Interface (Java)">interfaces</a>.<sup id="cite_ref-oracle_multiple_inheritance_46-0" class="reference"><a href="#cite_note-oracle_multiple_inheritance-46">[46]</a></sup> This simplifies the language and aids in preventing potential errors and <a href="/wiki/Anti-pattern" title="Anti-pattern">anti-pattern</a> design.</p>
<p>Java uses comments similar to those of C++. There are three different styles of comments: a single line style marked with two slashes (<code>//</code>), a multiple line style opened with <code>/*</code> and closed with <code>*/</code>, and the <a href="/wiki/Javadoc" title="Javadoc">Javadoc</a> commenting style opened with <code>/**</code> and closed with <code>*/</code>. The Javadoc style of commenting allows the user to run the Javadoc executable to create documentation for the program.</p>
<p>The traditional <a href="/wiki/%22Hello,_world!%22_program" title="&quot;Hello, world!&quot; program" class="mw-redirect">"Hello, world!" program</a> can be written in Java as:<sup id="cite_ref-47" class="reference"><a href="#cite_note-47">[47]</a></sup></p>
<sup id="cite_ref-47" class="reference"><a href="#cite_note-47">[47]</a></sup>
<p>Source files must be named after the public class they contain, appending the suffix <code>.java</code>, for example, <code>HelloWorldApp.java</code>. It must first be compiled into bytecode, using a <a href="/wiki/Java_compiler" title="Java compiler">Java compiler</a>, producing a file named <code>HelloWorldApp.class</code>. Only then can it be executed, or "launched". The Java source file may only contain one public class, but it can contain multiple classes with other than public access and any number of public <a href="/wiki/Inner_class" title="Inner class">inner classes</a>. When the source file contains multiple classes, make one class "public" and name the source file with that public class name.</p>
<p>Source files must be named after the public class they contain, appending the suffix <code>.java</code>, for example, <code>HelloWorldApp.java</code>. It must first be compiled into bytecode, using a <a href="/wiki/Java_compiler" title="Java compiler">Java compiler</a>, producing a file named <code>HelloWorldApp.class</code>. Only then can it be executed, or "launched". The Java source file may only contain one public class, but it can contain multiple classes with other than public access and any number of public <a href="/wiki/Inner_class" title="Inner class">inner classes</a>. When the source file contains multiple classes, make one class "public" and name the source file with that public class name.</p>
<p>A <code><b>class</b></code> that is not declared <code><b>public</b></code> may be stored in any .java file. The compiler will generate a class file for each class defined in the source file. The name of the class file is the name of the class, with <i>.class</i> appended. For class file generation, <a href="/wiki/Class_(computer_programming)#Unnamed" title="Class (computer programming)">anonymous classes</a> are treated as if their name were the concatenation of the name of their enclosing class, a <i>$</i>, and an integer.</p>
<p>The <a href="/wiki/List_of_Java_keywords" title="List of Java keywords">keyword</a> <code><b>public</b></code> denotes that a method can be called from code in other classes, or that a class may be used by classes outside the class hierarchy. The class hierarchy is related to the name of the directory in which the .java file is located. This is called an access level modifier. Other access level modifiers include the keywords <code><b>private</b></code> and <code><b>protected</b></code>.</p>
<p>The keyword <code><b>static</b></code> in front of a method indicates a <a href="/wiki/Method_(computer_programming)#Static_methods" title="Method (computer programming)">static method</a>, which is associated only with the class and not with any specific instance of that class. Only static methods can be invoked without a reference to an object. Static methods cannot access any class members that are not also static. Methods that are not designated static are instance methods, and require a specific instance of a class to operate.</p>
<p>The method name "<code>main</code>" is not a keyword in the Java language. It is simply the name of the method the Java launcher calls to pass control to the program. Java classes that run in managed environments such as applets and <a href="/wiki/Enterprise_JavaBeans" title="Enterprise JavaBeans">Enterprise JavaBeans</a> do not use or need a <code>main()</code> method. A Java program may contain multiple classes that have <code>main</code> methods, which means that the VM needs to be explicitly told which class to launch from.</p>
<p>The main method must accept an <a href="/wiki/Array_data_type" title="Array data type">array</a> of <b><code><a rel="nofollow" class="external text" href="//docs.oracle.com/javase/8/docs/api/java/lang/String.html">String</a></code></b> objects. By convention, it is referenced as <code><b>args</b></code> although any other legal identifier name can be used. Since Java 5, the main method can also use <a href="/wiki/Variadic_function" title="Variadic function">variable arguments</a>, in the form of <code>public static void main(String... args)</code>, allowing the main method to be invoked with an arbitrary number of <code>String</code> arguments. The effect of this alternate declaration is semantically identical (the <code>args</code> parameter is still an array of <code>String</code> objects), but it allows an alternative syntax for creating and passing the array.</p>
<code><a rel="nofollow" class="external text" href="//docs.oracle.com/javase/8/docs/api/java/lang/String.html">String</a></code>
<p>The main method must accept an <a href="/wiki/Array_data_type" title="Array data type">array</a> of <b><code><a rel="nofollow" class="external text" href="//docs.oracle.com/javase/8/docs/api/java/lang/String.html">String</a></code></b> objects. By convention, it is referenced as <code><b>args</b></code> although any other legal identifier name can be used. Since Java 5, the main method can also use <a href="/wiki/Variadic_function" title="Variadic function">variable arguments</a>, in the form of <code>public static void main(String... args)</code>, allowing the main method to be invoked with an arbitrary number of <code>String</code> arguments. The effect of this alternate declaration is semantically identical (the <code>args</code> parameter is still an array of <code>String</code> objects), but it allows an alternative syntax for creating and passing the array.</p>
<p>The Java launcher launches Java by loading a given class (specified on the command line or as an attribute in a <a href="/wiki/JAR_(file_format)" title="JAR (file format)">JAR</a>) and starting its <code>public static void main(String[])</code> method. Stand-alone programs must declare this method explicitly. The <code>String[] args</code> parameter is an <a href="/wiki/Array_data_type" title="Array data type">array</a> of <code><a rel="nofollow" class="external text" href="//docs.oracle.com/javase/8/docs/api/java/lang/String.html">String</a></code> objects containing any arguments passed to the class. The parameters to <code>main</code> are often passed by means of a <a href="/wiki/Command-line_interface" title="Command-line interface">command line</a>.</p>
<p>The Java launcher launches Java by loading a given class (specified on the command line or as an attribute in a <a href="/wiki/JAR_(file_format)" title="JAR (file format)">JAR</a>) and starting its <code>public static void main(String[])</code> method. Stand-alone programs must declare this method explicitly. The <code>String[] args</code> parameter is an <a href="/wiki/Array_data_type" title="Array data type">array</a> of <code><a rel="nofollow" class="external text" href="//docs.oracle.com/javase/8/docs/api/java/lang/String.html">String</a></code> objects containing any arguments passed to the class. The parameters to <code>main</code> are often passed by means of a <a href="/wiki/Command-line_interface" title="Command-line interface">command line</a>.</p>
<code><a rel="nofollow" class="external text" href="//docs.oracle.com/javase/8/docs/api/java/lang/String.html">String</a></code>
<p>The Java launcher launches Java by loading a given class (specified on the command line or as an attribute in a <a href="/wiki/JAR_(file_format)" title="JAR (file format)">JAR</a>) and starting its <code>public static void main(String[])</code> method. Stand-alone programs must declare this method explicitly. The <code>String[] args</code> parameter is an <a href="/wiki/Array_data_type" title="Array data type">array</a> of <code><a rel="nofollow" class="external text" href="//docs.oracle.com/javase/8/docs/api/java/lang/String.html">String</a></code> objects containing any arguments passed to the class. The parameters to <code>main</code> are often passed by means of a <a href="/wiki/Command-line_interface" title="Command-line interface">command line</a>.</p>
<code><a rel="nofollow" class="external text" href="//docs.oracle.com/javase/8/docs/api/java/lang/System.html">System</a></code>
<code><a rel="nofollow" class="external text" href="//docs.oracle.com/javase/8/docs/api/java/lang/System.html#out">out</a></code>
<code><a rel="nofollow" class="external text" href="//docs.oracle.com/javase/8/docs/api/java/io/PrintStream.html">PrintStream</a></code>
<p>Printing is part of a Java standard library: The <b><code><a rel="nofollow" class="external text" href="//docs.oracle.com/javase/8/docs/api/java/lang/System.html">System</a></code></b> class defines a public static field called <b><code><a rel="nofollow" class="external text" href="//docs.oracle.com/javase/8/docs/api/java/lang/System.html#out">out</a></code></b>. The <code>out</code> object is an instance of the <code><a rel="nofollow" class="external text" href="//docs.oracle.com/javase/8/docs/api/java/io/PrintStream.html">PrintStream</a></code> class and provides many methods for printing data to <a href="/wiki/Standard_streams" title="Standard streams">standard out</a>, including <b><code><a rel="nofollow" class="external text" href="//docs.oracle.com/javase/8/docs/api/java/io/PrintStream.html#println(java.lang.String)">println(String)</a></code></b> which also appends a new line to the passed string.</p>
<code><a rel="nofollow" class="external text" href="//docs.oracle.com/javase/8/docs/api/java/io/PrintStream.html#println(java.lang.String)">println(String)</a></code>
<p>The <code><b>import</b></code> statements direct the <a href="/wiki/Java_compiler" title="Java compiler">Java compiler</a> to include the <b><code><a rel="nofollow" class="external text" href="//docs.oracle.com/javase/8/docs/api/javax/swing/JApplet.html">javax.swing.JApplet</a></code></b> and <b><code><a rel="nofollow" class="external text" href="//docs.oracle.com/javase/8/docs/api/java/awt/Graphics.html">java.awt.Graphics</a></code></b> classes in the compilation. The import statement allows these classes to be referenced in the <a href="/wiki/Source_code" title="Source code">source code</a> using the <i>simple class name</i> (i.e. <code>JApplet</code>) instead of the <i>fully qualified class name</i> (<i>FQCN</i>, i.e. <code>javax.swing.JApplet</code>).</p>
<code><a rel="nofollow" class="external text" href="//docs.oracle.com/javase/8/docs/api/javax/swing/JApplet.html">javax.swing.JApplet</a></code>
<code><a rel="nofollow" class="external text" href="//docs.oracle.com/javase/8/docs/api/java/awt/Graphics.html">java.awt.Graphics</a></code>
<p>The <code><b>import</b></code> statements direct the <a href="/wiki/Java_compiler" title="Java compiler">Java compiler</a> to include the <b><code><a rel="nofollow" class="external text" href="//docs.oracle.com/javase/8/docs/api/javax/swing/JApplet.html">javax.swing.JApplet</a></code></b> and <b><code><a rel="nofollow" class="external text" href="//docs.oracle.com/javase/8/docs/api/java/awt/Graphics.html">java.awt.Graphics</a></code></b> classes in the compilation. The import statement allows these classes to be referenced in the <a href="/wiki/Source_code" title="Source code">source code</a> using the <i>simple class name</i> (i.e. <code>JApplet</code>) instead of the <i>fully qualified class name</i> (<i>FQCN</i>, i.e. <code>javax.swing.JApplet</code>).</p>
<p>The <code>Hello</code> class <code><b>extends</b></code> (<a href="/wiki/Inheritance_(object-oriented_programming)#Subclasses_and_superclasses" title="Inheritance (object-oriented programming)">subclasses</a>) the <code><b>JApplet</b></code> (Java Applet) class; the <code>JApplet</code> class provides the framework for the host application to display and control the <a href="/wiki/Object_lifetime" title="Object lifetime">lifecycle</a> of the applet. The <code>JApplet</code> class is a JComponent (Java Graphical Component) which provides the applet with the capability to display a <a href="/wiki/Graphical_user_interface" title="Graphical user interface">graphical user interface</a> (GUI) and respond to user <a href="/wiki/Event-driven_programming" title="Event-driven programming">events</a>.</p>
<p>The <code>Hello</code> class <code><b>extends</b></code> (<a href="/wiki/Inheritance_(object-oriented_programming)#Subclasses_and_superclasses" title="Inheritance (object-oriented programming)">subclasses</a>) the <code><b>JApplet</b></code> (Java Applet) class; the <code>JApplet</code> class provides the framework for the host application to display and control the <a href="/wiki/Object_lifetime" title="Object lifetime">lifecycle</a> of the applet. The <code>JApplet</code> class is a JComponent (Java Graphical Component) which provides the applet with the capability to display a <a href="/wiki/Graphical_user_interface" title="Graphical user interface">graphical user interface</a> (GUI) and respond to user <a href="/wiki/Event-driven_programming" title="Event-driven programming">events</a>.</p>
<p>The <code>Hello</code> class <code><b>extends</b></code> (<a href="/wiki/Inheritance_(object-oriented_programming)#Subclasses_and_superclasses" title="Inheritance (object-oriented programming)">subclasses</a>) the <code><b>JApplet</b></code> (Java Applet) class; the <code>JApplet</code> class provides the framework for the host application to display and control the <a href="/wiki/Object_lifetime" title="Object lifetime">lifecycle</a> of the applet. The <code>JApplet</code> class is a JComponent (Java Graphical Component) which provides the applet with the capability to display a <a href="/wiki/Graphical_user_interface" title="Graphical user interface">graphical user interface</a> (GUI) and respond to user <a href="/wiki/Event-driven_programming" title="Event-driven programming">events</a>.</p>
<p>The <code>Hello</code> class <code><b>extends</b></code> (<a href="/wiki/Inheritance_(object-oriented_programming)#Subclasses_and_superclasses" title="Inheritance (object-oriented programming)">subclasses</a>) the <code><b>JApplet</b></code> (Java Applet) class; the <code>JApplet</code> class provides the framework for the host application to display and control the <a href="/wiki/Object_lifetime" title="Object lifetime">lifecycle</a> of the applet. The <code>JApplet</code> class is a JComponent (Java Graphical Component) which provides the applet with the capability to display a <a href="/wiki/Graphical_user_interface" title="Graphical user interface">graphical user interface</a> (GUI) and respond to user <a href="/wiki/Event-driven_programming" title="Event-driven programming">events</a>.</p>
<p>The <code>Hello</code> class <a href="/wiki/Method_overriding" title="Method overriding">overrides</a> the <b><code><a rel="nofollow" class="external text" href="//docs.oracle.com/javase/8/docs/api/java/awt/Container.html#paint(java.awt.Graphics)">paintComponent(Graphics)</a></code></b> method (additionally indicated with the <a href="/wiki/Java_annotation" title="Java annotation">annotation</a>, supported as of JDK 1.5, <code>Override</code>) inherited from the <code><a rel="nofollow" class="external text" href="//docs.oracle.com/javase/8/docs/api/java/awt/Container.html">Container</a></code> <a href="/wiki/Inheritance_(object-oriented_programming)#Subclasses_and_superclasses" title="Inheritance (object-oriented programming)">superclass</a> to provide the code to display the applet. The <code>paintComponent()</code> method is passed a <code><b>Graphics</b></code> object that contains the graphic context used to display the applet. The <code>paintComponent()</code> method calls the graphic context <b><code><a rel="nofollow" class="external text" href="//docs.oracle.com/javase/8/docs/api/java/awt/Graphics.html#drawString(java.lang.String,%20int,%20int)">drawString(String, int, int)</a></code></b> method to display the <b>"Hello, world!"</b> string at a <a href="/wiki/Pixel" title="Pixel">pixel</a> offset of (<code><b>65, 95</b></code>) from the upper-left corner in the applet's display.</p>
<code><a rel="nofollow" class="external text" href="//docs.oracle.com/javase/8/docs/api/java/awt/Container.html#paint(java.awt.Graphics)">paintComponent(Graphics)</a></code>
<p>The <code>Hello</code> class <a href="/wiki/Method_overriding" title="Method overriding">overrides</a> the <b><code><a rel="nofollow" class="external text" href="//docs.oracle.com/javase/8/docs/api/java/awt/Container.html#paint(java.awt.Graphics)">paintComponent(Graphics)</a></code></b> method (additionally indicated with the <a href="/wiki/Java_annotation" title="Java annotation">annotation</a>, supported as of JDK 1.5, <code>Override</code>) inherited from the <code><a rel="nofollow" class="external text" href="//docs.oracle.com/javase/8/docs/api/java/awt/Container.html">Container</a></code> <a href="/wiki/Inheritance_(object-oriented_programming)#Subclasses_and_superclasses" title="Inheritance (object-oriented programming)">superclass</a> to provide the code to display the applet. The <code>paintComponent()</code> method is passed a <code><b>Graphics</b></code> object that contains the graphic context used to display the applet. The <code>paintComponent()</code> method calls the graphic context <b><code><a rel="nofollow" class="external text" href="//docs.oracle.com/javase/8/docs/api/java/awt/Graphics.html#drawString(java.lang.String,%20int,%20int)">drawString(String, int, int)</a></code></b> method to display the <b>"Hello, world!"</b> string at a <a href="/wiki/Pixel" title="Pixel">pixel</a> offset of (<code><b>65, 95</b></code>) from the upper-left corner in the applet's display.</p>
<code><a rel="nofollow" class="external text" href="//docs.oracle.com/javase/8/docs/api/java/awt/Container.html">Container</a></code>
<p>The <code>Hello</code> class <a href="/wiki/Method_overriding" title="Method overriding">overrides</a> the <b><code><a rel="nofollow" class="external text" href="//docs.oracle.com/javase/8/docs/api/java/awt/Container.html#paint(java.awt.Graphics)">paintComponent(Graphics)</a></code></b> method (additionally indicated with the <a href="/wiki/Java_annotation" title="Java annotation">annotation</a>, supported as of JDK 1.5, <code>Override</code>) inherited from the <code><a rel="nofollow" class="external text" href="//docs.oracle.com/javase/8/docs/api/java/awt/Container.html">Container</a></code> <a href="/wiki/Inheritance_(object-oriented_programming)#Subclasses_and_superclasses" title="Inheritance (object-oriented programming)">superclass</a> to provide the code to display the applet. The <code>paintComponent()</code> method is passed a <code><b>Graphics</b></code> object that contains the graphic context used to display the applet. The <code>paintComponent()</code> method calls the graphic context <b><code><a rel="nofollow" class="external text" href="//docs.oracle.com/javase/8/docs/api/java/awt/Graphics.html#drawString(java.lang.String,%20int,%20int)">drawString(String, int, int)</a></code></b> method to display the <b>"Hello, world!"</b> string at a <a href="/wiki/Pixel" title="Pixel">pixel</a> offset of (<code><b>65, 95</b></code>) from the upper-left corner in the applet's display.</p>
<code><a rel="nofollow" class="external text" href="//docs.oracle.com/javase/8/docs/api/java/awt/Graphics.html#drawString(java.lang.String,%20int,%20int)">drawString(String, int, int)</a></code>
<p>The <code>Hello</code> class <a href="/wiki/Method_overriding" title="Method overriding">overrides</a> the <b><code><a rel="nofollow" class="external text" href="//docs.oracle.com/javase/8/docs/api/java/awt/Container.html#paint(java.awt.Graphics)">paintComponent(Graphics)</a></code></b> method (additionally indicated with the <a href="/wiki/Java_annotation" title="Java annotation">annotation</a>, supported as of JDK 1.5, <code>Override</code>) inherited from the <code><a rel="nofollow" class="external text" href="//docs.oracle.com/javase/8/docs/api/java/awt/Container.html">Container</a></code> <a href="/wiki/Inheritance_(object-oriented_programming)#Subclasses_and_superclasses" title="Inheritance (object-oriented programming)">superclass</a> to provide the code to display the applet. The <code>paintComponent()</code> method is passed a <code><b>Graphics</b></code> object that contains the graphic context used to display the applet. The <code>paintComponent()</code> method calls the graphic context <b><code><a rel="nofollow" class="external text" href="//docs.oracle.com/javase/8/docs/api/java/awt/Graphics.html#drawString(java.lang.String,%20int,%20int)">drawString(String, int, int)</a></code></b> method to display the <b>"Hello, world!"</b> string at a <a href="/wiki/Pixel" title="Pixel">pixel</a> offset of (<code><b>65, 95</b></code>) from the upper-left corner in the applet's display.</p>
<p>An applet is placed in an <a href="/wiki/HTML" title="HTML">HTML</a> document using the <b><code>&lt;applet&gt;</code></b> <a href="/wiki/HTML_element" title="HTML element">HTML element</a>. The <code>applet</code> tag has three attributes set: <b><code>code="Hello"</code></b> specifies the name of the <code>JApplet</code> class and <b><code>width="200" height="200"</code></b> sets the pixel width and height of the applet. Applets may also be embedded in HTML using either the <code>object</code> or <code>embed</code> element,<sup id="cite_ref-48" class="reference"><a href="#cite_note-48">[48]</a></sup> although support for these elements by web browsers is inconsistent.<sup id="cite_ref-49" class="reference"><a href="#cite_note-49">[49]</a></sup> However, the <code>applet</code> tag is deprecated, so the <code>object</code> tag is preferred where supported.</p>
<p>An applet is placed in an <a href="/wiki/HTML" title="HTML">HTML</a> document using the <b><code>&lt;applet&gt;</code></b> <a href="/wiki/HTML_element" title="HTML element">HTML element</a>. The <code>applet</code> tag has three attributes set: <b><code>code="Hello"</code></b> specifies the name of the <code>JApplet</code> class and <b><code>width="200" height="200"</code></b> sets the pixel width and height of the applet. Applets may also be embedded in HTML using either the <code>object</code> or <code>embed</code> element,<sup id="cite_ref-48" class="reference"><a href="#cite_note-48">[48]</a></sup> although support for these elements by web browsers is inconsistent.<sup id="cite_ref-49" class="reference"><a href="#cite_note-49">[49]</a></sup> However, the <code>applet</code> tag is deprecated, so the <code>object</code> tag is preferred where supported.</p>
<sup id="cite_ref-48" class="reference"><a href="#cite_note-48">[48]</a></sup>
<sup id="cite_ref-49" class="reference"><a href="#cite_note-49">[49]</a></sup>
<code><a rel="nofollow" class="external text" href="//docs.oracle.com/javase/8/docs/api/java/applet/AppletContext.html">AppletContext</a></code>
<p>The host application, typically a Web browser, instantiates the <b><code>Hello</code></b> applet and creates an <code><a rel="nofollow" class="external text" href="//docs.oracle.com/javase/8/docs/api/java/applet/AppletContext.html">AppletContext</a></code> for the applet. Once the applet has initialized itself, it is added to the AWT display hierarchy. The <code>paintComponent()</code> method is called by the AWT <a href="/wiki/Event_dispatching_thread" title="Event dispatching thread">event dispatching thread</a> whenever the display needs the applet to draw itself.</p>
<p><a href="/wiki/Java_Servlet" title="Java Servlet" class="mw-redirect">Java Servlet</a> technology provides Web developers with a simple, consistent mechanism for extending the functionality of a Web server and for accessing existing business systems. Servlets are <a href="/wiki/Server-side" title="Server-side">server-side</a> Java EE components that generate responses (typically <a href="/wiki/HTML" title="HTML">HTML</a> pages) to requests (typically <a href="/wiki/Hypertext_Transfer_Protocol" title="Hypertext Transfer Protocol">HTTP</a> requests) from <a href="/wiki/Client_(computing)" title="Client (computing)">clients</a>. A servlet can almost be thought of as an applet that runs on the server side—without a face.</p>
<p><a href="/wiki/Java_Servlet" title="Java Servlet" class="mw-redirect">Java Servlet</a> technology provides Web developers with a simple, consistent mechanism for extending the functionality of a Web server and for accessing existing business systems. Servlets are <a href="/wiki/Server-side" title="Server-side">server-side</a> Java EE components that generate responses (typically <a href="/wiki/HTML" title="HTML">HTML</a> pages) to requests (typically <a href="/wiki/Hypertext_Transfer_Protocol" title="Hypertext Transfer Protocol">HTTP</a> requests) from <a href="/wiki/Client_(computing)" title="Client (computing)">clients</a>. A servlet can almost be thought of as an applet that runs on the server side—without a face.</p>
<p><a href="/wiki/Java_Servlet" title="Java Servlet" class="mw-redirect">Java Servlet</a> technology provides Web developers with a simple, consistent mechanism for extending the functionality of a Web server and for accessing existing business systems. Servlets are <a href="/wiki/Server-side" title="Server-side">server-side</a> Java EE components that generate responses (typically <a href="/wiki/HTML" title="HTML">HTML</a> pages) to requests (typically <a href="/wiki/Hypertext_Transfer_Protocol" title="Hypertext Transfer Protocol">HTTP</a> requests) from <a href="/wiki/Client_(computing)" title="Client (computing)">clients</a>. A servlet can almost be thought of as an applet that runs on the server side—without a face.</p>
<p><a href="/wiki/Java_Servlet" title="Java Servlet" class="mw-redirect">Java Servlet</a> technology provides Web developers with a simple, consistent mechanism for extending the functionality of a Web server and for accessing existing business systems. Servlets are <a href="/wiki/Server-side" title="Server-side">server-side</a> Java EE components that generate responses (typically <a href="/wiki/HTML" title="HTML">HTML</a> pages) to requests (typically <a href="/wiki/Hypertext_Transfer_Protocol" title="Hypertext Transfer Protocol">HTTP</a> requests) from <a href="/wiki/Client_(computing)" title="Client (computing)">clients</a>. A servlet can almost be thought of as an applet that runs on the server side—without a face.</p>
<p><a href="/wiki/Java_Servlet" title="Java Servlet" class="mw-redirect">Java Servlet</a> technology provides Web developers with a simple, consistent mechanism for extending the functionality of a Web server and for accessing existing business systems. Servlets are <a href="/wiki/Server-side" title="Server-side">server-side</a> Java EE components that generate responses (typically <a href="/wiki/HTML" title="HTML">HTML</a> pages) to requests (typically <a href="/wiki/Hypertext_Transfer_Protocol" title="Hypertext Transfer Protocol">HTTP</a> requests) from <a href="/wiki/Client_(computing)" title="Client (computing)">clients</a>. A servlet can almost be thought of as an applet that runs on the server side—without a face.</p>
<p>The <b><code>import</code></b> statements direct the Java compiler to include all the public classes and <a href="/wiki/Interface_(Java)" title="Interface (Java)">interfaces</a> from the <b><code><a rel="nofollow" class="external text" href="//docs.oracle.com/javase/8/docs/api/java/io/package-summary.html">java.io</a></code></b> and <b><code><a rel="nofollow" class="external text" href="//docs.oracle.com/javaee/7/api/javax/servlet/package-summary.html">javax.servlet</a></code></b> packages in the compilation. Packages make Java well suited for large scale applications.</p>
<code><a rel="nofollow" class="external text" href="//docs.oracle.com/javase/8/docs/api/java/io/package-summary.html">java.io</a></code>
<code><a rel="nofollow" class="external text" href="//docs.oracle.com/javaee/7/api/javax/servlet/package-summary.html">javax.servlet</a></code>
<code><a rel="nofollow" class="external text" href="//docs.oracle.com/javaee/7/api/javax/servlet/GenericServlet.html">GenericServlet</a></code>
<p>The <code><b>Hello</b></code> class <code><b>extends</b></code> the <b><code><a rel="nofollow" class="external text" href="//docs.oracle.com/javaee/7/api/javax/servlet/GenericServlet.html">GenericServlet</a></code></b> class; the <code>GenericServlet</code> class provides the interface for the <a href="/wiki/Server_(computing)" title="Server (computing)">server</a> to forward requests to the servlet and control the servlet's lifecycle.</p>
<code><a rel="nofollow" class="external text" href="//docs.oracle.com/javaee/7/api/javax/servlet/Servlet.html#service(javax.servlet.ServletRequest,javax.servlet.ServletResponse)">service(ServletRequest, ServletResponse)</a></code>
<code><a rel="nofollow" class="external text" href="//docs.oracle.com/javaee/7/api/javax/servlet/Servlet.html">Servlet</a></code>
<p>The <code>Hello</code> class overrides the <b><code><a rel="nofollow" class="external text" href="//docs.oracle.com/javaee/7/api/javax/servlet/Servlet.html#service(javax.servlet.ServletRequest,javax.servlet.ServletResponse)">service(ServletRequest, ServletResponse)</a></code></b> method defined by the <code><a rel="nofollow" class="external text" href="//docs.oracle.com/javaee/7/api/javax/servlet/Servlet.html">Servlet</a></code> <a href="/wiki/Interface_(Java)" title="Interface (Java)">interface</a> to provide the code for the service request handler. The <code>service()</code> method is passed: a <b><code><a rel="nofollow" class="external text" href="//docs.oracle.com/javaee/7/api/javax/servlet/ServletRequest.html">ServletRequest</a></code></b> object that contains the request from the client and a <b><code><a rel="nofollow" class="external text" href="//docs.oracle.com/javaee/7/api/javax/servlet/ServletResponse.html">ServletResponse</a></code></b> object used to create the response returned to the client. The <code>service()</code> method declares that it <code><b>throws</b></code> the <a href="/wiki/Exception_handling" title="Exception handling">exceptions</a> <code><a rel="nofollow" class="external text" href="//docs.oracle.com/javaee/7/api/javax/servlet/ServletException.html">ServletException</a></code> and <code><a rel="nofollow" class="external text" href="//docs.oracle.com/javase/8/docs/api/java/io/IOException.html">IOException</a></code> if a problem prevents it from responding to the request.</p>
<code><a rel="nofollow" class="external text" href="//docs.oracle.com/javaee/7/api/javax/servlet/ServletRequest.html">ServletRequest</a></code>
<code><a rel="nofollow" class="external text" href="//docs.oracle.com/javaee/7/api/javax/servlet/ServletResponse.html">ServletResponse</a></code>
<p>The <code>Hello</code> class overrides the <b><code><a rel="nofollow" class="external text" href="//docs.oracle.com/javaee/7/api/javax/servlet/Servlet.html#service(javax.servlet.ServletRequest,javax.servlet.ServletResponse)">service(ServletRequest, ServletResponse)</a></code></b> method defined by the <code><a rel="nofollow" class="external text" href="//docs.oracle.com/javaee/7/api/javax/servlet/Servlet.html">Servlet</a></code> <a href="/wiki/Interface_(Java)" title="Interface (Java)">interface</a> to provide the code for the service request handler. The <code>service()</code> method is passed: a <b><code><a rel="nofollow" class="external text" href="//docs.oracle.com/javaee/7/api/javax/servlet/ServletRequest.html">ServletRequest</a></code></b> object that contains the request from the client and a <b><code><a rel="nofollow" class="external text" href="//docs.oracle.com/javaee/7/api/javax/servlet/ServletResponse.html">ServletResponse</a></code></b> object used to create the response returned to the client. The <code>service()</code> method declares that it <code><b>throws</b></code> the <a href="/wiki/Exception_handling" title="Exception handling">exceptions</a> <code><a rel="nofollow" class="external text" href="//docs.oracle.com/javaee/7/api/javax/servlet/ServletException.html">ServletException</a></code> and <code><a rel="nofollow" class="external text" href="//docs.oracle.com/javase/8/docs/api/java/io/IOException.html">IOException</a></code> if a problem prevents it from responding to the request.</p>
<code><a rel="nofollow" class="external text" href="//docs.oracle.com/javaee/7/api/javax/servlet/ServletException.html">ServletException</a></code>
<code><a rel="nofollow" class="external text" href="//docs.oracle.com/javase/8/docs/api/java/io/IOException.html">IOException</a></code>
<code><a rel="nofollow" class="external text" href="//docs.oracle.com/javaee/7/api/javax/servlet/ServletResponse.html#setContentType(java.lang.String)">setContentType(String)</a></code>
<p>The <b><code><a rel="nofollow" class="external text" href="//docs.oracle.com/javaee/7/api/javax/servlet/ServletResponse.html#setContentType(java.lang.String)">setContentType(String)</a></code></b> method in the response object is called to set the <a href="/wiki/MIME" title="MIME">MIME</a> content type of the returned data to <b>"text/html"</b>. The <b><code><a rel="nofollow" class="external text" href="//docs.oracle.com/javaee/7/api/javax/servlet/ServletResponse.html#getWriter()">getWriter()</a></code></b> method in the response returns a <b><code><a rel="nofollow" class="external text" href="//docs.oracle.com/javase/8/docs/api/java/io/PrintWriter.html">PrintWriter</a></code></b> object that is used to write the data that is sent to the client. The <b><code><a rel="nofollow" class="external text" href="//docs.oracle.com/javase/8/docs/api/java/io/PrintWriter.html#println(java.lang.String)">println(String)</a></code></b> method is called to write the <b>"Hello, world!"</b> string to the response and then the <b><code><a rel="nofollow" class="external text" href="//docs.oracle.com/javase/8/docs/api/java/io/PrintWriter.html#close()">close()</a></code></b> method is called to close the print writer, which causes the data that has been written to the stream to be returned to the client.</p>
<code><a rel="nofollow" class="external text" href="//docs.oracle.com/javaee/7/api/javax/servlet/ServletResponse.html#getWriter()">getWriter()</a></code>
<code><a rel="nofollow" class="external text" href="//docs.oracle.com/javase/8/docs/api/java/io/PrintWriter.html">PrintWriter</a></code>
<code><a rel="nofollow" class="external text" href="//docs.oracle.com/javase/8/docs/api/java/io/PrintWriter.html#println(java.lang.String)">println(String)</a></code>
<code><a rel="nofollow" class="external text" href="//docs.oracle.com/javase/8/docs/api/java/io/PrintWriter.html#close()">close()</a></code>
<p>JavaServer Pages (JSP) are <a href="/wiki/Server-side" title="Server-side">server-side</a> Java EE components that generate responses, typically <a href="/wiki/HTML" title="HTML">HTML</a> pages, to <a href="/wiki/Hypertext_Transfer_Protocol" title="Hypertext Transfer Protocol">HTTP</a> requests from <a href="/wiki/Client_(computing)" title="Client (computing)">clients</a>. JSPs embed Java code in an HTML page by using the special <a href="/wiki/Delimiter" title="Delimiter">delimiters</a> <code>&lt;%</code> and <code>%&gt;</code>. A JSP is compiled to a Java <i>servlet</i>, a Java application in its own right, the first time it is accessed. After that, the generated servlet creates the response.</p>
<p>JavaServer Pages (JSP) are <a href="/wiki/Server-side" title="Server-side">server-side</a> Java EE components that generate responses, typically <a href="/wiki/HTML" title="HTML">HTML</a> pages, to <a href="/wiki/Hypertext_Transfer_Protocol" title="Hypertext Transfer Protocol">HTTP</a> requests from <a href="/wiki/Client_(computing)" title="Client (computing)">clients</a>. JSPs embed Java code in an HTML page by using the special <a href="/wiki/Delimiter" title="Delimiter">delimiters</a> <code>&lt;%</code> and <code>%&gt;</code>. A JSP is compiled to a Java <i>servlet</i>, a Java application in its own right, the first time it is accessed. After that, the generated servlet creates the response.</p>
<p>JavaServer Pages (JSP) are <a href="/wiki/Server-side" title="Server-side">server-side</a> Java EE components that generate responses, typically <a href="/wiki/HTML" title="HTML">HTML</a> pages, to <a href="/wiki/Hypertext_Transfer_Protocol" title="Hypertext Transfer Protocol">HTTP</a> requests from <a href="/wiki/Client_(computing)" title="Client (computing)">clients</a>. JSPs embed Java code in an HTML page by using the special <a href="/wiki/Delimiter" title="Delimiter">delimiters</a> <code>&lt;%</code> and <code>%&gt;</code>. A JSP is compiled to a Java <i>servlet</i>, a Java application in its own right, the first time it is accessed. After that, the generated servlet creates the response.</p>
<p>JavaServer Pages (JSP) are <a href="/wiki/Server-side" title="Server-side">server-side</a> Java EE components that generate responses, typically <a href="/wiki/HTML" title="HTML">HTML</a> pages, to <a href="/wiki/Hypertext_Transfer_Protocol" title="Hypertext Transfer Protocol">HTTP</a> requests from <a href="/wiki/Client_(computing)" title="Client (computing)">clients</a>. JSPs embed Java code in an HTML page by using the special <a href="/wiki/Delimiter" title="Delimiter">delimiters</a> <code>&lt;%</code> and <code>%&gt;</code>. A JSP is compiled to a Java <i>servlet</i>, a Java application in its own right, the first time it is accessed. After that, the generated servlet creates the response.</p>
<p>JavaServer Pages (JSP) are <a href="/wiki/Server-side" title="Server-side">server-side</a> Java EE components that generate responses, typically <a href="/wiki/HTML" title="HTML">HTML</a> pages, to <a href="/wiki/Hypertext_Transfer_Protocol" title="Hypertext Transfer Protocol">HTTP</a> requests from <a href="/wiki/Client_(computing)" title="Client (computing)">clients</a>. JSPs embed Java code in an HTML page by using the special <a href="/wiki/Delimiter" title="Delimiter">delimiters</a> <code>&lt;%</code> and <code>%&gt;</code>. A JSP is compiled to a Java <i>servlet</i>, a Java application in its own right, the first time it is accessed. After that, the generated servlet creates the response.</p>
<p><a href="/wiki/Swing_(Java)" title="Swing (Java)">Swing</a> is a graphical user interface <a href="/wiki/Library_(computing)" title="Library (computing)">library</a> for the Java SE platform. It is possible to specify a different look and feel through the <a href="/wiki/Pluggable_look_and_feel" title="Pluggable look and feel">pluggable look and feel</a> system of Swing. Clones of <a href="/wiki/Microsoft_Windows" title="Microsoft Windows">Windows</a>, <a href="/wiki/GTK%2B" title="GTK+">GTK+</a> and <a href="/wiki/Motif_(software)" title="Motif (software)">Motif</a> are supplied by Sun. <a href="/wiki/Apple_Inc." title="Apple Inc.">Apple</a> also provides an <a href="/wiki/Aqua_(user_interface)" title="Aqua (user interface)">Aqua</a> look and feel for <a href="/wiki/OS_X" title="OS X">Mac OS X</a>. Where prior implementations of these looks and feels may have been considered lacking, Swing in Java SE 6 addresses this problem by using more native <a href="/wiki/Graphical_control_element" title="Graphical control element" class="mw-redirect">GUI widget</a> drawing routines of the underlying platforms.</p>
<p><a href="/wiki/Swing_(Java)" title="Swing (Java)">Swing</a> is a graphical user interface <a href="/wiki/Library_(computing)" title="Library (computing)">library</a> for the Java SE platform. It is possible to specify a different look and feel through the <a href="/wiki/Pluggable_look_and_feel" title="Pluggable look and feel">pluggable look and feel</a> system of Swing. Clones of <a href="/wiki/Microsoft_Windows" title="Microsoft Windows">Windows</a>, <a href="/wiki/GTK%2B" title="GTK+">GTK+</a> and <a href="/wiki/Motif_(software)" title="Motif (software)">Motif</a> are supplied by Sun. <a href="/wiki/Apple_Inc." title="Apple Inc.">Apple</a> also provides an <a href="/wiki/Aqua_(user_interface)" title="Aqua (user interface)">Aqua</a> look and feel for <a href="/wiki/OS_X" title="OS X">Mac OS X</a>. Where prior implementations of these looks and feels may have been considered lacking, Swing in Java SE 6 addresses this problem by using more native <a href="/wiki/Graphical_control_element" title="Graphical control element" class="mw-redirect">GUI widget</a> drawing routines of the underlying platforms.</p>
<p><a href="/wiki/Swing_(Java)" title="Swing (Java)">Swing</a> is a graphical user interface <a href="/wiki/Library_(computing)" title="Library (computing)">library</a> for the Java SE platform. It is possible to specify a different look and feel through the <a href="/wiki/Pluggable_look_and_feel" title="Pluggable look and feel">pluggable look and feel</a> system of Swing. Clones of <a href="/wiki/Microsoft_Windows" title="Microsoft Windows">Windows</a>, <a href="/wiki/GTK%2B" title="GTK+">GTK+</a> and <a href="/wiki/Motif_(software)" title="Motif (software)">Motif</a> are supplied by Sun. <a href="/wiki/Apple_Inc." title="Apple Inc.">Apple</a> also provides an <a href="/wiki/Aqua_(user_interface)" title="Aqua (user interface)">Aqua</a> look and feel for <a href="/wiki/OS_X" title="OS X">Mac OS X</a>. Where prior implementations of these looks and feels may have been considered lacking, Swing in Java SE 6 addresses this problem by using more native <a href="/wiki/Graphical_control_element" title="Graphical control element" class="mw-redirect">GUI widget</a> drawing routines of the underlying platforms.</p>
<p><a href="/wiki/Swing_(Java)" title="Swing (Java)">Swing</a> is a graphical user interface <a href="/wiki/Library_(computing)" title="Library (computing)">library</a> for the Java SE platform. It is possible to specify a different look and feel through the <a href="/wiki/Pluggable_look_and_feel" title="Pluggable look and feel">pluggable look and feel</a> system of Swing. Clones of <a href="/wiki/Microsoft_Windows" title="Microsoft Windows">Windows</a>, <a href="/wiki/GTK%2B" title="GTK+">GTK+</a> and <a href="/wiki/Motif_(software)" title="Motif (software)">Motif</a> are supplied by Sun. <a href="/wiki/Apple_Inc." title="Apple Inc.">Apple</a> also provides an <a href="/wiki/Aqua_(user_interface)" title="Aqua (user interface)">Aqua</a> look and feel for <a href="/wiki/OS_X" title="OS X">Mac OS X</a>. Where prior implementations of these looks and feels may have been considered lacking, Swing in Java SE 6 addresses this problem by using more native <a href="/wiki/Graphical_control_element" title="Graphical control element" class="mw-redirect">GUI widget</a> drawing routines of the underlying platforms.</p>
<p><a href="/wiki/Swing_(Java)" title="Swing (Java)">Swing</a> is a graphical user interface <a href="/wiki/Library_(computing)" title="Library (computing)">library</a> for the Java SE platform. It is possible to specify a different look and feel through the <a href="/wiki/Pluggable_look_and_feel" title="Pluggable look and feel">pluggable look and feel</a> system of Swing. Clones of <a href="/wiki/Microsoft_Windows" title="Microsoft Windows">Windows</a>, <a href="/wiki/GTK%2B" title="GTK+">GTK+</a> and <a href="/wiki/Motif_(software)" title="Motif (software)">Motif</a> are supplied by Sun. <a href="/wiki/Apple_Inc." title="Apple Inc.">Apple</a> also provides an <a href="/wiki/Aqua_(user_interface)" title="Aqua (user interface)">Aqua</a> look and feel for <a href="/wiki/OS_X" title="OS X">Mac OS X</a>. Where prior implementations of these looks and feels may have been considered lacking, Swing in Java SE 6 addresses this problem by using more native <a href="/wiki/Graphical_control_element" title="Graphical control element" class="mw-redirect">GUI widget</a> drawing routines of the underlying platforms.</p>
<p><a href="/wiki/Swing_(Java)" title="Swing (Java)">Swing</a> is a graphical user interface <a href="/wiki/Library_(computing)" title="Library (computing)">library</a> for the Java SE platform. It is possible to specify a different look and feel through the <a href="/wiki/Pluggable_look_and_feel" title="Pluggable look and feel">pluggable look and feel</a> system of Swing. Clones of <a href="/wiki/Microsoft_Windows" title="Microsoft Windows">Windows</a>, <a href="/wiki/GTK%2B" title="GTK+">GTK+</a> and <a href="/wiki/Motif_(software)" title="Motif (software)">Motif</a> are supplied by Sun. <a href="/wiki/Apple_Inc." title="Apple Inc.">Apple</a> also provides an <a href="/wiki/Aqua_(user_interface)" title="Aqua (user interface)">Aqua</a> look and feel for <a href="/wiki/OS_X" title="OS X">Mac OS X</a>. Where prior implementations of these looks and feels may have been considered lacking, Swing in Java SE 6 addresses this problem by using more native <a href="/wiki/Graphical_control_element" title="Graphical control element" class="mw-redirect">GUI widget</a> drawing routines of the underlying platforms.</p>
<p><a href="/wiki/Swing_(Java)" title="Swing (Java)">Swing</a> is a graphical user interface <a href="/wiki/Library_(computing)" title="Library (computing)">library</a> for the Java SE platform. It is possible to specify a different look and feel through the <a href="/wiki/Pluggable_look_and_feel" title="Pluggable look and feel">pluggable look and feel</a> system of Swing. Clones of <a href="/wiki/Microsoft_Windows" title="Microsoft Windows">Windows</a>, <a href="/wiki/GTK%2B" title="GTK+">GTK+</a> and <a href="/wiki/Motif_(software)" title="Motif (software)">Motif</a> are supplied by Sun. <a href="/wiki/Apple_Inc." title="Apple Inc.">Apple</a> also provides an <a href="/wiki/Aqua_(user_interface)" title="Aqua (user interface)">Aqua</a> look and feel for <a href="/wiki/OS_X" title="OS X">Mac OS X</a>. Where prior implementations of these looks and feels may have been considered lacking, Swing in Java SE 6 addresses this problem by using more native <a href="/wiki/Graphical_control_element" title="Graphical control element" class="mw-redirect">GUI widget</a> drawing routines of the underlying platforms.</p>
<p><a href="/wiki/Swing_(Java)" title="Swing (Java)">Swing</a> is a graphical user interface <a href="/wiki/Library_(computing)" title="Library (computing)">library</a> for the Java SE platform. It is possible to specify a different look and feel through the <a href="/wiki/Pluggable_look_and_feel" title="Pluggable look and feel">pluggable look and feel</a> system of Swing. Clones of <a href="/wiki/Microsoft_Windows" title="Microsoft Windows">Windows</a>, <a href="/wiki/GTK%2B" title="GTK+">GTK+</a> and <a href="/wiki/Motif_(software)" title="Motif (software)">Motif</a> are supplied by Sun. <a href="/wiki/Apple_Inc." title="Apple Inc.">Apple</a> also provides an <a href="/wiki/Aqua_(user_interface)" title="Aqua (user interface)">Aqua</a> look and feel for <a href="/wiki/OS_X" title="OS X">Mac OS X</a>. Where prior implementations of these looks and feels may have been considered lacking, Swing in Java SE 6 addresses this problem by using more native <a href="/wiki/Graphical_control_element" title="Graphical control element" class="mw-redirect">GUI widget</a> drawing routines of the underlying platforms.</p>
<p><a href="/wiki/Swing_(Java)" title="Swing (Java)">Swing</a> is a graphical user interface <a href="/wiki/Library_(computing)" title="Library (computing)">library</a> for the Java SE platform. It is possible to specify a different look and feel through the <a href="/wiki/Pluggable_look_and_feel" title="Pluggable look and feel">pluggable look and feel</a> system of Swing. Clones of <a href="/wiki/Microsoft_Windows" title="Microsoft Windows">Windows</a>, <a href="/wiki/GTK%2B" title="GTK+">GTK+</a> and <a href="/wiki/Motif_(software)" title="Motif (software)">Motif</a> are supplied by Sun. <a href="/wiki/Apple_Inc." title="Apple Inc.">Apple</a> also provides an <a href="/wiki/Aqua_(user_interface)" title="Aqua (user interface)">Aqua</a> look and feel for <a href="/wiki/OS_X" title="OS X">Mac OS X</a>. Where prior implementations of these looks and feels may have been considered lacking, Swing in Java SE 6 addresses this problem by using more native <a href="/wiki/Graphical_control_element" title="Graphical control element" class="mw-redirect">GUI widget</a> drawing routines of the underlying platforms.</p>
<p><a href="/wiki/Swing_(Java)" title="Swing (Java)">Swing</a> is a graphical user interface <a href="/wiki/Library_(computing)" title="Library (computing)">library</a> for the Java SE platform. It is possible to specify a different look and feel through the <a href="/wiki/Pluggable_look_and_feel" title="Pluggable look and feel">pluggable look and feel</a> system of Swing. Clones of <a href="/wiki/Microsoft_Windows" title="Microsoft Windows">Windows</a>, <a href="/wiki/GTK%2B" title="GTK+">GTK+</a> and <a href="/wiki/Motif_(software)" title="Motif (software)">Motif</a> are supplied by Sun. <a href="/wiki/Apple_Inc." title="Apple Inc.">Apple</a> also provides an <a href="/wiki/Aqua_(user_interface)" title="Aqua (user interface)">Aqua</a> look and feel for <a href="/wiki/OS_X" title="OS X">Mac OS X</a>. Where prior implementations of these looks and feels may have been considered lacking, Swing in Java SE 6 addresses this problem by using more native <a href="/wiki/Graphical_control_element" title="Graphical control element" class="mw-redirect">GUI widget</a> drawing routines of the underlying platforms.</p>
<code><a rel="nofollow" class="external text" href="//docs.oracle.com/javase/8/docs/api/javax/swing/package-summary.html">javax.swing</a></code>
<code><a rel="nofollow" class="external text" href="//docs.oracle.com/javase/8/docs/api/javax/swing/JFrame.html">JFrame</a></code>
<p>The <code><b>Hello</b></code> class <code><b>extends</b></code> the <b><code><a rel="nofollow" class="external text" href="//docs.oracle.com/javase/8/docs/api/javax/swing/JFrame.html">JFrame</a></code></b> class; the <code>JFrame</code> class implements a <a href="/wiki/Window_(computing)" title="Window (computing)">window</a> with a <a href="/wiki/Title_bar" title="Title bar" class="mw-redirect">title bar</a> and a close <a href="/wiki/Graphical_control_element" title="Graphical control element" class="mw-redirect">control</a>.</p>
<p>The <code><b>Hello</b></code> class <code><b>extends</b></code> the <b><code><a rel="nofollow" class="external text" href="//docs.oracle.com/javase/8/docs/api/javax/swing/JFrame.html">JFrame</a></code></b> class; the <code>JFrame</code> class implements a <a href="/wiki/Window_(computing)" title="Window (computing)">window</a> with a <a href="/wiki/Title_bar" title="Title bar" class="mw-redirect">title bar</a> and a close <a href="/wiki/Graphical_control_element" title="Graphical control element" class="mw-redirect">control</a>.</p>
<p>The <code><b>Hello</b></code> class <code><b>extends</b></code> the <b><code><a rel="nofollow" class="external text" href="//docs.oracle.com/javase/8/docs/api/javax/swing/JFrame.html">JFrame</a></code></b> class; the <code>JFrame</code> class implements a <a href="/wiki/Window_(computing)" title="Window (computing)">window</a> with a <a href="/wiki/Title_bar" title="Title bar" class="mw-redirect">title bar</a> and a close <a href="/wiki/Graphical_control_element" title="Graphical control element" class="mw-redirect">control</a>.</p>
<p>The <code><b>Hello()</b></code> <a href="/wiki/Constructor_(object-oriented_programming)" title="Constructor (object-oriented programming)">constructor</a> initializes the frame by first calling the superclass constructor, passing the parameter <code>"hello"</code>, which is used as the window's title. It then calls the <b><code><a rel="nofollow" class="external text" href="//docs.oracle.com/javase/8/docs/api/javax/swing/JFrame.html#setDefaultCloseOperation(int)">setDefaultCloseOperation(int)</a></code></b> method inherited from <code>JFrame</code> to set the default operation when the close control on the title bar is selected to <b><code><a rel="nofollow" class="external text" href="//docs.oracle.com/javase/8/docs/api/javax/swing/WindowConstants.html#EXIT_ON_CLOSE">WindowConstants.EXIT_ON_CLOSE</a></code></b>&nbsp;– this causes the <code>JFrame</code> to be disposed of when the frame is closed (as opposed to merely hidden), which allows the Java virtual machine to exit and the program to terminate. Next, a <b><code><a rel="nofollow" class="external text" href="//docs.oracle.com/javase/8/docs/api/javax/swing/JLabel.html">JLabel</a></code></b> is created for the string <b>"Hello, world!"</b> and the <b><code><a rel="nofollow" class="external text" href="//docs.oracle.com/javase/8/docs/api/java/awt/Container.html#add(java.awt.Component)">add(Component)</a></code></b> method inherited from the <code><a rel="nofollow" class="external text" href="//docs.oracle.com/javase/8/docs/api/java/awt/Container.html">Container</a></code> superclass is called to add the label to the frame. The <b><code><a rel="nofollow" class="external text" href="//docs.oracle.com/javase/8/docs/api/java/awt/Window.html#pack()">pack()</a></code></b> method inherited from the <code><a rel="nofollow" class="external text" href="//docs.oracle.com/javase/8/docs/api/java/awt/Window.html">Window</a></code> superclass is called to size the window and lay out its contents.</p>
<code><a rel="nofollow" class="external text" href="//docs.oracle.com/javase/8/docs/api/javax/swing/JFrame.html#setDefaultCloseOperation(int)">setDefaultCloseOperation(int)</a></code>
<code><a rel="nofollow" class="external text" href="//docs.oracle.com/javase/8/docs/api/javax/swing/WindowConstants.html#EXIT_ON_CLOSE">WindowConstants.EXIT_ON_CLOSE</a></code>
<code><a rel="nofollow" class="external text" href="//docs.oracle.com/javase/8/docs/api/javax/swing/JLabel.html">JLabel</a></code>
<code><a rel="nofollow" class="external text" href="//docs.oracle.com/javase/8/docs/api/java/awt/Container.html#add(java.awt.Component)">add(Component)</a></code>
<code><a rel="nofollow" class="external text" href="//docs.oracle.com/javase/8/docs/api/java/awt/Container.html">Container</a></code>
<code><a rel="nofollow" class="external text" href="//docs.oracle.com/javase/8/docs/api/java/awt/Window.html#pack()">pack()</a></code>
<code><a rel="nofollow" class="external text" href="//docs.oracle.com/javase/8/docs/api/java/awt/Window.html">Window</a></code>
<p>The <code><b>main()</b></code> method is called by the Java virtual machine when the program starts. It <a href="/wiki/Object_(computer_science)" title="Object (computer science)">instantiates</a> a new <b><code>Hello</code></b> frame and causes it to be displayed by calling the <b><code><a rel="nofollow" class="external text" href="//docs.oracle.com/javase/8/docs/api/java/awt/Component.html#setVisible(boolean)">setVisible(boolean)</a></code></b> method inherited from the <code><a rel="nofollow" class="external text" href="//docs.oracle.com/javase/8/docs/api/java/awt/Component.html">Component</a></code> superclass with the boolean parameter <code><b>true</b></code>. Once the frame is displayed, exiting the <code>main</code> method does not cause the program to terminate because the AWT <a href="/wiki/Event_dispatching_thread" title="Event dispatching thread">event dispatching thread</a> remains active until all of the Swing top-level windows have been disposed.</p>
<code><a rel="nofollow" class="external text" href="//docs.oracle.com/javase/8/docs/api/java/awt/Component.html#setVisible(boolean)">setVisible(boolean)</a></code>
<code><a rel="nofollow" class="external text" href="//docs.oracle.com/javase/8/docs/api/java/awt/Component.html">Component</a></code>
<p>The <code><b>main()</b></code> method is called by the Java virtual machine when the program starts. It <a href="/wiki/Object_(computer_science)" title="Object (computer science)">instantiates</a> a new <b><code>Hello</code></b> frame and causes it to be displayed by calling the <b><code><a rel="nofollow" class="external text" href="//docs.oracle.com/javase/8/docs/api/java/awt/Component.html#setVisible(boolean)">setVisible(boolean)</a></code></b> method inherited from the <code><a rel="nofollow" class="external text" href="//docs.oracle.com/javase/8/docs/api/java/awt/Component.html">Component</a></code> superclass with the boolean parameter <code><b>true</b></code>. Once the frame is displayed, exiting the <code>main</code> method does not cause the program to terminate because the AWT <a href="/wiki/Event_dispatching_thread" title="Event dispatching thread">event dispatching thread</a> remains active until all of the Swing top-level windows have been disposed.</p>
<p>In 2004, <a href="/wiki/Generic_programming" title="Generic programming">generics</a> were added to the Java language, as part of J2SE 5.0. Prior to the introduction of generics, each variable declaration had to be of a specific type. For container classes, for example, this is a problem because there is no easy way to create a container that accepts only specific types of objects. Either the container operates on all subtypes of a class or interface, usually <code>Object</code>, or a different container class has to be created for each contained class. Generics allow compile-time type checking without having to create many container classes, each containing almost identical code. In addition to enabling more efficient code, certain runtime exceptions are converted to compile-time errors, a characteristic known as <a href="/wiki/Type_safety" title="Type safety">type safety</a>.</p>
<p>In 2004, <a href="/wiki/Generic_programming" title="Generic programming">generics</a> were added to the Java language, as part of J2SE 5.0. Prior to the introduction of generics, each variable declaration had to be of a specific type. For container classes, for example, this is a problem because there is no easy way to create a container that accepts only specific types of objects. Either the container operates on all subtypes of a class or interface, usually <code>Object</code>, or a different container class has to be created for each contained class. Generics allow compile-time type checking without having to create many container classes, each containing almost identical code. In addition to enabling more efficient code, certain runtime exceptions are converted to compile-time errors, a characteristic known as <a href="/wiki/Type_safety" title="Type safety">type safety</a>.</p>
<sup id="cite_ref-50" class="reference"><a href="#cite_note-50">[50]</a></sup>
<sup id="cite_ref-51" class="reference"><a href="#cite_note-51">[51]</a></sup>
<sup id="cite_ref-52" class="reference"><a href="#cite_note-52">[52]</a></sup>
<sup id="cite_ref-53" class="reference"><a href="#cite_note-53">[53]</a></sup>
<p>Criticisms directed at Java include the implementation of generics,<sup id="cite_ref-50" class="reference"><a href="#cite_note-50">[50]</a></sup> speed,<sup id="cite_ref-51" class="reference"><a href="#cite_note-51">[51]</a></sup> the handling of unsigned numbers,<sup id="cite_ref-52" class="reference"><a href="#cite_note-52">[52]</a></sup> the implementation of floating-point arithmetic,<sup id="cite_ref-53" class="reference"><a href="#cite_note-53">[53]</a></sup> and a history of security vulnerabilities in the primary Java VM implementation <a href="/wiki/HotSpot" title="HotSpot">HotSpot</a>.<sup id="cite_ref-54" class="reference"><a href="#cite_note-54">[54]</a></sup></p>
<sup id="cite_ref-54" class="reference"><a href="#cite_note-54">[54]</a></sup>
<p>The Java programming language requires the presence of a software platform in order for compiled programs to be executed. A well-known unofficial Java-like software platform is the Android software platform, which allows the use of Java 6 and some Java 7 features, uses a different standard library (<a href="/wiki/Apache_Harmony" title="Apache Harmony">Apache Harmony</a> reimplementation), different bytecode language and different virtual machine, and is designed for low-memory devices such as <a href="/wiki/Smartphone" title="Smartphone">smartphones</a> and <a href="/wiki/Tablet_computer" title="Tablet computer">tablet computers</a>.</p>
<p>The Java programming language requires the presence of a software platform in order for compiled programs to be executed. A well-known unofficial Java-like software platform is the Android software platform, which allows the use of Java 6 and some Java 7 features, uses a different standard library (<a href="/wiki/Apache_Harmony" title="Apache Harmony">Apache Harmony</a> reimplementation), different bytecode language and different virtual machine, and is designed for low-memory devices such as <a href="/wiki/Smartphone" title="Smartphone">smartphones</a> and <a href="/wiki/Tablet_computer" title="Tablet computer">tablet computers</a>.</p>
<p>The Java programming language requires the presence of a software platform in order for compiled programs to be executed. A well-known unofficial Java-like software platform is the Android software platform, which allows the use of Java 6 and some Java 7 features, uses a different standard library (<a href="/wiki/Apache_Harmony" title="Apache Harmony">Apache Harmony</a> reimplementation), different bytecode language and different virtual machine, and is designed for low-memory devices such as <a href="/wiki/Smartphone" title="Smartphone">smartphones</a> and <a href="/wiki/Tablet_computer" title="Tablet computer">tablet computers</a>.</p>
<p>The Java language is a key pillar in <a href="/wiki/Android_(operating_system)" title="Android (operating system)">Android</a>, an <a href="/wiki/Open_source" title="Open source" class="mw-redirect">open source</a> <a href="/wiki/Mobile_operating_system" title="Mobile operating system">mobile operating system</a>. Although Android, built on the <a href="/wiki/Linux_kernel" title="Linux kernel">Linux kernel</a>, was written largely in C, the <a href="/wiki/Android_software_development#SDK" title="Android software development">Android SDK</a> uses the Java language as the basis for Android applications. However, Android does not use the standard Java virtual machine, instead using Java bytecode as an intermediate step which is transformed into <a href="/wiki/Dalvik_(software)" title="Dalvik (software)">Dalvik</a> bytecode. Depending on the Android version, this is then either interpreted by the <a href="/wiki/Dalvik_virtual_machine" title="Dalvik virtual machine" class="mw-redirect">Dalvik virtual machine</a>, or compiled into native code by the <a href="/wiki/Android_Runtime" title="Android Runtime">Android Runtime</a>.</p>
<p>The Java language is a key pillar in <a href="/wiki/Android_(operating_system)" title="Android (operating system)">Android</a>, an <a href="/wiki/Open_source" title="Open source" class="mw-redirect">open source</a> <a href="/wiki/Mobile_operating_system" title="Mobile operating system">mobile operating system</a>. Although Android, built on the <a href="/wiki/Linux_kernel" title="Linux kernel">Linux kernel</a>, was written largely in C, the <a href="/wiki/Android_software_development#SDK" title="Android software development">Android SDK</a> uses the Java language as the basis for Android applications. However, Android does not use the standard Java virtual machine, instead using Java bytecode as an intermediate step which is transformed into <a href="/wiki/Dalvik_(software)" title="Dalvik (software)">Dalvik</a> bytecode. Depending on the Android version, this is then either interpreted by the <a href="/wiki/Dalvik_virtual_machine" title="Dalvik virtual machine" class="mw-redirect">Dalvik virtual machine</a>, or compiled into native code by the <a href="/wiki/Android_Runtime" title="Android Runtime">Android Runtime</a>.</p>
<p>The Java language is a key pillar in <a href="/wiki/Android_(operating_system)" title="Android (operating system)">Android</a>, an <a href="/wiki/Open_source" title="Open source" class="mw-redirect">open source</a> <a href="/wiki/Mobile_operating_system" title="Mobile operating system">mobile operating system</a>. Although Android, built on the <a href="/wiki/Linux_kernel" title="Linux kernel">Linux kernel</a>, was written largely in C, the <a href="/wiki/Android_software_development#SDK" title="Android software development">Android SDK</a> uses the Java language as the basis for Android applications. However, Android does not use the standard Java virtual machine, instead using Java bytecode as an intermediate step which is transformed into <a href="/wiki/Dalvik_(software)" title="Dalvik (software)">Dalvik</a> bytecode. Depending on the Android version, this is then either interpreted by the <a href="/wiki/Dalvik_virtual_machine" title="Dalvik virtual machine" class="mw-redirect">Dalvik virtual machine</a>, or compiled into native code by the <a href="/wiki/Android_Runtime" title="Android Runtime">Android Runtime</a>.</p>
<p>The Java language is a key pillar in <a href="/wiki/Android_(operating_system)" title="Android (operating system)">Android</a>, an <a href="/wiki/Open_source" title="Open source" class="mw-redirect">open source</a> <a href="/wiki/Mobile_operating_system" title="Mobile operating system">mobile operating system</a>. Although Android, built on the <a href="/wiki/Linux_kernel" title="Linux kernel">Linux kernel</a>, was written largely in C, the <a href="/wiki/Android_software_development#SDK" title="Android software development">Android SDK</a> uses the Java language as the basis for Android applications. However, Android does not use the standard Java virtual machine, instead using Java bytecode as an intermediate step which is transformed into <a href="/wiki/Dalvik_(software)" title="Dalvik (software)">Dalvik</a> bytecode. Depending on the Android version, this is then either interpreted by the <a href="/wiki/Dalvik_virtual_machine" title="Dalvik virtual machine" class="mw-redirect">Dalvik virtual machine</a>, or compiled into native code by the <a href="/wiki/Android_Runtime" title="Android Runtime">Android Runtime</a>.</p>
<p>The Java language is a key pillar in <a href="/wiki/Android_(operating_system)" title="Android (operating system)">Android</a>, an <a href="/wiki/Open_source" title="Open source" class="mw-redirect">open source</a> <a href="/wiki/Mobile_operating_system" title="Mobile operating system">mobile operating system</a>. Although Android, built on the <a href="/wiki/Linux_kernel" title="Linux kernel">Linux kernel</a>, was written largely in C, the <a href="/wiki/Android_software_development#SDK" title="Android software development">Android SDK</a> uses the Java language as the basis for Android applications. However, Android does not use the standard Java virtual machine, instead using Java bytecode as an intermediate step which is transformed into <a href="/wiki/Dalvik_(software)" title="Dalvik (software)">Dalvik</a> bytecode. Depending on the Android version, this is then either interpreted by the <a href="/wiki/Dalvik_virtual_machine" title="Dalvik virtual machine" class="mw-redirect">Dalvik virtual machine</a>, or compiled into native code by the <a href="/wiki/Android_Runtime" title="Android Runtime">Android Runtime</a>.</p>
<p>The Java language is a key pillar in <a href="/wiki/Android_(operating_system)" title="Android (operating system)">Android</a>, an <a href="/wiki/Open_source" title="Open source" class="mw-redirect">open source</a> <a href="/wiki/Mobile_operating_system" title="Mobile operating system">mobile operating system</a>. Although Android, built on the <a href="/wiki/Linux_kernel" title="Linux kernel">Linux kernel</a>, was written largely in C, the <a href="/wiki/Android_software_development#SDK" title="Android software development">Android SDK</a> uses the Java language as the basis for Android applications. However, Android does not use the standard Java virtual machine, instead using Java bytecode as an intermediate step which is transformed into <a href="/wiki/Dalvik_(software)" title="Dalvik (software)">Dalvik</a> bytecode. Depending on the Android version, this is then either interpreted by the <a href="/wiki/Dalvik_virtual_machine" title="Dalvik virtual machine" class="mw-redirect">Dalvik virtual machine</a>, or compiled into native code by the <a href="/wiki/Android_Runtime" title="Android Runtime">Android Runtime</a>.</p>
<p>The Java language is a key pillar in <a href="/wiki/Android_(operating_system)" title="Android (operating system)">Android</a>, an <a href="/wiki/Open_source" title="Open source" class="mw-redirect">open source</a> <a href="/wiki/Mobile_operating_system" title="Mobile operating system">mobile operating system</a>. Although Android, built on the <a href="/wiki/Linux_kernel" title="Linux kernel">Linux kernel</a>, was written largely in C, the <a href="/wiki/Android_software_development#SDK" title="Android software development">Android SDK</a> uses the Java language as the basis for Android applications. However, Android does not use the standard Java virtual machine, instead using Java bytecode as an intermediate step which is transformed into <a href="/wiki/Dalvik_(software)" title="Dalvik (software)">Dalvik</a> bytecode. Depending on the Android version, this is then either interpreted by the <a href="/wiki/Dalvik_virtual_machine" title="Dalvik virtual machine" class="mw-redirect">Dalvik virtual machine</a>, or compiled into native code by the <a href="/wiki/Android_Runtime" title="Android Runtime">Android Runtime</a>.</p>
<p>The Java language is a key pillar in <a href="/wiki/Android_(operating_system)" title="Android (operating system)">Android</a>, an <a href="/wiki/Open_source" title="Open source" class="mw-redirect">open source</a> <a href="/wiki/Mobile_operating_system" title="Mobile operating system">mobile operating system</a>. Although Android, built on the <a href="/wiki/Linux_kernel" title="Linux kernel">Linux kernel</a>, was written largely in C, the <a href="/wiki/Android_software_development#SDK" title="Android software development">Android SDK</a> uses the Java language as the basis for Android applications. However, Android does not use the standard Java virtual machine, instead using Java bytecode as an intermediate step which is transformed into <a href="/wiki/Dalvik_(software)" title="Dalvik (software)">Dalvik</a> bytecode. Depending on the Android version, this is then either interpreted by the <a href="/wiki/Dalvik_virtual_machine" title="Dalvik virtual machine" class="mw-redirect">Dalvik virtual machine</a>, or compiled into native code by the <a href="/wiki/Android_Runtime" title="Android Runtime">Android Runtime</a>.</p>
<sup id="cite_ref-55" class="reference"><a href="#cite_note-55">[55]</a></sup>
<p>Android also does not provide the full Java SE standard library, although the Android class library does include an independent implementation of a large subset of it. This led to a legal dispute between Oracle and Google. On May 7, 2012, a San Francisco jury found that if APIs could be copyrighted, then Google had infringed Oracle's copyrights by the use of Java in Android devices.<sup id="cite_ref-55" class="reference"><a href="#cite_note-55">[55]</a></sup> District Judge <a href="/wiki/William_Haskell_Alsup" title="William Haskell Alsup">William Haskell Alsup</a> ruled on May 31, 2012, that APIs cannot be copyrighted,<sup id="cite_ref-56" class="reference"><a href="#cite_note-56">[56]</a></sup> but this was reversed by the United States Court of Appeals for the Federal Circuit in May 2014.<sup id="cite_ref-57" class="reference"><a href="#cite_note-57">[57]</a></sup><sup id="cite_ref-cnet_appeals_58-0" class="reference"><a href="#cite_note-cnet_appeals-58">[58]</a></sup><sup id="cite_ref-cafc_13-1021_59-0" class="reference"><a href="#cite_note-cafc_13-1021-59">[59]</a></sup></p>
<sup id="cite_ref-56" class="reference"><a href="#cite_note-56">[56]</a></sup>
<sup id="cite_ref-57" class="reference"><a href="#cite_note-57">[57]</a></sup>
<sup id="cite_ref-cnet_appeals_58-0" class="reference"><a href="#cite_note-cnet_appeals-58">[58]</a></sup>
<sup id="cite_ref-cafc_13-1021_59-0" class="reference"><a href="#cite_note-cafc_13-1021-59">[59]</a></sup>
<p>The <a href="/wiki/Java_Class_Library" title="Java Class Library">Java Class Library</a> is the <a href="/wiki/Standard_library" title="Standard library">standard library</a>, developed to support application development in Java. It is controlled by <a href="/wiki/Sun_Microsystems" title="Sun Microsystems">Sun Microsystems</a> in cooperation with others through the <a href="/wiki/Java_Community_Process" title="Java Community Process">Java Community Process</a> program. Companies or individuals participating in this process can influence the design and development of the APIs. This process has been a subject of controversy.<sup class="noprint Inline-Template" style="white-space:nowrap;">[<i><a href="/wiki/Wikipedia:Manual_of_Style/Dates_and_numbers#Chronological_items" title="Wikipedia:Manual of Style/Dates and numbers"><span title="The time period mentioned near this tag is ambiguous. (December 2014)">when?</span></a></i>]</sup> The class library contains features such as:</p>
<p>The <a href="/wiki/Java_Class_Library" title="Java Class Library">Java Class Library</a> is the <a href="/wiki/Standard_library" title="Standard library">standard library</a>, developed to support application development in Java. It is controlled by <a href="/wiki/Sun_Microsystems" title="Sun Microsystems">Sun Microsystems</a> in cooperation with others through the <a href="/wiki/Java_Community_Process" title="Java Community Process">Java Community Process</a> program. Companies or individuals participating in this process can influence the design and development of the APIs. This process has been a subject of controversy.<sup class="noprint Inline-Template" style="white-space:nowrap;">[<i><a href="/wiki/Wikipedia:Manual_of_Style/Dates_and_numbers#Chronological_items" title="Wikipedia:Manual of Style/Dates and numbers"><span title="The time period mentioned near this tag is ambiguous. (December 2014)">when?</span></a></i>]</sup> The class library contains features such as:</p>
<p>The <a href="/wiki/Java_Class_Library" title="Java Class Library">Java Class Library</a> is the <a href="/wiki/Standard_library" title="Standard library">standard library</a>, developed to support application development in Java. It is controlled by <a href="/wiki/Sun_Microsystems" title="Sun Microsystems">Sun Microsystems</a> in cooperation with others through the <a href="/wiki/Java_Community_Process" title="Java Community Process">Java Community Process</a> program. Companies or individuals participating in this process can influence the design and development of the APIs. This process has been a subject of controversy.<sup class="noprint Inline-Template" style="white-space:nowrap;">[<i><a href="/wiki/Wikipedia:Manual_of_Style/Dates_and_numbers#Chronological_items" title="Wikipedia:Manual of Style/Dates and numbers"><span title="The time period mentioned near this tag is ambiguous. (December 2014)">when?</span></a></i>]</sup> The class library contains features such as:</p>
<p>The <a href="/wiki/Java_Class_Library" title="Java Class Library">Java Class Library</a> is the <a href="/wiki/Standard_library" title="Standard library">standard library</a>, developed to support application development in Java. It is controlled by <a href="/wiki/Sun_Microsystems" title="Sun Microsystems">Sun Microsystems</a> in cooperation with others through the <a href="/wiki/Java_Community_Process" title="Java Community Process">Java Community Process</a> program. Companies or individuals participating in this process can influence the design and development of the APIs. This process has been a subject of controversy.<sup class="noprint Inline-Template" style="white-space:nowrap;">[<i><a href="/wiki/Wikipedia:Manual_of_Style/Dates_and_numbers#Chronological_items" title="Wikipedia:Manual of Style/Dates and numbers"><span title="The time period mentioned near this tag is ambiguous. (December 2014)">when?</span></a></i>]</sup> The class library contains features such as:</p>
<i><a href="/wiki/Wikipedia:Manual_of_Style/Dates_and_numbers#Chronological_items" title="Wikipedia:Manual of Style/Dates and numbers"><span title="The time period mentioned near this tag is ambiguous. (December 2014)">when?</span></a></i>
<p>Javadoc is a comprehensive documentation system, created by <a href="/wiki/Sun_Microsystems" title="Sun Microsystems">Sun Microsystems</a>, used by many Java developers<sup class="noprint Inline-Template" style="white-space:nowrap;">[<i><a href="/wiki/Wikipedia:Manual_of_Style/Words_to_watch#Unsupported_attributions" title="Wikipedia:Manual of Style/Words to watch"><span title="The material near this tag may use weasel words or too-vague attribution. (September 2015)">by whom?</span></a></i>]</sup>. It provides developers with an organized system for documenting their code. Javadoc comments have an extra asterisk at the beginning, i.e. the delimiters are <code>/**</code> and <code>*/</code>, whereas the normal multi-line comments in Java are set off with the delimiters <code>/*</code> and <code>*/</code>.<sup id="cite_ref-javadoc_comments_63-0" class="reference"><a href="#cite_note-javadoc_comments-63">[63]</a></sup></p>
<i><a href="/wiki/Wikipedia:Manual_of_Style/Words_to_watch#Unsupported_attributions" title="Wikipedia:Manual of Style/Words to watch"><span title="The material near this tag may use weasel words or too-vague attribution. (September 2015)">by whom?</span></a></i>
<sup id="cite_ref-javadoc_comments_63-0" class="reference"><a href="#cite_note-javadoc_comments-63">[63]</a></sup>
<p>Sun has defined and supports four editions of Java targeting different application environments and segmented many of its <a href="/wiki/Application_programming_interface" title="Application programming interface">APIs</a> so that they belong to one of the platforms. The platforms are:</p>
<p>The <a href="/wiki/Class_(computer_programming)" title="Class (computer programming)">classes</a> in the Java APIs are organized into separate groups called <a href="/wiki/Java_package" title="Java package">packages</a>. Each package contains a set of related <a href="/wiki/Interface_(Java)" title="Interface (Java)">interfaces</a>, classes and <a href="/wiki/Exception_handling" title="Exception handling">exceptions</a>. Refer to the separate platforms for a description of the packages available.<sup class="noprint Inline-Template" style="white-space:nowrap;">[<i><a href="/wiki/Wikipedia:TOPIC" title="Wikipedia:TOPIC" class="mw-redirect"><span title="The material in the vicinity of this tag may contain the information irrelevant to the section's main topic">relevant to this section?</span></a> <span class="metadata">– <a href="/wiki/Talk:Java_(programming_language)#Relevant" title="Talk:Java (programming language)">discuss</a></span></i>]</sup></p>
<p>The <a href="/wiki/Class_(computer_programming)" title="Class (computer programming)">classes</a> in the Java APIs are organized into separate groups called <a href="/wiki/Java_package" title="Java package">packages</a>. Each package contains a set of related <a href="/wiki/Interface_(Java)" title="Interface (Java)">interfaces</a>, classes and <a href="/wiki/Exception_handling" title="Exception handling">exceptions</a>. Refer to the separate platforms for a description of the packages available.<sup class="noprint Inline-Template" style="white-space:nowrap;">[<i><a href="/wiki/Wikipedia:TOPIC" title="Wikipedia:TOPIC" class="mw-redirect"><span title="The material in the vicinity of this tag may contain the information irrelevant to the section's main topic">relevant to this section?</span></a> <span class="metadata">– <a href="/wiki/Talk:Java_(programming_language)#Relevant" title="Talk:Java (programming language)">discuss</a></span></i>]</sup></p>
<p>The <a href="/wiki/Class_(computer_programming)" title="Class (computer programming)">classes</a> in the Java APIs are organized into separate groups called <a href="/wiki/Java_package" title="Java package">packages</a>. Each package contains a set of related <a href="/wiki/Interface_(Java)" title="Interface (Java)">interfaces</a>, classes and <a href="/wiki/Exception_handling" title="Exception handling">exceptions</a>. Refer to the separate platforms for a description of the packages available.<sup class="noprint Inline-Template" style="white-space:nowrap;">[<i><a href="/wiki/Wikipedia:TOPIC" title="Wikipedia:TOPIC" class="mw-redirect"><span title="The material in the vicinity of this tag may contain the information irrelevant to the section's main topic">relevant to this section?</span></a> <span class="metadata">– <a href="/wiki/Talk:Java_(programming_language)#Relevant" title="Talk:Java (programming language)">discuss</a></span></i>]</sup></p>
<p>The <a href="/wiki/Class_(computer_programming)" title="Class (computer programming)">classes</a> in the Java APIs are organized into separate groups called <a href="/wiki/Java_package" title="Java package">packages</a>. Each package contains a set of related <a href="/wiki/Interface_(Java)" title="Interface (Java)">interfaces</a>, classes and <a href="/wiki/Exception_handling" title="Exception handling">exceptions</a>. Refer to the separate platforms for a description of the packages available.<sup class="noprint Inline-Template" style="white-space:nowrap;">[<i><a href="/wiki/Wikipedia:TOPIC" title="Wikipedia:TOPIC" class="mw-redirect"><span title="The material in the vicinity of this tag may contain the information irrelevant to the section's main topic">relevant to this section?</span></a> <span class="metadata">– <a href="/wiki/Talk:Java_(programming_language)#Relevant" title="Talk:Java (programming language)">discuss</a></span></i>]</sup></p>
<i><a href="/wiki/Wikipedia:TOPIC" title="Wikipedia:TOPIC" class="mw-redirect"><span title="The material in the vicinity of this tag may contain the information irrelevant to the section's main topic">relevant to this section?</span></a> <span class="metadata">– <a href="/wiki/Talk:Java_(programming_language)#Relevant" title="Talk:Java (programming language)">discuss</a></span></i>
<span class="metadata">– <a href="/wiki/Talk:Java_(programming_language)#Relevant" title="Talk:Java (programming language)">discuss</a></span>
<p>Sun also provided an edition called <a href="/wiki/PersonalJava" title="PersonalJava">PersonalJava</a> that has been superseded by later, standards-based Java ME configuration-profile pairings.</p>
1
]]></system-out>
  <system-err><![CDATA[]]></system-err>
</testsuite>
